{"/home/travis/build/npmtest/node-npmtest-random-js/test.js":{"path":"/home/travis/build/npmtest/node-npmtest-random-js/test.js","s":{"1":2,"2":2,"3":2,"4":2,"5":2,"6":2,"7":2,"8":1,"9":2,"10":2,"11":1,"12":1,"13":1,"14":1,"15":2,"16":2,"17":2,"18":2,"19":1,"20":1,"21":2,"22":2,"23":2,"24":1,"25":1,"26":1,"27":1,"28":1,"29":1,"30":1,"31":1,"32":1,"33":1,"34":1,"35":1,"36":1,"37":1,"38":1,"39":2,"40":2,"41":1,"42":2,"43":2,"44":1,"45":2,"46":2,"47":1,"48":2,"49":2,"50":1,"51":1,"52":1,"53":1,"54":1},"b":{"1":[2,1,1,1],"2":[1,1,1,1],"3":[1,1],"4":[1,1],"5":[1,1],"6":[1,1],"7":[1,1],"8":[1,1],"9":[1,1],"10":[1,1,1],"11":[1,1],"12":[1,1],"13":[1,1],"14":[1,1],"15":[1,1],"16":[1,1],"17":[1,1]},"f":{"1":2,"2":2,"3":2,"4":2,"5":2,"6":1,"7":1,"8":1,"9":2,"10":2,"11":2,"12":2,"13":1},"fnMap":{"1":{"name":"(anonymous_1)","line":12,"loc":{"start":{"line":12,"column":1},"end":{"line":12,"column":13}}},"2":{"name":"(anonymous_2)","line":19,"loc":{"start":{"line":19,"column":5},"end":{"line":19,"column":17}}},"3":{"name":"(anonymous_3)","line":23,"loc":{"start":{"line":23,"column":24},"end":{"line":23,"column":36}}},"4":{"name":"(anonymous_4)","line":61,"loc":{"start":{"line":61,"column":5},"end":{"line":61,"column":17}}},"5":{"name":"(anonymous_5)","line":82,"loc":{"start":{"line":82,"column":5},"end":{"line":82,"column":17}}},"6":{"name":"(anonymous_6)","line":91,"loc":{"start":{"line":91,"column":77},"end":{"line":94,"column":10}}},"7":{"name":"(anonymous_7)","line":112,"loc":{"start":{"line":112,"column":83},"end":{"line":115,"column":10}},"skip":true},"8":{"name":"(anonymous_8)","line":123,"loc":{"start":{"line":123,"column":77},"end":{"line":126,"column":10}},"skip":true},"9":{"name":"(anonymous_9)","line":139,"loc":{"start":{"line":139,"column":12},"end":{"line":139,"column":40}},"skip":true},"10":{"name":"(anonymous_10)","line":147,"loc":{"start":{"line":147,"column":77},"end":{"line":150,"column":10}},"skip":true},"11":{"name":"(anonymous_11)","line":158,"loc":{"start":{"line":158,"column":83},"end":{"line":161,"column":10}},"skip":true},"12":{"name":"(anonymous_12)","line":169,"loc":{"start":{"line":169,"column":79},"end":{"line":172,"column":10}},"skip":true},"13":{"name":"(anonymous_13)","line":180,"loc":{"start":{"line":180,"column":75},"end":{"line":183,"column":10}},"skip":true}},"statementMap":{"1":{"start":{"line":12,"column":0},"end":{"line":195,"column":5}},"2":{"start":{"line":14,"column":4},"end":{"line":14,"column":14}},"3":{"start":{"line":19,"column":4},"end":{"line":56,"column":9}},"4":{"start":{"line":21,"column":8},"end":{"line":21,"column":19}},"5":{"start":{"line":23,"column":8},"end":{"line":35,"column":13}},"6":{"start":{"line":24,"column":12},"end":{"line":34,"column":13}},"7":{"start":{"line":25,"column":16},"end":{"line":28,"column":30}},"8":{"start":{"line":30,"column":16},"end":{"line":33,"column":27}},"9":{"start":{"line":37,"column":8},"end":{"line":39,"column":21}},"10":{"start":{"line":40,"column":8},"end":{"line":53,"column":9}},"11":{"start":{"line":43,"column":12},"end":{"line":46,"column":14}},"12":{"start":{"line":47,"column":12},"end":{"line":47,"column":18}},"13":{"start":{"line":50,"column":12},"end":{"line":51,"column":46}},"14":{"start":{"line":52,"column":12},"end":{"line":52,"column":18}},"15":{"start":{"line":55,"column":8},"end":{"line":55,"column":35}},"16":{"start":{"line":61,"column":4},"end":{"line":63,"column":9}},"17":{"start":{"line":62,"column":8},"end":{"line":62,"column":15}},"18":{"start":{"line":64,"column":4},"end":{"line":77,"column":5}},"19":{"start":{"line":70,"column":8},"end":{"line":70,"column":14}},"20":{"start":{"line":76,"column":8},"end":{"line":76,"column":14}},"21":{"start":{"line":82,"column":4},"end":{"line":84,"column":9}},"22":{"start":{"line":83,"column":8},"end":{"line":83,"column":15}},"23":{"start":{"line":85,"column":4},"end":{"line":194,"column":5}},"24":{"start":{"line":91,"column":8},"end":{"line":99,"column":10}},"25":{"start":{"line":98,"column":12},"end":{"line":98,"column":35}},"26":{"start":{"line":102,"column":8},"end":{"line":104,"column":63}},"27":{"start":{"line":105,"column":8},"end":{"line":105,"column":14}},"28":{"start":{"line":112,"column":8},"end":{"line":121,"column":10},"skip":true},"29":{"start":{"line":119,"column":12},"end":{"line":119,"column":55},"skip":true},"30":{"start":{"line":120,"column":12},"end":{"line":120,"column":48},"skip":true},"31":{"start":{"line":123,"column":8},"end":{"line":136,"column":10},"skip":true},"32":{"start":{"line":130,"column":12},"end":{"line":130,"column":76},"skip":true},"33":{"start":{"line":131,"column":12},"end":{"line":131,"column":73},"skip":true},"34":{"start":{"line":132,"column":12},"end":{"line":132,"column":74},"skip":true},"35":{"start":{"line":133,"column":12},"end":{"line":133,"column":79},"skip":true},"36":{"start":{"line":134,"column":12},"end":{"line":134,"column":25},"skip":true},"37":{"start":{"line":135,"column":12},"end":{"line":135,"column":45},"skip":true},"38":{"start":{"line":138,"column":8},"end":{"line":145,"column":14},"skip":true},"39":{"start":{"line":143,"column":16},"end":{"line":143,"column":29},"skip":true},"40":{"start":{"line":144,"column":16},"end":{"line":144,"column":55},"skip":true},"41":{"start":{"line":147,"column":8},"end":{"line":156,"column":10},"skip":true},"42":{"start":{"line":154,"column":12},"end":{"line":154,"column":25},"skip":true},"43":{"start":{"line":155,"column":12},"end":{"line":155,"column":45},"skip":true},"44":{"start":{"line":158,"column":8},"end":{"line":167,"column":10},"skip":true},"45":{"start":{"line":165,"column":12},"end":{"line":165,"column":25},"skip":true},"46":{"start":{"line":166,"column":12},"end":{"line":166,"column":48},"skip":true},"47":{"start":{"line":169,"column":8},"end":{"line":178,"column":10},"skip":true},"48":{"start":{"line":176,"column":12},"end":{"line":176,"column":25},"skip":true},"49":{"start":{"line":177,"column":12},"end":{"line":177,"column":46},"skip":true},"50":{"start":{"line":180,"column":8},"end":{"line":189,"column":10},"skip":true},"51":{"start":{"line":187,"column":12},"end":{"line":187,"column":94},"skip":true},"52":{"start":{"line":188,"column":12},"end":{"line":188,"column":48},"skip":true},"53":{"start":{"line":192,"column":8},"end":{"line":192,"column":35},"skip":true},"54":{"start":{"line":193,"column":8},"end":{"line":193,"column":14},"skip":true}},"branchMap":{"1":{"line":25,"type":"binary-expr","locations":[{"start":{"line":25,"column":23},"end":{"line":25,"column":62}},{"start":{"line":26,"column":20},"end":{"line":26,"column":70}},{"start":{"line":27,"column":20},"end":{"line":27,"column":71}},{"start":{"line":28,"column":20},"end":{"line":28,"column":29}}]},"2":{"line":30,"type":"binary-expr","locations":[{"start":{"line":30,"column":23},"end":{"line":30,"column":37}},{"start":{"line":31,"column":20},"end":{"line":31,"column":61}},{"start":{"line":32,"column":20},"end":{"line":32,"column":70}},{"start":{"line":33,"column":20},"end":{"line":33,"column":26}}]},"3":{"line":37,"type":"cond-expr","locations":[{"start":{"line":38,"column":14},"end":{"line":38,"column":20}},{"start":{"line":39,"column":14},"end":{"line":39,"column":20}}]},"4":{"line":40,"type":"switch","locations":[{"start":{"line":42,"column":8},"end":{"line":47,"column":18}},{"start":{"line":49,"column":8},"end":{"line":52,"column":18}}]},"5":{"line":44,"type":"binary-expr","locations":[{"start":{"line":44,"column":16},"end":{"line":44,"column":44}},{"start":{"line":44,"column":48},"end":{"line":44,"column":66}}]},"6":{"line":50,"type":"binary-expr","locations":[{"start":{"line":50,"column":21},"end":{"line":50,"column":49}},{"start":{"line":50,"column":53},"end":{"line":50,"column":72}}]},"7":{"line":64,"type":"switch","locations":[{"start":{"line":69,"column":4},"end":{"line":70,"column":14}},{"start":{"line":75,"column":4},"end":{"line":76,"column":14}}]},"8":{"line":85,"type":"switch","locations":[{"start":{"line":90,"column":4},"end":{"line":105,"column":14}},{"start":{"line":111,"column":4},"end":{"line":193,"column":14},"skip":true}]},"9":{"line":91,"type":"binary-expr","locations":[{"start":{"line":91,"column":42},"end":{"line":91,"column":73}},{"start":{"line":91,"column":77},"end":{"line":99,"column":9}}]},"10":{"line":102,"type":"binary-expr","locations":[{"start":{"line":102,"column":18},"end":{"line":102,"column":32}},{"start":{"line":103,"column":12},"end":{"line":103,"column":53}},{"start":{"line":104,"column":12},"end":{"line":104,"column":61}}]},"11":{"line":112,"type":"binary-expr","locations":[{"start":{"line":112,"column":45},"end":{"line":112,"column":79},"skip":true},{"start":{"line":112,"column":83},"end":{"line":121,"column":9},"skip":true}]},"12":{"line":123,"type":"binary-expr","locations":[{"start":{"line":123,"column":42},"end":{"line":123,"column":73},"skip":true},{"start":{"line":123,"column":77},"end":{"line":136,"column":9},"skip":true}]},"13":{"line":138,"type":"binary-expr","locations":[{"start":{"line":138,"column":48},"end":{"line":138,"column":85},"skip":true},{"start":{"line":139,"column":12},"end":{"line":145,"column":13},"skip":true}]},"14":{"line":147,"type":"binary-expr","locations":[{"start":{"line":147,"column":42},"end":{"line":147,"column":73},"skip":true},{"start":{"line":147,"column":77},"end":{"line":156,"column":9},"skip":true}]},"15":{"line":158,"type":"binary-expr","locations":[{"start":{"line":158,"column":45},"end":{"line":158,"column":79},"skip":true},{"start":{"line":158,"column":83},"end":{"line":167,"column":9},"skip":true}]},"16":{"line":169,"type":"binary-expr","locations":[{"start":{"line":169,"column":43},"end":{"line":169,"column":75},"skip":true},{"start":{"line":169,"column":79},"end":{"line":178,"column":9},"skip":true}]},"17":{"line":180,"type":"binary-expr","locations":[{"start":{"line":180,"column":41},"end":{"line":180,"column":71},"skip":true},{"start":{"line":180,"column":75},"end":{"line":189,"column":9},"skip":true}]}},"code":["/* istanbul instrument in package npmtest_random_js */","/*jslint","    bitwise: true,","    browser: true,","    maxerr: 8,","    maxlen: 96,","    node: true,","    nomen: true,","    regexp: true,","    stupid: true","*/","(function () {","    'use strict';","    var local;","","","","    // run shared js-env code - pre-init","    (function () {","        // init local","        local = {};","        // init modeJs","        local.modeJs = (function () {","            try {","                return typeof navigator.userAgent === 'string' &&","                    typeof document.querySelector('body') === 'object' &&","                    typeof XMLHttpRequest.prototype.open === 'function' &&","                    'browser';","            } catch (errorCaughtBrowser) {","                return module.exports &&","                    typeof process.versions.node === 'string' &&","                    typeof require('http').createServer === 'function' &&","                    'node';","            }","        }());","        // init global","        local.global = local.modeJs === 'browser'","            ? window","            : global;","        switch (local.modeJs) {","        // re-init local from window.local","        case 'browser':","            local = local.global.utility2.objectSetDefault(","                local.global.utility2_rollup || local.global.local,","                local.global.utility2","            );","            break;","        // re-init local from example.js","        case 'node':","            local = (local.global.utility2_rollup || require('utility2'))","                .requireExampleJsFromReadme();","            break;","        }","        // export local","        local.global.local = local;","    }());","","","","    // run shared js-env code - function","    (function () {","        return;","    }());","    switch (local.modeJs) {","","","","    // run browser js-env code - function","    case 'browser':","        break;","","","","    // run node js-env code - function","    case 'node':","        break;","    }","","","","    // run shared js-env code - post-init","    (function () {","        return;","    }());","    switch (local.modeJs) {","","","","    // run browser js-env code - post-init","    case 'browser':","        local.testCase_browser_nullCase = local.testCase_browser_nullCase || function (","            options,","            onError","        ) {","        /*","         * this function will test browsers's null-case handling-behavior-behavior","         */","            onError(null, options);","        };","","        // run tests","        local.nop(local.modeTest &&","            document.querySelector('#testRunButton1') &&","            document.querySelector('#testRunButton1').click());","        break;","","","","    // run node js-env code - post-init","    /* istanbul ignore next */","    case 'node':","        local.testCase_buildApidoc_default = local.testCase_buildApidoc_default || function (","            options,","            onError","        ) {","        /*","         * this function will test buildApidoc's default handling-behavior-behavior","         */","            options = { modulePathList: module.paths };","            local.buildApidoc(options, onError);","        };","","        local.testCase_buildApp_default = local.testCase_buildApp_default || function (","            options,","            onError","        ) {","        /*","         * this function will test buildApp's default handling-behavior-behavior","         */","            local.testCase_buildReadme_default(options, local.onErrorThrow);","            local.testCase_buildLib_default(options, local.onErrorThrow);","            local.testCase_buildTest_default(options, local.onErrorThrow);","            local.testCase_buildCustomOrg_default(options, local.onErrorThrow);","            options = [];","            local.buildApp(options, onError);","        };","","        local.testCase_buildCustomOrg_default = local.testCase_buildCustomOrg_default ||","            function (options, onError) {","            /*","             * this function will test buildCustomOrg's default handling-behavior","             */","                options = {};","                local.buildCustomOrg(options, onError);","            };","","        local.testCase_buildLib_default = local.testCase_buildLib_default || function (","            options,","            onError","        ) {","        /*","         * this function will test buildLib's default handling-behavior","         */","            options = {};","            local.buildLib(options, onError);","        };","","        local.testCase_buildReadme_default = local.testCase_buildReadme_default || function (","            options,","            onError","        ) {","        /*","         * this function will test buildReadme's default handling-behavior-behavior","         */","            options = {};","            local.buildReadme(options, onError);","        };","","        local.testCase_buildTest_default = local.testCase_buildTest_default || function (","            options,","            onError","        ) {","        /*","         * this function will test buildTest's default handling-behavior","         */","            options = {};","            local.buildTest(options, onError);","        };","","        local.testCase_webpage_default = local.testCase_webpage_default || function (","            options,","            onError","        ) {","        /*","         * this function will test webpage's default handling-behavior","         */","            options = { modeCoverageMerge: true, url: local.serverLocalHost + '?modeTest=1' };","            local.browserTest(options, onError);","        };","","        // run test-server","        local.testRunServer(local);","        break;","    }","}());",""],"l":{"12":2,"14":2,"19":2,"21":2,"23":2,"24":2,"25":2,"30":1,"37":2,"40":2,"43":1,"47":1,"50":1,"52":1,"55":2,"61":2,"62":2,"64":2,"70":1,"76":1,"82":2,"83":2,"85":2,"91":1,"98":1,"102":1,"105":1,"112":1,"119":1,"120":1,"123":1,"130":1,"131":1,"132":1,"133":1,"134":1,"135":1,"138":1,"143":2,"144":2,"147":1,"154":2,"155":2,"158":1,"165":2,"166":2,"169":1,"176":2,"177":2,"180":1,"187":1,"188":1,"192":1,"193":1}},"/home/travis/build/npmtest/node-npmtest-random-js/lib.npmtest_random_js.js":{"path":"/home/travis/build/npmtest/node-npmtest-random-js/lib.npmtest_random_js.js","s":{"1":2,"2":2,"3":2,"4":2,"5":2,"6":2,"7":2,"8":1,"9":2,"10":2,"11":2,"12":2,"13":1,"14":1,"15":1,"16":1},"b":{"1":[2,1,1,1],"2":[1,1,1,1],"3":[1,1],"4":[2,2],"5":[1,1]},"f":{"1":2,"2":2,"3":2},"fnMap":{"1":{"name":"(anonymous_1)","line":12,"loc":{"start":{"line":12,"column":1},"end":{"line":12,"column":13}}},"2":{"name":"(anonymous_2)","line":19,"loc":{"start":{"line":19,"column":5},"end":{"line":19,"column":17}}},"3":{"name":"(anonymous_3)","line":23,"loc":{"start":{"line":23,"column":24},"end":{"line":23,"column":36}}}},"statementMap":{"1":{"start":{"line":12,"column":0},"end":{"line":53,"column":5}},"2":{"start":{"line":14,"column":4},"end":{"line":14,"column":14}},"3":{"start":{"line":19,"column":4},"end":{"line":52,"column":9}},"4":{"start":{"line":21,"column":8},"end":{"line":21,"column":19}},"5":{"start":{"line":23,"column":8},"end":{"line":35,"column":13}},"6":{"start":{"line":24,"column":12},"end":{"line":34,"column":13}},"7":{"start":{"line":25,"column":16},"end":{"line":28,"column":30}},"8":{"start":{"line":30,"column":16},"end":{"line":33,"column":27}},"9":{"start":{"line":37,"column":8},"end":{"line":39,"column":21}},"10":{"start":{"line":41,"column":8},"end":{"line":41,"column":54}},"11":{"start":{"line":43,"column":8},"end":{"line":43,"column":54}},"12":{"start":{"line":45,"column":8},"end":{"line":51,"column":9}},"13":{"start":{"line":46,"column":12},"end":{"line":46,"column":60}},"14":{"start":{"line":48,"column":12},"end":{"line":48,"column":35}},"15":{"start":{"line":49,"column":12},"end":{"line":49,"column":49}},"16":{"start":{"line":50,"column":12},"end":{"line":50,"column":43}}},"branchMap":{"1":{"line":25,"type":"binary-expr","locations":[{"start":{"line":25,"column":23},"end":{"line":25,"column":62}},{"start":{"line":26,"column":20},"end":{"line":26,"column":70}},{"start":{"line":27,"column":20},"end":{"line":27,"column":71}},{"start":{"line":28,"column":20},"end":{"line":28,"column":29}}]},"2":{"line":30,"type":"binary-expr","locations":[{"start":{"line":30,"column":23},"end":{"line":30,"column":37}},{"start":{"line":31,"column":20},"end":{"line":31,"column":61}},{"start":{"line":32,"column":20},"end":{"line":32,"column":70}},{"start":{"line":33,"column":20},"end":{"line":33,"column":26}}]},"3":{"line":37,"type":"cond-expr","locations":[{"start":{"line":38,"column":14},"end":{"line":38,"column":20}},{"start":{"line":39,"column":14},"end":{"line":39,"column":20}}]},"4":{"line":41,"type":"binary-expr","locations":[{"start":{"line":41,"column":16},"end":{"line":41,"column":44}},{"start":{"line":41,"column":48},"end":{"line":41,"column":53}}]},"5":{"line":45,"type":"if","locations":[{"start":{"line":45,"column":8},"end":{"line":45,"column":8}},{"start":{"line":45,"column":8},"end":{"line":45,"column":8}}]}},"code":["/* istanbul instrument in package npmtest_random_js */","/*jslint","    bitwise: true,","    browser: true,","    maxerr: 8,","    maxlen: 96,","    node: true,","    nomen: true,","    regexp: true,","    stupid: true","*/","(function () {","    'use strict';","    var local;","","","","    // run shared js-env code - pre-init","    (function () {","        // init local","        local = {};","        // init modeJs","        local.modeJs = (function () {","            try {","                return typeof navigator.userAgent === 'string' &&","                    typeof document.querySelector('body') === 'object' &&","                    typeof XMLHttpRequest.prototype.open === 'function' &&","                    'browser';","            } catch (errorCaughtBrowser) {","                return module.exports &&","                    typeof process.versions.node === 'string' &&","                    typeof require('http').createServer === 'function' &&","                    'node';","            }","        }());","        // init global","        local.global = local.modeJs === 'browser'","            ? window","            : global;","        // init utility2_rollup","        local = local.global.utility2_rollup || local;","        // init lib","        local.local = local.npmtest_random_js = local;","        // init exports","        if (local.modeJs === 'browser') {","            local.global.utility2_npmtest_random_js = local;","        } else {","            module.exports = local;","            module.exports.__dirname = __dirname;","            module.exports.module = module;","        }","    }());","}());",""],"l":{"12":2,"14":2,"19":2,"21":2,"23":2,"24":2,"25":2,"30":1,"37":2,"41":2,"43":2,"45":2,"46":1,"48":1,"49":1,"50":1}},"/home/travis/build/npmtest/node-npmtest-random-js/example.js":{"path":"/home/travis/build/npmtest/node-npmtest-random-js/example.js","s":{"1":2,"2":2,"3":2,"4":2,"5":2,"6":2,"7":2,"8":1,"9":2,"10":2,"11":2,"12":2,"13":1,"14":2,"15":2,"16":2,"17":2,"18":2,"19":0,"20":2,"21":1,"22":1,"23":1,"24":1,"25":1,"26":0,"27":0,"28":1,"29":1,"30":2,"31":0,"32":0,"33":0,"34":1,"35":2,"36":2,"37":3,"38":3,"39":3,"40":3,"41":0,"42":3,"43":3,"44":3,"45":1,"46":3,"47":1,"48":1,"49":1,"50":1,"51":1,"52":1,"53":1,"54":1,"55":1,"56":1,"57":0,"58":1,"59":6,"60":6,"61":1,"62":2,"63":0,"64":2,"65":1,"66":1,"67":0,"68":0,"69":0,"70":0,"71":0,"72":0,"73":0,"74":0,"75":0,"76":0,"77":0,"78":0,"79":0,"80":0,"81":0,"82":0,"83":0},"b":{"1":[2,1,1,1],"2":[1,1,1,1],"3":[1,1],"4":[2,2],"5":[1,1],"6":[1,1],"7":[2,0],"8":[2,1,1,1,1,1],"9":[0,2,0],"10":[1,1],"11":[2,1,1],"12":[1,0],"13":[0,2],"14":[2,0,0,0,0,0,0],"15":[0,3],"16":[3,0],"17":[1,1],"18":[0,1],"19":[1,2,0,2],"20":[1,0],"21":[1,1],"22":[0,0],"23":[0,0],"24":[0,0],"25":[0,0],"26":[0,0],"27":[0,0],"28":[0,0]},"f":{"1":2,"2":2,"3":2,"4":2,"5":2,"6":2,"7":3,"8":3,"9":3,"10":1,"11":6,"12":0},"fnMap":{"1":{"name":"(anonymous_1)","line":26,"loc":{"start":{"line":26,"column":1},"end":{"line":26,"column":13}}},"2":{"name":"(anonymous_2)","line":33,"loc":{"start":{"line":33,"column":5},"end":{"line":33,"column":17}}},"3":{"name":"(anonymous_3)","line":37,"loc":{"start":{"line":37,"column":24},"end":{"line":37,"column":36}}},"4":{"name":"(anonymous_4)","line":69,"loc":{"start":{"line":69,"column":31},"end":{"line":69,"column":48}},"skip":true},"5":{"name":"(anonymous_5)","line":78,"loc":{"start":{"line":78,"column":26},"end":{"line":78,"column":45}},"skip":true},"6":{"name":"(anonymous_6)","line":123,"loc":{"start":{"line":123,"column":33},"end":{"line":123,"column":48}},"skip":true},"7":{"name":"(anonymous_7)","line":125,"loc":{"start":{"line":125,"column":27},"end":{"line":125,"column":39}},"skip":true},"8":{"name":"(anonymous_8)","line":133,"loc":{"start":{"line":133,"column":59},"end":{"line":133,"column":74}},"skip":true},"9":{"name":"(anonymous_9)","line":143,"loc":{"start":{"line":143,"column":45},"end":{"line":143,"column":62}},"skip":true},"10":{"name":"(anonymous_10)","line":144,"loc":{"start":{"line":144,"column":73},"end":{"line":144,"column":92}},"skip":true},"11":{"name":"(anonymous_11)","line":272,"loc":{"start":{"line":272,"column":51},"end":{"line":272,"column":77}},"skip":true},"12":{"name":"(anonymous_12)","line":315,"loc":{"start":{"line":315,"column":32},"end":{"line":315,"column":61}},"skip":true}},"statementMap":{"1":{"start":{"line":26,"column":0},"end":{"line":326,"column":5}},"2":{"start":{"line":28,"column":4},"end":{"line":28,"column":14}},"3":{"start":{"line":33,"column":4},"end":{"line":60,"column":9}},"4":{"start":{"line":35,"column":8},"end":{"line":35,"column":19}},"5":{"start":{"line":37,"column":8},"end":{"line":49,"column":13}},"6":{"start":{"line":38,"column":12},"end":{"line":48,"column":13}},"7":{"start":{"line":39,"column":16},"end":{"line":42,"column":30}},"8":{"start":{"line":44,"column":16},"end":{"line":47,"column":27}},"9":{"start":{"line":51,"column":8},"end":{"line":53,"column":21}},"10":{"start":{"line":55,"column":8},"end":{"line":57,"column":45}},"11":{"start":{"line":59,"column":8},"end":{"line":59,"column":35}},"12":{"start":{"line":61,"column":4},"end":{"line":325,"column":5}},"13":{"start":{"line":69,"column":8},"end":{"line":121,"column":10},"skip":true},"14":{"start":{"line":70,"column":12},"end":{"line":88,"column":13},"skip":true},"15":{"start":{"line":76,"column":16},"end":{"line":87,"column":19},"skip":true},"16":{"start":{"line":79,"column":20},"end":{"line":86,"column":21},"skip":true},"17":{"start":{"line":82,"column":24},"end":{"line":82,"column":43},"skip":true},"18":{"start":{"line":83,"column":24},"end":{"line":83,"column":30},"skip":true},"19":{"start":{"line":85,"column":24},"end":{"line":85,"column":49},"skip":true},"20":{"start":{"line":89,"column":12},"end":{"line":107,"column":13},"skip":true},"21":{"start":{"line":92,"column":16},"end":{"line":102,"column":17},"skip":true},"22":{"start":{"line":93,"column":20},"end":{"line":93,"column":86},"skip":true},"23":{"start":{"line":94,"column":20},"end":{"line":95,"column":45},"skip":true},"24":{"start":{"line":96,"column":20},"end":{"line":96,"column":42},"skip":true},"25":{"start":{"line":97,"column":20},"end":{"line":97,"column":48},"skip":true},"26":{"start":{"line":100,"column":20},"end":{"line":100,"column":85},"skip":true},"27":{"start":{"line":101,"column":20},"end":{"line":101,"column":96},"skip":true},"28":{"start":{"line":103,"column":16},"end":{"line":103,"column":22},"skip":true},"29":{"start":{"line":106,"column":16},"end":{"line":106,"column":22},"skip":true},"30":{"start":{"line":108,"column":12},"end":{"line":120,"column":13},"skip":true},"31":{"start":{"line":114,"column":16},"end":{"line":119,"column":17},"skip":true},"32":{"start":{"line":116,"column":20},"end":{"line":116,"column":78},"skip":true},"33":{"start":{"line":118,"column":20},"end":{"line":118,"column":47},"skip":true},"34":{"start":{"line":123,"column":8},"end":{"line":141,"column":11},"skip":true},"35":{"start":{"line":124,"column":12},"end":{"line":124,"column":54},"skip":true},"36":{"start":{"line":125,"column":12},"end":{"line":140,"column":14},"skip":true},"37":{"start":{"line":126,"column":16},"end":{"line":126,"column":28},"skip":true},"38":{"start":{"line":127,"column":16},"end":{"line":127,"column":69},"skip":true},"39":{"start":{"line":128,"column":16},"end":{"line":128,"column":75},"skip":true},"40":{"start":{"line":129,"column":16},"end":{"line":131,"column":17},"skip":true},"41":{"start":{"line":130,"column":20},"end":{"line":130,"column":27},"skip":true},"42":{"start":{"line":133,"column":16},"end":{"line":137,"column":36},"skip":true},"43":{"start":{"line":134,"column":20},"end":{"line":136,"column":55},"skip":true},"44":{"start":{"line":139,"column":16},"end":{"line":139,"column":57},"skip":true},"45":{"start":{"line":143,"column":8},"end":{"line":147,"column":11},"skip":true},"46":{"start":{"line":144,"column":12},"end":{"line":146,"column":15},"skip":true},"47":{"start":{"line":145,"column":16},"end":{"line":145,"column":70},"skip":true},"48":{"start":{"line":149,"column":8},"end":{"line":149,"column":31},"skip":true},"49":{"start":{"line":150,"column":8},"end":{"line":150,"column":14},"skip":true},"50":{"start":{"line":158,"column":8},"end":{"line":158,"column":31},"skip":true},"51":{"start":{"line":160,"column":8},"end":{"line":160,"column":33},"skip":true},"52":{"start":{"line":161,"column":8},"end":{"line":161,"column":37},"skip":true},"53":{"start":{"line":162,"column":8},"end":{"line":162,"column":35},"skip":true},"54":{"start":{"line":164,"column":8},"end":{"line":164,"column":50},"skip":true},"55":{"start":{"line":166,"column":8},"end":{"line":256,"column":2},"skip":true},"56":{"start":{"line":258,"column":8},"end":{"line":286,"column":9},"skip":true},"57":{"start":{"line":259,"column":12},"end":{"line":269,"column":14},"skip":true},"58":{"start":{"line":271,"column":12},"end":{"line":285,"column":19},"skip":true},"59":{"start":{"line":274,"column":20},"end":{"line":274,"column":35},"skip":true},"60":{"start":{"line":275,"column":20},"end":{"line":284,"column":21},"skip":true},"61":{"start":{"line":277,"column":24},"end":{"line":277,"column":64},"skip":true},"62":{"start":{"line":279,"column":24},"end":{"line":279,"column":40},"skip":true},"63":{"start":{"line":281,"column":24},"end":{"line":281,"column":40},"skip":true},"64":{"start":{"line":283,"column":24},"end":{"line":283,"column":39},"skip":true},"65":{"start":{"line":288,"column":8},"end":{"line":290,"column":9},"skip":true},"66":{"start":{"line":289,"column":12},"end":{"line":289,"column":18},"skip":true},"67":{"start":{"line":291,"column":8},"end":{"line":293,"column":54},"skip":true},"68":{"start":{"line":296,"column":8},"end":{"line":301,"column":37},"skip":true},"69":{"start":{"line":303,"column":8},"end":{"line":303,"column":82},"skip":true},"70":{"start":{"line":306,"column":8},"end":{"line":308,"column":9},"skip":true},"71":{"start":{"line":307,"column":12},"end":{"line":307,"column":82},"skip":true},"72":{"start":{"line":310,"column":8},"end":{"line":312,"column":9},"skip":true},"73":{"start":{"line":311,"column":12},"end":{"line":311,"column":18},"skip":true},"74":{"start":{"line":313,"column":8},"end":{"line":313,"column":54},"skip":true},"75":{"start":{"line":314,"column":8},"end":{"line":314,"column":69},"skip":true},"76":{"start":{"line":315,"column":8},"end":{"line":323,"column":36},"skip":true},"77":{"start":{"line":316,"column":12},"end":{"line":316,"column":61},"skip":true},"78":{"start":{"line":317,"column":12},"end":{"line":320,"column":13},"skip":true},"79":{"start":{"line":318,"column":16},"end":{"line":318,"column":75},"skip":true},"80":{"start":{"line":319,"column":16},"end":{"line":319,"column":23},"skip":true},"81":{"start":{"line":321,"column":12},"end":{"line":321,"column":38},"skip":true},"82":{"start":{"line":322,"column":12},"end":{"line":322,"column":27},"skip":true},"83":{"start":{"line":324,"column":8},"end":{"line":324,"column":14},"skip":true}},"branchMap":{"1":{"line":39,"type":"binary-expr","locations":[{"start":{"line":39,"column":23},"end":{"line":39,"column":62}},{"start":{"line":40,"column":20},"end":{"line":40,"column":70}},{"start":{"line":41,"column":20},"end":{"line":41,"column":71}},{"start":{"line":42,"column":20},"end":{"line":42,"column":29}}]},"2":{"line":44,"type":"binary-expr","locations":[{"start":{"line":44,"column":23},"end":{"line":44,"column":37}},{"start":{"line":45,"column":20},"end":{"line":45,"column":61}},{"start":{"line":46,"column":20},"end":{"line":46,"column":70}},{"start":{"line":47,"column":20},"end":{"line":47,"column":26}}]},"3":{"line":51,"type":"cond-expr","locations":[{"start":{"line":52,"column":14},"end":{"line":52,"column":20}},{"start":{"line":53,"column":14},"end":{"line":53,"column":20}}]},"4":{"line":55,"type":"binary-expr","locations":[{"start":{"line":55,"column":16},"end":{"line":55,"column":44}},{"start":{"line":55,"column":49},"end":{"line":57,"column":43}}]},"5":{"line":55,"type":"cond-expr","locations":[{"start":{"line":56,"column":14},"end":{"line":56,"column":53}},{"start":{"line":57,"column":14},"end":{"line":57,"column":43}}]},"6":{"line":61,"type":"switch","locations":[{"start":{"line":68,"column":4},"end":{"line":150,"column":14},"skip":true},{"start":{"line":156,"column":4},"end":{"line":324,"column":14},"skip":true}]},"7":{"line":70,"type":"if","locations":[{"start":{"line":70,"column":12},"end":{"line":70,"column":12},"skip":true},{"start":{"line":70,"column":12},"end":{"line":70,"column":12},"skip":true}]},"8":{"line":70,"type":"binary-expr","locations":[{"start":{"line":70,"column":16},"end":{"line":70,"column":22},"skip":true},{"start":{"line":70,"column":27},"end":{"line":70,"column":32},"skip":true},{"start":{"line":71,"column":20},"end":{"line":71,"column":39},"skip":true},{"start":{"line":72,"column":20},"end":{"line":72,"column":49},"skip":true},{"start":{"line":73,"column":20},"end":{"line":73,"column":58},"skip":true},{"start":{"line":74,"column":20},"end":{"line":74,"column":69},"skip":true}]},"9":{"line":79,"type":"switch","locations":[{"start":{"line":80,"column":20},"end":{"line":80,"column":33},"skip":true},{"start":{"line":81,"column":20},"end":{"line":83,"column":30},"skip":true},{"start":{"line":84,"column":20},"end":{"line":85,"column":49},"skip":true}]},"10":{"line":89,"type":"switch","locations":[{"start":{"line":90,"column":12},"end":{"line":103,"column":22},"skip":true},{"start":{"line":105,"column":12},"end":{"line":106,"column":22},"skip":true}]},"11":{"line":89,"type":"binary-expr","locations":[{"start":{"line":89,"column":20},"end":{"line":89,"column":25},"skip":true},{"start":{"line":89,"column":29},"end":{"line":89,"column":48},"skip":true},{"start":{"line":89,"column":52},"end":{"line":89,"column":74},"skip":true}]},"12":{"line":92,"type":"if","locations":[{"start":{"line":92,"column":16},"end":{"line":92,"column":16},"skip":true},{"start":{"line":92,"column":16},"end":{"line":92,"column":16},"skip":true}]},"13":{"line":108,"type":"if","locations":[{"start":{"line":108,"column":12},"end":{"line":108,"column":12},"skip":true},{"start":{"line":108,"column":12},"end":{"line":108,"column":12},"skip":true}]},"14":{"line":108,"type":"binary-expr","locations":[{"start":{"line":108,"column":16},"end":{"line":108,"column":61},"skip":true},{"start":{"line":108,"column":66},"end":{"line":108,"column":72},"skip":true},{"start":{"line":108,"column":77},"end":{"line":108,"column":82},"skip":true},{"start":{"line":109,"column":20},"end":{"line":109,"column":39},"skip":true},{"start":{"line":110,"column":20},"end":{"line":110,"column":49},"skip":true},{"start":{"line":111,"column":20},"end":{"line":111,"column":58},"skip":true},{"start":{"line":112,"column":20},"end":{"line":112,"column":68},"skip":true}]},"15":{"line":129,"type":"if","locations":[{"start":{"line":129,"column":16},"end":{"line":129,"column":16},"skip":true},{"start":{"line":129,"column":16},"end":{"line":129,"column":16},"skip":true}]},"16":{"line":134,"type":"cond-expr","locations":[{"start":{"line":135,"column":26},"end":{"line":135,"column":29},"skip":true},{"start":{"line":136,"column":26},"end":{"line":136,"column":54},"skip":true}]},"17":{"line":164,"type":"binary-expr","locations":[{"start":{"line":164,"column":27},"end":{"line":164,"column":43},"skip":true},{"start":{"line":164,"column":47},"end":{"line":164,"column":49},"skip":true}]},"18":{"line":258,"type":"if","locations":[{"start":{"line":258,"column":8},"end":{"line":258,"column":8},"skip":true},{"start":{"line":258,"column":8},"end":{"line":258,"column":8},"skip":true}]},"19":{"line":275,"type":"switch","locations":[{"start":{"line":276,"column":20},"end":{"line":277,"column":64},"skip":true},{"start":{"line":278,"column":20},"end":{"line":279,"column":40},"skip":true},{"start":{"line":280,"column":20},"end":{"line":281,"column":40},"skip":true},{"start":{"line":282,"column":20},"end":{"line":283,"column":39},"skip":true}]},"20":{"line":288,"type":"if","locations":[{"start":{"line":288,"column":8},"end":{"line":288,"column":8},"skip":true},{"start":{"line":288,"column":8},"end":{"line":288,"column":8},"skip":true}]},"21":{"line":288,"type":"binary-expr","locations":[{"start":{"line":288,"column":12},"end":{"line":288,"column":40},"skip":true},{"start":{"line":288,"column":44},"end":{"line":288,"column":67},"skip":true}]},"22":{"line":292,"type":"binary-expr","locations":[{"start":{"line":292,"column":12},"end":{"line":292,"column":50},"skip":true},{"start":{"line":293,"column":12},"end":{"line":293,"column":53},"skip":true}]},"23":{"line":297,"type":"binary-expr","locations":[{"start":{"line":297,"column":12},"end":{"line":297,"column":67},"skip":true},{"start":{"line":298,"column":12},"end":{"line":301,"column":36},"skip":true}]},"24":{"line":303,"type":"binary-expr","locations":[{"start":{"line":303,"column":43},"end":{"line":303,"column":75},"skip":true},{"start":{"line":303,"column":79},"end":{"line":303,"column":81},"skip":true}]},"25":{"line":306,"type":"if","locations":[{"start":{"line":306,"column":8},"end":{"line":306,"column":8},"skip":true},{"start":{"line":306,"column":8},"end":{"line":306,"column":8},"skip":true}]},"26":{"line":310,"type":"if","locations":[{"start":{"line":310,"column":8},"end":{"line":310,"column":8},"skip":true},{"start":{"line":310,"column":8},"end":{"line":310,"column":8},"skip":true}]},"27":{"line":313,"type":"binary-expr","locations":[{"start":{"line":313,"column":27},"end":{"line":313,"column":43},"skip":true},{"start":{"line":313,"column":47},"end":{"line":313,"column":53},"skip":true}]},"28":{"line":317,"type":"if","locations":[{"start":{"line":317,"column":12},"end":{"line":317,"column":12},"skip":true},{"start":{"line":317,"column":12},"end":{"line":317,"column":12},"skip":true}]}},"code":["/*","example.js","","quickstart example","","instruction","    1. save this script as example.js","    2. run the shell command:","        $ npm install npmtest-random-js && PORT=8081 node example.js","    3. play with the browser-demo on http://127.0.0.1:8081","*/","","","","/* istanbul instrument in package npmtest_random_js */","/*jslint","    bitwise: true,","    browser: true,","    maxerr: 8,","    maxlen: 96,","    node: true,","    nomen: true,","    regexp: true,","    stupid: true","*/","(function () {","    'use strict';","    var local;","","","","    // run shared js-env code - pre-init","    (function () {","        // init local","        local = {};","        // init modeJs","        local.modeJs = (function () {","            try {","                return typeof navigator.userAgent === 'string' &&","                    typeof document.querySelector('body') === 'object' &&","                    typeof XMLHttpRequest.prototype.open === 'function' &&","                    'browser';","            } catch (errorCaughtBrowser) {","                return module.exports &&","                    typeof process.versions.node === 'string' &&","                    typeof require('http').createServer === 'function' &&","                    'node';","            }","        }());","        // init global","        local.global = local.modeJs === 'browser'","            ? window","            : global;","        // init utility2_rollup","        local = local.global.utility2_rollup || (local.modeJs === 'browser'","            ? local.global.utility2_npmtest_random_js","            : global.utility2_moduleExports);","        // export local","        local.global.local = local;","    }());","    switch (local.modeJs) {","","","","    // post-init","    // run browser js-env code - post-init","    /* istanbul ignore next */","    case 'browser':","        local.testRunBrowser = function (event) {","            if (!event || (event &&","                    event.currentTarget &&","                    event.currentTarget.className &&","                    event.currentTarget.className.includes &&","                    event.currentTarget.className.includes('onreset'))) {","                // reset output","                Array.from(","                    document.querySelectorAll('body > .resettable')","                ).forEach(function (element) {","                    switch (element.tagName) {","                    case 'INPUT':","                    case 'TEXTAREA':","                        element.value = '';","                        break;","                    default:","                        element.textContent = '';","                    }","                });","            }","            switch (event && event.currentTarget && event.currentTarget.id) {","            case 'testRunButton1':","                // show tests","                if (document.querySelector('#testReportDiv1').style.display === 'none') {","                    document.querySelector('#testReportDiv1').style.display = 'block';","                    document.querySelector('#testRunButton1').textContent =","                        'hide internal test';","                    local.modeTest = true;","                    local.testRunDefault(local);","                // hide tests","                } else {","                    document.querySelector('#testReportDiv1').style.display = 'none';","                    document.querySelector('#testRunButton1').textContent = 'run internal test';","                }","                break;","            // custom-case","            default:","                break;","            }","            if (document.querySelector('#inputTextareaEval1') && (!event || (event &&","                    event.currentTarget &&","                    event.currentTarget.className &&","                    event.currentTarget.className.includes &&","                    event.currentTarget.className.includes('oneval')))) {","                // try to eval input-code","                try {","                    /*jslint evil: true*/","                    eval(document.querySelector('#inputTextareaEval1').value);","                } catch (errorCaught) {","                    console.error(errorCaught);","                }","            }","        };","        // log stderr and stdout to #outputTextareaStdout1","        ['error', 'log'].forEach(function (key) {","            console[key + '_original'] = console[key];","            console[key] = function () {","                var element;","                console[key + '_original'].apply(console, arguments);","                element = document.querySelector('#outputTextareaStdout1');","                if (!element) {","                    return;","                }","                // append text to #outputTextareaStdout1","                element.value += Array.from(arguments).map(function (arg) {","                    return typeof arg === 'string'","                        ? arg","                        : JSON.stringify(arg, null, 4);","                }).join(' ') + '\\n';","                // scroll textarea to bottom","                element.scrollTop = element.scrollHeight;","            };","        });","        // init event-handling","        ['change', 'click', 'keyup'].forEach(function (event) {","            Array.from(document.querySelectorAll('.on' + event)).forEach(function (element) {","                element.addEventListener(event, local.testRunBrowser);","            });","        });","        // run tests","        local.testRunBrowser();","        break;","","","","    // run node js-env code - post-init","    /* istanbul ignore next */","    case 'node':","        // export local","        module.exports = local;","        // require modules","        local.fs = require('fs');","        local.http = require('http');","        local.url = require('url');","        // init assets","        local.assetsDict = local.assetsDict || {};","        /* jslint-ignore-begin */","        local.assetsDict['/assets.index.template.html'] = '\\","<!doctype html>\\n\\","<html lang=\"en\">\\n\\","<head>\\n\\","<meta charset=\"UTF-8\">\\n\\","<meta name=\"viewport\" content=\"width=device-width, initial-scale=1\">\\n\\","<title>{{env.npm_package_name}} (v{{env.npm_package_version}})</title>\\n\\","<style>\\n\\","/*csslint\\n\\","    box-sizing: false,\\n\\","    universal-selector: false\\n\\","*/\\n\\","* {\\n\\","    box-sizing: border-box;\\n\\","}\\n\\","body {\\n\\","    background: #dde;\\n\\","    font-family: Arial, Helvetica, sans-serif;\\n\\","    margin: 2rem;\\n\\","}\\n\\","body > * {\\n\\","    margin-bottom: 1rem;\\n\\","}\\n\\",".utility2FooterDiv {\\n\\","    margin-top: 20px;\\n\\","    text-align: center;\\n\\","}\\n\\","</style>\\n\\","<style>\\n\\","/*csslint\\n\\","*/\\n\\","textarea {\\n\\","    font-family: monospace;\\n\\","    height: 10rem;\\n\\","    width: 100%;\\n\\","}\\n\\","textarea[readonly] {\\n\\","    background: #ddd;\\n\\","}\\n\\","</style>\\n\\","</head>\\n\\","<body>\\n\\","<!-- utility2-comment\\n\\","<div id=\"ajaxProgressDiv1\" style=\"background: #d00; height: 2px; left: 0; margin: 0; padding: 0; position: fixed; top: 0; transition: background 0.5s, width 1.5s; width: 25%;\"></div>\\n\\","utility2-comment -->\\n\\","<h1>\\n\\","<!-- utility2-comment\\n\\","    <a\\n\\","        {{#if env.npm_package_homepage}}\\n\\","        href=\"{{env.npm_package_homepage}}\"\\n\\","        {{/if env.npm_package_homepage}}\\n\\","        target=\"_blank\"\\n\\","    >\\n\\","utility2-comment -->\\n\\","        {{env.npm_package_name}} (v{{env.npm_package_version}})\\n\\","<!-- utility2-comment\\n\\","    </a>\\n\\","utility2-comment -->\\n\\","</h1>\\n\\","<h3>{{env.npm_package_description}}</h3>\\n\\","<!-- utility2-comment\\n\\","<h4><a download href=\"assets.app.js\">download standalone app</a></h4>\\n\\","<button class=\"onclick onreset\" id=\"testRunButton1\">run internal test</button><br>\\n\\","<div id=\"testReportDiv1\" style=\"display: none;\"></div>\\n\\","utility2-comment -->\\n\\","\\n\\","\\n\\","\\n\\","<label>stderr and stdout</label>\\n\\","<textarea class=\"resettable\" id=\"outputTextareaStdout1\" readonly></textarea>\\n\\","<!-- utility2-comment\\n\\","{{#if isRollup}}\\n\\","<script src=\"assets.app.js\"></script>\\n\\","{{#unless isRollup}}\\n\\","utility2-comment -->\\n\\","<script src=\"assets.utility2.rollup.js\"></script>\\n\\","<script src=\"jsonp.utility2._stateInit?callback=window.utility2._stateInit\"></script>\\n\\","<script src=\"assets.npmtest_random_js.rollup.js\"></script>\\n\\","<script src=\"assets.example.js\"></script>\\n\\","<script src=\"assets.test.js\"></script>\\n\\","<!-- utility2-comment\\n\\","{{/if isRollup}}\\n\\","utility2-comment -->\\n\\","<div class=\"utility2FooterDiv\">\\n\\","    [ this app was created with\\n\\","    <a href=\"https://github.com/kaizhu256/node-utility2\" target=\"_blank\">utility2</a>\\n\\","    ]\\n\\","</div>\\n\\","</body>\\n\\","</html>\\n\\","';","        /* jslint-ignore-end */","        if (local.templateRender) {","            local.assetsDict['/'] = local.templateRender(","                local.assetsDict['/assets.index.template.html'],","                {","                    env: local.objectSetDefault(local.env, {","                        npm_package_description: 'the greatest app in the world!',","                        npm_package_name: 'my-app',","                        npm_package_nameAlias: 'my_app',","                        npm_package_version: '0.0.1'","                    })","                }","            );","        } else {","            local.assetsDict['/'] = local.assetsDict['/assets.index.template.html']","                .replace((/\\{\\{env\\.(\\w+?)\\}\\}/g), function (match0, match1) {","                    // jslint-hack","                    String(match0);","                    switch (match1) {","                    case 'npm_package_description':","                        return 'the greatest app in the world!';","                    case 'npm_package_name':","                        return 'my-app';","                    case 'npm_package_nameAlias':","                        return 'my_app';","                    case 'npm_package_version':","                        return '0.0.1';","                    }","                });","        }","        // run the cli","        if (local.global.utility2_rollup || module !== require.main) {","            break;","        }","        local.assetsDict['/assets.example.js'] =","            local.assetsDict['/assets.example.js'] ||","            local.fs.readFileSync(__filename, 'utf8');","        // bug-workaround - long $npm_package_buildCustomOrg","        /* jslint-ignore-begin */","        local.assetsDict['/assets.npmtest_random_js.rollup.js'] =","            local.assetsDict['/assets.npmtest_random_js.rollup.js'] ||","            local.fs.readFileSync(","                local.npmtest_random_js.__dirname + '/lib.npmtest_random_js.js',","                'utf8'","            ).replace((/^#!/), '//');","        /* jslint-ignore-end */","        local.assetsDict['/favicon.ico'] = local.assetsDict['/favicon.ico'] || '';","        // if $npm_config_timeout_exit exists,","        // then exit this process after $npm_config_timeout_exit ms","        if (Number(process.env.npm_config_timeout_exit)) {","            setTimeout(process.exit, Number(process.env.npm_config_timeout_exit));","        }","        // start server","        if (local.global.utility2_serverHttp1) {","            break;","        }","        process.env.PORT = process.env.PORT || '8081';","        console.error('server starting on port ' + process.env.PORT);","        local.http.createServer(function (request, response) {","            request.urlParsed = local.url.parse(request.url);","            if (local.assetsDict[request.urlParsed.pathname] !== undefined) {","                response.end(local.assetsDict[request.urlParsed.pathname]);","                return;","            }","            response.statusCode = 404;","            response.end();","        }).listen(process.env.PORT);","        break;","    }","}());",""],"l":{"26":2,"28":2,"33":2,"35":2,"37":2,"38":2,"39":2,"44":1,"51":2,"55":2,"59":2,"61":2,"69":1,"70":2,"76":2,"79":2,"82":2,"83":2,"85":1,"89":2,"92":1,"93":1,"94":1,"96":1,"97":1,"100":1,"101":1,"103":1,"106":1,"108":2,"114":1,"116":1,"118":1,"123":1,"124":2,"125":2,"126":3,"127":3,"128":3,"129":3,"130":1,"133":3,"134":3,"139":3,"143":1,"144":3,"145":1,"149":1,"150":1,"158":1,"160":1,"161":1,"162":1,"164":1,"166":1,"258":1,"259":1,"271":1,"274":6,"275":6,"277":1,"279":2,"281":1,"283":2,"288":1,"289":1,"291":1,"296":1,"303":1,"306":1,"307":1,"310":1,"311":1,"313":1,"314":1,"315":1,"316":1,"317":1,"318":1,"319":1,"321":1,"322":1,"324":1}},"/home/travis/build/npmtest/node-npmtest-random-js/node_modules/random-js/lib/random.js":{"path":"/home/travis/build/npmtest/node-npmtest-random-js/node_modules/random-js/lib/random.js","s":{"1":1,"2":1,"3":1,"4":0,"5":0,"6":0,"7":0,"8":0,"9":1,"10":0,"11":0,"12":0,"13":0,"14":0,"15":0,"16":0,"17":0,"18":1,"19":0,"20":0,"21":0,"22":0,"23":0,"24":0,"25":0,"26":1,"27":1,"28":0,"29":1,"30":0,"31":0,"32":0,"33":0,"34":0,"35":0,"36":0,"37":0,"38":0,"39":0,"40":1,"41":0,"42":0,"43":0,"44":0,"45":1,"46":0,"47":0,"48":0,"49":0,"50":0,"51":0,"52":0,"53":0,"54":0,"55":0,"56":0,"57":0,"58":0,"59":0,"60":0,"61":0,"62":0,"63":0,"64":0,"65":0,"66":0,"67":1,"68":0,"69":0,"70":0,"71":1,"72":0,"73":0,"74":0,"75":0,"76":0,"77":0,"78":0,"79":0,"80":0,"81":0,"82":0,"83":0,"84":0,"85":0,"86":0,"87":0,"88":0,"89":0,"90":0,"91":0,"92":0,"93":0,"94":0,"95":0,"96":0,"97":0,"98":0,"99":0,"100":0,"101":0,"102":0,"103":0,"104":0,"105":0,"106":0,"107":1,"108":0,"109":0,"110":0,"111":0,"112":0,"113":0,"114":0,"115":0,"116":0,"117":1,"118":0,"119":0,"120":0,"121":0,"122":0,"123":0,"124":1,"125":0,"126":0,"127":1,"128":0,"129":1,"130":0,"131":1,"132":0,"133":1,"134":0,"135":1,"136":0,"137":0,"138":0,"139":1,"140":0,"141":1,"142":0,"143":0,"144":0,"145":0,"146":0,"147":0,"148":0,"149":1,"150":0,"151":1,"152":0,"153":0,"154":0,"155":1,"156":0,"157":1,"158":0,"159":0,"160":0,"161":0,"162":0,"163":0,"164":0,"165":1,"166":0,"167":1,"168":2,"169":2,"170":0,"171":0,"172":1,"173":1,"174":2,"175":1,"176":2,"177":0,"178":1,"179":0,"180":0,"181":0,"182":0,"183":0,"184":0,"185":0,"186":1,"187":2,"188":2,"189":0,"190":1,"191":0,"192":1,"193":0,"194":0,"195":0,"196":0,"197":1,"198":0,"199":0,"200":0,"201":0,"202":0,"203":0,"204":0,"205":0,"206":1,"207":0,"208":0,"209":0,"210":0,"211":0,"212":0,"213":1,"214":0,"215":0,"216":0,"217":0,"218":0,"219":0,"220":0,"221":1,"222":2,"223":2,"224":2,"225":0,"226":2,"227":0,"228":2,"229":2,"230":0,"231":2,"232":0,"233":0,"234":0,"235":2,"236":2,"237":0,"238":0,"239":0,"240":0,"241":0,"242":0,"243":0,"244":0,"245":0,"246":0,"247":0,"248":0,"249":0,"250":0,"251":0,"252":1,"253":0,"254":1,"255":0,"256":1,"257":0,"258":1,"259":0,"260":1,"261":0,"262":1,"263":1,"264":0,"265":0,"266":0,"267":0,"268":0,"269":0,"270":0,"271":1,"272":0,"273":0,"274":0,"275":0,"276":0,"277":1,"278":0,"279":1,"280":1,"281":0,"282":1,"283":0,"284":0,"285":1,"286":0,"287":0,"288":0,"289":0,"290":0,"291":0,"292":0,"293":0,"294":1,"295":0,"296":0,"297":0,"298":0,"299":0,"300":0,"301":0,"302":0,"303":0,"304":1,"305":0,"306":1,"307":0,"308":0,"309":0,"310":0,"311":1,"312":0,"313":0,"314":0,"315":1,"316":0,"317":0,"318":0,"319":0,"320":0,"321":0,"322":0,"323":1,"324":0,"325":1,"326":0,"327":1,"328":1,"329":0,"330":0,"331":0,"332":0,"333":0,"334":0,"335":1,"336":0,"337":0,"338":0,"339":0,"340":0,"341":0,"342":0,"343":0,"344":0,"345":0,"346":0,"347":0,"348":1,"349":0,"350":1,"351":0,"352":0,"353":0,"354":0,"355":0,"356":0,"357":0,"358":0,"359":0,"360":0,"361":1,"362":0,"363":1,"364":0,"365":1,"366":0,"367":1,"368":0,"369":0,"370":0,"371":0,"372":0,"373":0,"374":0,"375":1,"376":0,"377":1,"378":1,"379":0,"380":1,"381":0,"382":0,"383":0,"384":0,"385":0,"386":1,"387":0,"388":1,"389":1,"390":1,"391":2,"392":0,"393":2,"394":2,"395":0,"396":2,"397":2,"398":0,"399":0,"400":0,"401":0,"402":0,"403":1,"404":0,"405":1,"406":1,"407":1,"408":1,"409":1,"410":0,"411":0,"412":0,"413":1,"414":0,"415":1,"416":0,"417":0,"418":0,"419":0,"420":0,"421":0,"422":0,"423":1,"424":0,"425":1,"426":0,"427":0,"428":1,"429":1,"430":0,"431":0,"432":0,"433":0,"434":0,"435":0},"b":{"1":[0,1],"2":[1,1],"3":[1,0],"4":[1,1],"5":[0,0],"6":[0,0],"7":[0,0],"8":[0,0],"9":[0,0],"10":[0,0],"11":[0,0],"12":[0,0],"13":[0,0],"14":[0,0],"15":[0,0],"16":[0,0],"17":[1,0],"18":[0,1],"19":[1,1,0],"20":[0,0],"21":[0,0],"22":[0,0],"23":[0,0],"24":[0,0],"25":[0,0],"26":[0,0],"27":[0,0],"28":[0,0],"29":[0,0],"30":[2,0],"31":[2,0],"32":[0,0],"33":[0,0],"34":[0,0],"35":[0,0],"36":[0,2],"37":[2,2],"38":[0,2],"39":[2,2],"40":[0,2],"41":[2,2],"42":[0,2],"43":[0,0],"44":[2,0],"45":[0,0],"46":[0,0],"47":[0,0],"48":[0,0],"49":[0,0],"50":[0,0],"51":[0,0],"52":[0,0],"53":[0,0],"54":[0,0],"55":[0,0],"56":[0,0],"57":[0,0],"58":[0,0],"59":[0,0],"60":[0,0],"61":[0,0],"62":[0,0],"63":[0,0],"64":[0,0],"65":[0,0],"66":[0,0],"67":[0,0],"68":[0,0],"69":[0,0],"70":[0,0],"71":[0,0],"72":[0,0],"73":[0,0],"74":[0,0],"75":[0,0],"76":[0,0],"77":[0,0,0],"78":[0,0],"79":[0,0],"80":[0,2],"81":[0,2],"82":[0,0],"83":[0,0],"84":[0,0],"85":[0,1],"86":[1,0],"87":[1,0],"88":[1,1]},"f":{"1":1,"2":0,"3":0,"4":0,"5":0,"6":0,"7":1,"8":0,"9":0,"10":0,"11":0,"12":0,"13":0,"14":0,"15":0,"16":0,"17":0,"18":0,"19":0,"20":0,"21":0,"22":0,"23":0,"24":0,"25":0,"26":0,"27":0,"28":0,"29":0,"30":0,"31":0,"32":0,"33":0,"34":0,"35":2,"36":0,"37":1,"38":2,"39":2,"40":0,"41":0,"42":0,"43":2,"44":0,"45":0,"46":0,"47":0,"48":0,"49":0,"50":0,"51":0,"52":2,"53":0,"54":0,"55":0,"56":0,"57":0,"58":1,"59":0,"60":0,"61":0,"62":0,"63":0,"64":1,"65":0,"66":0,"67":0,"68":0,"69":0,"70":0,"71":0,"72":0,"73":0,"74":0,"75":0,"76":0,"77":0,"78":0,"79":0,"80":0,"81":0,"82":0,"83":0,"84":0,"85":0,"86":0,"87":1,"88":0,"89":0,"90":0,"91":1,"92":2,"93":0,"94":0,"95":1,"96":0,"97":0,"98":0,"99":0,"100":0,"101":0,"102":0,"103":0},"fnMap":{"1":{"name":"(anonymous_1)","line":2,"loc":{"start":{"line":2,"column":1},"end":{"line":2,"column":17}}},"2":{"name":"(anonymous_2)","line":8,"loc":{"start":{"line":8,"column":4},"end":{"line":8,"column":20}}},"3":{"name":"(anonymous_3)","line":20,"loc":{"start":{"line":20,"column":4},"end":{"line":20,"column":20}}},"4":{"name":"(anonymous_4)","line":22,"loc":{"start":{"line":22,"column":8},"end":{"line":22,"column":34}}},"5":{"name":"Random","line":34,"loc":{"start":{"line":34,"column":2},"end":{"line":34,"column":26}}},"6":{"name":"(anonymous_6)","line":49,"loc":{"start":{"line":49,"column":16},"end":{"line":49,"column":28}}},"7":{"name":"(anonymous_7)","line":52,"loc":{"start":{"line":52,"column":14},"end":{"line":52,"column":36}}},"8":{"name":"refreshData","line":54,"loc":{"start":{"line":54,"column":6},"end":{"line":54,"column":33}}},"9":{"name":"temper","line":73,"loc":{"start":{"line":73,"column":6},"end":{"line":73,"column":29}}},"10":{"name":"seedWithArray","line":80,"loc":{"start":{"line":80,"column":6},"end":{"line":80,"column":43}}},"11":{"name":"mt19937","line":111,"loc":{"start":{"line":111,"column":6},"end":{"line":111,"column":25}}},"12":{"name":"next","line":116,"loc":{"start":{"line":116,"column":8},"end":{"line":116,"column":24}}},"13":{"name":"(anonymous_13)","line":127,"loc":{"start":{"line":127,"column":27},"end":{"line":127,"column":38}}},"14":{"name":"(anonymous_14)","line":130,"loc":{"start":{"line":130,"column":23},"end":{"line":130,"column":40}}},"15":{"name":"(anonymous_15)","line":144,"loc":{"start":{"line":144,"column":20},"end":{"line":144,"column":39}}},"16":{"name":"(anonymous_16)","line":155,"loc":{"start":{"line":155,"column":29},"end":{"line":155,"column":47}}},"17":{"name":"(anonymous_17)","line":160,"loc":{"start":{"line":160,"column":24},"end":{"line":160,"column":36}}},"18":{"name":"(anonymous_18)","line":168,"loc":{"start":{"line":168,"column":138},"end":{"line":168,"column":150}}},"19":{"name":"(anonymous_19)","line":172,"loc":{"start":{"line":172,"column":13},"end":{"line":172,"column":25}}},"20":{"name":"(anonymous_20)","line":186,"loc":{"start":{"line":186,"column":32},"end":{"line":186,"column":44}}},"21":{"name":"returnValue","line":196,"loc":{"start":{"line":196,"column":2},"end":{"line":196,"column":30}}},"22":{"name":"(anonymous_22)","line":197,"loc":{"start":{"line":197,"column":11},"end":{"line":197,"column":23}}},"23":{"name":"(anonymous_23)","line":203,"loc":{"start":{"line":203,"column":17},"end":{"line":203,"column":35}}},"24":{"name":"(anonymous_24)","line":206,"loc":{"start":{"line":206,"column":16},"end":{"line":206,"column":28}}},"25":{"name":"(anonymous_25)","line":211,"loc":{"start":{"line":211,"column":18},"end":{"line":211,"column":36}}},"26":{"name":"(anonymous_26)","line":214,"loc":{"start":{"line":214,"column":17},"end":{"line":214,"column":29}}},"27":{"name":"(anonymous_27)","line":219,"loc":{"start":{"line":219,"column":18},"end":{"line":219,"column":36}}},"28":{"name":"(anonymous_28)","line":224,"loc":{"start":{"line":224,"column":17},"end":{"line":224,"column":29}}},"29":{"name":"(anonymous_29)","line":229,"loc":{"start":{"line":229,"column":22},"end":{"line":229,"column":40}}},"30":{"name":"(anonymous_30)","line":242,"loc":{"start":{"line":242,"column":21},"end":{"line":242,"column":33}}},"31":{"name":"(anonymous_31)","line":247,"loc":{"start":{"line":247,"column":17},"end":{"line":247,"column":35}}},"32":{"name":"(anonymous_32)","line":252,"loc":{"start":{"line":252,"column":16},"end":{"line":252,"column":28}}},"33":{"name":"(anonymous_33)","line":257,"loc":{"start":{"line":257,"column":21},"end":{"line":257,"column":39}}},"34":{"name":"(anonymous_34)","line":270,"loc":{"start":{"line":270,"column":20},"end":{"line":270,"column":32}}},"35":{"name":"add","line":274,"loc":{"start":{"line":274,"column":2},"end":{"line":274,"column":33}}},"36":{"name":"(anonymous_36)","line":278,"loc":{"start":{"line":278,"column":13},"end":{"line":278,"column":31}}},"37":{"name":"(anonymous_37)","line":284,"loc":{"start":{"line":284,"column":20},"end":{"line":284,"column":32}}},"38":{"name":"isPowerOfTwoMinusOne","line":285,"loc":{"start":{"line":285,"column":4},"end":{"line":285,"column":41}}},"39":{"name":"bitmask","line":289,"loc":{"start":{"line":289,"column":4},"end":{"line":289,"column":30}}},"40":{"name":"(anonymous_40)","line":290,"loc":{"start":{"line":290,"column":13},"end":{"line":290,"column":31}}},"41":{"name":"downscaleToLoopCheckedRange","line":295,"loc":{"start":{"line":295,"column":4},"end":{"line":295,"column":48}}},"42":{"name":"(anonymous_42)","line":298,"loc":{"start":{"line":298,"column":13},"end":{"line":298,"column":31}}},"43":{"name":"downscaleToRange","line":307,"loc":{"start":{"line":307,"column":4},"end":{"line":307,"column":37}}},"44":{"name":"isEvenlyDivisibleByMaxInt32","line":315,"loc":{"start":{"line":315,"column":4},"end":{"line":315,"column":48}}},"45":{"name":"upscaleWithHighMasking","line":319,"loc":{"start":{"line":319,"column":4},"end":{"line":319,"column":45}}},"46":{"name":"(anonymous_46)","line":320,"loc":{"start":{"line":320,"column":13},"end":{"line":320,"column":31}}},"47":{"name":"upscaleToLoopCheckedRange","line":327,"loc":{"start":{"line":327,"column":4},"end":{"line":327,"column":54}}},"48":{"name":"(anonymous_48)","line":329,"loc":{"start":{"line":329,"column":13},"end":{"line":329,"column":31}}},"49":{"name":"upscaleWithinU53","line":340,"loc":{"start":{"line":340,"column":4},"end":{"line":340,"column":37}}},"50":{"name":"upscaleWithinI53AndLoopCheck","line":351,"loc":{"start":{"line":351,"column":4},"end":{"line":351,"column":52}}},"51":{"name":"(anonymous_51)","line":352,"loc":{"start":{"line":352,"column":13},"end":{"line":352,"column":31}}},"52":{"name":"(anonymous_52)","line":363,"loc":{"start":{"line":363,"column":11},"end":{"line":363,"column":31}}},"53":{"name":"(anonymous_53)","line":402,"loc":{"start":{"line":402,"column":18},"end":{"line":402,"column":38}}},"54":{"name":"(anonymous_54)","line":407,"loc":{"start":{"line":407,"column":34},"end":{"line":407,"column":52}}},"55":{"name":"(anonymous_55)","line":410,"loc":{"start":{"line":410,"column":33},"end":{"line":410,"column":45}}},"56":{"name":"(anonymous_56)","line":415,"loc":{"start":{"line":415,"column":34},"end":{"line":415,"column":52}}},"57":{"name":"(anonymous_57)","line":418,"loc":{"start":{"line":418,"column":33},"end":{"line":418,"column":45}}},"58":{"name":"(anonymous_58)","line":422,"loc":{"start":{"line":422,"column":17},"end":{"line":422,"column":29}}},"59":{"name":"multiply","line":423,"loc":{"start":{"line":423,"column":4},"end":{"line":423,"column":44}}},"60":{"name":"(anonymous_60)","line":427,"loc":{"start":{"line":427,"column":15},"end":{"line":427,"column":27}}},"61":{"name":"(anonymous_61)","line":431,"loc":{"start":{"line":431,"column":15},"end":{"line":431,"column":33}}},"62":{"name":"(anonymous_62)","line":437,"loc":{"start":{"line":437,"column":11},"end":{"line":437,"column":45}}},"63":{"name":"(anonymous_63)","line":450,"loc":{"start":{"line":450,"column":15},"end":{"line":450,"column":46}}},"64":{"name":"(anonymous_64)","line":454,"loc":{"start":{"line":454,"column":17},"end":{"line":454,"column":29}}},"65":{"name":"isLeastBitTrue","line":455,"loc":{"start":{"line":455,"column":4},"end":{"line":455,"column":36}}},"66":{"name":"lessThan","line":459,"loc":{"start":{"line":459,"column":4},"end":{"line":459,"column":39}}},"67":{"name":"(anonymous_67)","line":460,"loc":{"start":{"line":460,"column":13},"end":{"line":460,"column":31}}},"68":{"name":"probability","line":465,"loc":{"start":{"line":465,"column":4},"end":{"line":465,"column":37}}},"69":{"name":"(anonymous_69)","line":480,"loc":{"start":{"line":480,"column":11},"end":{"line":480,"column":45}}},"70":{"name":"(anonymous_70)","line":496,"loc":{"start":{"line":496,"column":15},"end":{"line":496,"column":49}}},"71":{"name":"toInteger","line":500,"loc":{"start":{"line":500,"column":2},"end":{"line":500,"column":28}}},"72":{"name":"convertSliceArgument","line":509,"loc":{"start":{"line":509,"column":2},"end":{"line":509,"column":47}}},"73":{"name":"(anonymous_73)","line":516,"loc":{"start":{"line":516,"column":16},"end":{"line":516,"column":53}}},"74":{"name":"(anonymous_74)","line":526,"loc":{"start":{"line":526,"column":15},"end":{"line":526,"column":44}}},"75":{"name":"returnUndefined","line":530,"loc":{"start":{"line":530,"column":2},"end":{"line":530,"column":29}}},"76":{"name":"(anonymous_76)","line":534,"loc":{"start":{"line":534,"column":18},"end":{"line":534,"column":47}}},"77":{"name":"(anonymous_77)","line":540,"loc":{"start":{"line":540,"column":11},"end":{"line":540,"column":29}}},"78":{"name":"(anonymous_78)","line":545,"loc":{"start":{"line":545,"column":19},"end":{"line":545,"column":52}}},"79":{"name":"(anonymous_79)","line":563,"loc":{"start":{"line":563,"column":18},"end":{"line":563,"column":35}}},"80":{"name":"(anonymous_80)","line":567,"loc":{"start":{"line":567,"column":18},"end":{"line":567,"column":60}}},"81":{"name":"(anonymous_81)","line":584,"loc":{"start":{"line":584,"column":17},"end":{"line":584,"column":51}}},"82":{"name":"(anonymous_82)","line":588,"loc":{"start":{"line":588,"column":15},"end":{"line":588,"column":36}}},"83":{"name":"(anonymous_83)","line":591,"loc":{"start":{"line":591,"column":14},"end":{"line":591,"column":35}}},"84":{"name":"(anonymous_84)","line":595,"loc":{"start":{"line":595,"column":16},"end":{"line":595,"column":47}}},"85":{"name":"(anonymous_85)","line":597,"loc":{"start":{"line":597,"column":11},"end":{"line":597,"column":29}}},"86":{"name":"(anonymous_86)","line":606,"loc":{"start":{"line":606,"column":15},"end":{"line":606,"column":46}}},"87":{"name":"(anonymous_87)","line":611,"loc":{"start":{"line":611,"column":18},"end":{"line":611,"column":30}}},"88":{"name":"zeroPad","line":612,"loc":{"start":{"line":612,"column":4},"end":{"line":612,"column":40}}},"89":{"name":"(anonymous_89)","line":616,"loc":{"start":{"line":616,"column":11},"end":{"line":616,"column":29}}},"90":{"name":"(anonymous_90)","line":635,"loc":{"start":{"line":635,"column":16},"end":{"line":635,"column":28}}},"91":{"name":"(anonymous_91)","line":639,"loc":{"start":{"line":639,"column":19},"end":{"line":639,"column":31}}},"92":{"name":"(anonymous_92)","line":643,"loc":{"start":{"line":643,"column":11},"end":{"line":643,"column":27}}},"93":{"name":"(anonymous_93)","line":654,"loc":{"start":{"line":654,"column":13},"end":{"line":654,"column":39}}},"94":{"name":"(anonymous_94)","line":664,"loc":{"start":{"line":664,"column":17},"end":{"line":664,"column":41}}},"95":{"name":"(anonymous_95)","line":668,"loc":{"start":{"line":668,"column":16},"end":{"line":668,"column":28}}},"96":{"name":"(anonymous_96)","line":673,"loc":{"start":{"line":673,"column":11},"end":{"line":673,"column":28}}},"97":{"name":"(anonymous_97)","line":681,"loc":{"start":{"line":681,"column":14},"end":{"line":681,"column":39}}},"98":{"name":"(anonymous_98)","line":685,"loc":{"start":{"line":685,"column":16},"end":{"line":685,"column":38}}},"99":{"name":"(anonymous_99)","line":692,"loc":{"start":{"line":692,"column":11},"end":{"line":692,"column":29}}},"100":{"name":"(anonymous_100)","line":696,"loc":{"start":{"line":696,"column":15},"end":{"line":696,"column":37}}},"101":{"name":"(anonymous_101)","line":701,"loc":{"start":{"line":701,"column":11},"end":{"line":701,"column":23}}},"102":{"name":"(anonymous_102)","line":707,"loc":{"start":{"line":707,"column":5},"end":{"line":707,"column":17}}},"103":{"name":"(anonymous_103)","line":709,"loc":{"start":{"line":709,"column":26},"end":{"line":709,"column":38}}}},"statementMap":{"1":{"start":{"line":2,"column":0},"end":{"line":716,"column":9}},"2":{"start":{"line":5,"column":2},"end":{"line":5,"column":28}},"3":{"start":{"line":7,"column":2},"end":{"line":17,"column":15}},"4":{"start":{"line":9,"column":6},"end":{"line":9,"column":35}},"5":{"start":{"line":10,"column":6},"end":{"line":10,"column":26}},"6":{"start":{"line":11,"column":6},"end":{"line":11,"column":35}},"7":{"start":{"line":12,"column":6},"end":{"line":12,"column":26}},"8":{"start":{"line":15,"column":6},"end":{"line":15,"column":65}},"9":{"start":{"line":19,"column":2},"end":{"line":32,"column":7}},"10":{"start":{"line":21,"column":6},"end":{"line":21,"column":25}},"11":{"start":{"line":23,"column":6},"end":{"line":23,"column":22}},"12":{"start":{"line":24,"column":6},"end":{"line":30,"column":7}},"13":{"start":{"line":25,"column":8},"end":{"line":27,"column":9}},"14":{"start":{"line":26,"column":10},"end":{"line":26,"column":28}},"15":{"start":{"line":28,"column":8},"end":{"line":28,"column":20}},"16":{"start":{"line":29,"column":8},"end":{"line":29,"column":27}},"17":{"start":{"line":31,"column":6},"end":{"line":31,"column":20}},"18":{"start":{"line":34,"column":2},"end":{"line":45,"column":3}},"19":{"start":{"line":35,"column":4},"end":{"line":37,"column":5}},"20":{"start":{"line":36,"column":6},"end":{"line":36,"column":32}},"21":{"start":{"line":39,"column":4},"end":{"line":43,"column":5}},"22":{"start":{"line":40,"column":6},"end":{"line":40,"column":41}},"23":{"start":{"line":41,"column":11},"end":{"line":43,"column":5}},"24":{"start":{"line":42,"column":6},"end":{"line":42,"column":84}},"25":{"start":{"line":44,"column":4},"end":{"line":44,"column":25}},"26":{"start":{"line":46,"column":2},"end":{"line":46,"column":31}},"27":{"start":{"line":48,"column":2},"end":{"line":184,"column":4}},"28":{"start":{"line":50,"column":6},"end":{"line":50,"column":47}},"29":{"start":{"line":54,"column":6},"end":{"line":71,"column":7}},"30":{"start":{"line":55,"column":8},"end":{"line":55,"column":18}},"31":{"start":{"line":56,"column":8},"end":{"line":56,"column":20}},"32":{"start":{"line":57,"column":8},"end":{"line":61,"column":9}},"33":{"start":{"line":59,"column":10},"end":{"line":59,"column":74}},"34":{"start":{"line":60,"column":10},"end":{"line":60,"column":87}},"35":{"start":{"line":63,"column":8},"end":{"line":67,"column":9}},"36":{"start":{"line":65,"column":10},"end":{"line":65,"column":74}},"37":{"start":{"line":66,"column":10},"end":{"line":66,"column":87}},"38":{"start":{"line":69,"column":8},"end":{"line":69,"column":64}},"39":{"start":{"line":70,"column":8},"end":{"line":70,"column":77}},"40":{"start":{"line":73,"column":6},"end":{"line":78,"column":7}},"41":{"start":{"line":74,"column":8},"end":{"line":74,"column":30}},"42":{"start":{"line":75,"column":8},"end":{"line":75,"column":43}},"43":{"start":{"line":76,"column":8},"end":{"line":76,"column":44}},"44":{"start":{"line":77,"column":8},"end":{"line":77,"column":38}},"45":{"start":{"line":80,"column":6},"end":{"line":109,"column":7}},"46":{"start":{"line":81,"column":8},"end":{"line":81,"column":18}},"47":{"start":{"line":82,"column":8},"end":{"line":82,"column":18}},"48":{"start":{"line":83,"column":8},"end":{"line":83,"column":41}},"49":{"start":{"line":84,"column":8},"end":{"line":84,"column":48}},"50":{"start":{"line":85,"column":8},"end":{"line":85,"column":35}},"51":{"start":{"line":86,"column":8},"end":{"line":98,"column":9}},"52":{"start":{"line":88,"column":10},"end":{"line":88,"column":126}},"53":{"start":{"line":89,"column":10},"end":{"line":89,"column":26}},"54":{"start":{"line":90,"column":10},"end":{"line":90,"column":14}},"55":{"start":{"line":91,"column":10},"end":{"line":94,"column":11}},"56":{"start":{"line":92,"column":12},"end":{"line":92,"column":32}},"57":{"start":{"line":93,"column":12},"end":{"line":93,"column":18}},"58":{"start":{"line":95,"column":10},"end":{"line":97,"column":11}},"59":{"start":{"line":96,"column":12},"end":{"line":96,"column":18}},"60":{"start":{"line":99,"column":8},"end":{"line":107,"column":9}},"61":{"start":{"line":101,"column":10},"end":{"line":101,"column":102}},"62":{"start":{"line":102,"column":10},"end":{"line":102,"column":26}},"63":{"start":{"line":103,"column":10},"end":{"line":106,"column":11}},"64":{"start":{"line":104,"column":12},"end":{"line":104,"column":32}},"65":{"start":{"line":105,"column":12},"end":{"line":105,"column":18}},"66":{"start":{"line":108,"column":8},"end":{"line":108,"column":29}},"67":{"start":{"line":111,"column":6},"end":{"line":164,"column":7}},"68":{"start":{"line":112,"column":8},"end":{"line":112,"column":39}},"69":{"start":{"line":113,"column":8},"end":{"line":113,"column":22}},"70":{"start":{"line":114,"column":8},"end":{"line":114,"column":21}},"71":{"start":{"line":116,"column":8},"end":{"line":126,"column":9}},"72":{"start":{"line":117,"column":10},"end":{"line":120,"column":11}},"73":{"start":{"line":118,"column":12},"end":{"line":118,"column":30}},"74":{"start":{"line":119,"column":12},"end":{"line":119,"column":22}},"75":{"start":{"line":122,"column":10},"end":{"line":122,"column":34}},"76":{"start":{"line":123,"column":10},"end":{"line":123,"column":34}},"77":{"start":{"line":124,"column":10},"end":{"line":124,"column":20}},"78":{"start":{"line":125,"column":10},"end":{"line":125,"column":35}},"79":{"start":{"line":127,"column":8},"end":{"line":129,"column":10}},"80":{"start":{"line":128,"column":10},"end":{"line":128,"column":22}},"81":{"start":{"line":130,"column":8},"end":{"line":143,"column":10}},"82":{"start":{"line":131,"column":10},"end":{"line":131,"column":24}},"83":{"start":{"line":132,"column":10},"end":{"line":135,"column":11}},"84":{"start":{"line":133,"column":12},"end":{"line":133,"column":30}},"85":{"start":{"line":134,"column":12},"end":{"line":134,"column":22}},"86":{"start":{"line":136,"column":10},"end":{"line":140,"column":11}},"87":{"start":{"line":137,"column":12},"end":{"line":137,"column":33}},"88":{"start":{"line":138,"column":12},"end":{"line":138,"column":30}},"89":{"start":{"line":139,"column":12},"end":{"line":139,"column":22}},"90":{"start":{"line":141,"column":10},"end":{"line":141,"column":38}},"91":{"start":{"line":142,"column":10},"end":{"line":142,"column":22}},"92":{"start":{"line":144,"column":8},"end":{"line":154,"column":10}},"93":{"start":{"line":145,"column":10},"end":{"line":145,"column":27}},"94":{"start":{"line":146,"column":10},"end":{"line":146,"column":43}},"95":{"start":{"line":148,"column":10},"end":{"line":150,"column":11}},"96":{"start":{"line":149,"column":12},"end":{"line":149,"column":92}},"97":{"start":{"line":151,"column":10},"end":{"line":151,"column":22}},"98":{"start":{"line":152,"column":10},"end":{"line":152,"column":19}},"99":{"start":{"line":153,"column":10},"end":{"line":153,"column":22}},"100":{"start":{"line":155,"column":8},"end":{"line":159,"column":10}},"101":{"start":{"line":156,"column":10},"end":{"line":156,"column":32}},"102":{"start":{"line":157,"column":10},"end":{"line":157,"column":38}},"103":{"start":{"line":158,"column":10},"end":{"line":158,"column":22}},"104":{"start":{"line":160,"column":8},"end":{"line":162,"column":10}},"105":{"start":{"line":161,"column":10},"end":{"line":161,"column":67}},"106":{"start":{"line":163,"column":8},"end":{"line":163,"column":20}},"107":{"start":{"line":166,"column":6},"end":{"line":166,"column":21}},"108":{"start":{"line":169,"column":6},"end":{"line":169,"column":22}},"109":{"start":{"line":170,"column":6},"end":{"line":170,"column":22}},"110":{"start":{"line":172,"column":6},"end":{"line":182,"column":8}},"111":{"start":{"line":173,"column":8},"end":{"line":179,"column":9}},"112":{"start":{"line":174,"column":10},"end":{"line":176,"column":11}},"113":{"start":{"line":175,"column":12},"end":{"line":175,"column":39}},"114":{"start":{"line":177,"column":10},"end":{"line":177,"column":39}},"115":{"start":{"line":178,"column":10},"end":{"line":178,"column":20}},"116":{"start":{"line":181,"column":8},"end":{"line":181,"column":33}},"117":{"start":{"line":186,"column":2},"end":{"line":194,"column":4}},"118":{"start":{"line":187,"column":4},"end":{"line":187,"column":19}},"119":{"start":{"line":188,"column":4},"end":{"line":188,"column":43}},"120":{"start":{"line":189,"column":4},"end":{"line":191,"column":5}},"121":{"start":{"line":190,"column":6},"end":{"line":190,"column":30}},"122":{"start":{"line":192,"column":4},"end":{"line":192,"column":41}},"123":{"start":{"line":193,"column":4},"end":{"line":193,"column":17}},"124":{"start":{"line":196,"column":2},"end":{"line":200,"column":3}},"125":{"start":{"line":197,"column":4},"end":{"line":199,"column":6}},"126":{"start":{"line":198,"column":6},"end":{"line":198,"column":19}},"127":{"start":{"line":203,"column":2},"end":{"line":205,"column":4}},"128":{"start":{"line":204,"column":4},"end":{"line":204,"column":24}},"129":{"start":{"line":206,"column":2},"end":{"line":208,"column":4}},"130":{"start":{"line":207,"column":4},"end":{"line":207,"column":37}},"131":{"start":{"line":211,"column":2},"end":{"line":213,"column":4}},"132":{"start":{"line":212,"column":4},"end":{"line":212,"column":26}},"133":{"start":{"line":214,"column":2},"end":{"line":216,"column":4}},"134":{"start":{"line":215,"column":4},"end":{"line":215,"column":38}},"135":{"start":{"line":219,"column":2},"end":{"line":223,"column":4}},"136":{"start":{"line":220,"column":4},"end":{"line":220,"column":35}},"137":{"start":{"line":221,"column":4},"end":{"line":221,"column":29}},"138":{"start":{"line":222,"column":4},"end":{"line":222,"column":38}},"139":{"start":{"line":224,"column":2},"end":{"line":226,"column":4}},"140":{"start":{"line":225,"column":4},"end":{"line":225,"column":38}},"141":{"start":{"line":229,"column":2},"end":{"line":241,"column":4}},"142":{"start":{"line":230,"column":4},"end":{"line":240,"column":5}},"143":{"start":{"line":231,"column":6},"end":{"line":231,"column":30}},"144":{"start":{"line":232,"column":6},"end":{"line":239,"column":7}},"145":{"start":{"line":233,"column":8},"end":{"line":235,"column":9}},"146":{"start":{"line":234,"column":10},"end":{"line":234,"column":34}},"147":{"start":{"line":237,"column":8},"end":{"line":237,"column":33}},"148":{"start":{"line":238,"column":8},"end":{"line":238,"column":55}},"149":{"start":{"line":242,"column":2},"end":{"line":244,"column":4}},"150":{"start":{"line":243,"column":4},"end":{"line":243,"column":42}},"151":{"start":{"line":247,"column":2},"end":{"line":251,"column":4}},"152":{"start":{"line":248,"column":4},"end":{"line":248,"column":28}},"153":{"start":{"line":249,"column":4},"end":{"line":249,"column":29}},"154":{"start":{"line":250,"column":4},"end":{"line":250,"column":95}},"155":{"start":{"line":252,"column":2},"end":{"line":254,"column":4}},"156":{"start":{"line":253,"column":4},"end":{"line":253,"column":37}},"157":{"start":{"line":257,"column":2},"end":{"line":269,"column":4}},"158":{"start":{"line":258,"column":4},"end":{"line":268,"column":5}},"159":{"start":{"line":259,"column":6},"end":{"line":259,"column":30}},"160":{"start":{"line":260,"column":6},"end":{"line":267,"column":7}},"161":{"start":{"line":261,"column":8},"end":{"line":263,"column":9}},"162":{"start":{"line":262,"column":10},"end":{"line":262,"column":34}},"163":{"start":{"line":265,"column":8},"end":{"line":265,"column":33}},"164":{"start":{"line":266,"column":8},"end":{"line":266,"column":99}},"165":{"start":{"line":270,"column":2},"end":{"line":272,"column":4}},"166":{"start":{"line":271,"column":4},"end":{"line":271,"column":41}},"167":{"start":{"line":274,"column":2},"end":{"line":282,"column":3}},"168":{"start":{"line":275,"column":4},"end":{"line":281,"column":5}},"169":{"start":{"line":276,"column":6},"end":{"line":276,"column":22}},"170":{"start":{"line":278,"column":6},"end":{"line":280,"column":8}},"171":{"start":{"line":279,"column":8},"end":{"line":279,"column":41}},"172":{"start":{"line":284,"column":2},"end":{"line":401,"column":7}},"173":{"start":{"line":285,"column":4},"end":{"line":287,"column":5}},"174":{"start":{"line":286,"column":6},"end":{"line":286,"column":41}},"175":{"start":{"line":289,"column":4},"end":{"line":293,"column":5}},"176":{"start":{"line":290,"column":6},"end":{"line":292,"column":8}},"177":{"start":{"line":291,"column":8},"end":{"line":291,"column":34}},"178":{"start":{"line":295,"column":4},"end":{"line":305,"column":5}},"179":{"start":{"line":296,"column":6},"end":{"line":296,"column":36}},"180":{"start":{"line":297,"column":6},"end":{"line":297,"column":76}},"181":{"start":{"line":298,"column":6},"end":{"line":304,"column":8}},"182":{"start":{"line":299,"column":8},"end":{"line":299,"column":22}},"183":{"start":{"line":300,"column":8},"end":{"line":302,"column":35}},"184":{"start":{"line":301,"column":10},"end":{"line":301,"column":33}},"185":{"start":{"line":303,"column":8},"end":{"line":303,"column":37}},"186":{"start":{"line":307,"column":4},"end":{"line":313,"column":5}},"187":{"start":{"line":308,"c
[...]
ay = [\"a\", \"b\", \"c\"];","        spyOn(Random, \"shuffle\");","        var engine = function () {};","        var sampleSize = 0;","","        Random.sample(engine, array, sampleSize);","","        expect(Random.shuffle).not.toHaveBeenCalled();","      });","","      it(\"does not call the engine\", function () {","        var array = [\"a\", \"b\", \"c\"];","        spyOn(Random, \"shuffle\");","        var engine = jasmine.createSpy();","        var sampleSize = 0;","","        Random.sample(engine, array, sampleSize);","","        expect(engine).not.toHaveBeenCalled();","      });","    });","  });","}(typeof module !== \"undefined\" ? require(\"../lib/random\") : Random));"],"l":{"1":2,"2":2,"3":0,"4":0,"5":0,"6":0,"11":0,"12":0,"13":0,"14":0,"15":0,"16":0,"18":0,"20":0,"21":0,"22":0,"26":0,"27":0,"28":0,"29":0,"30":0,"31":0,"32":0,"33":0,"35":0,"37":0,"38":0,"39":0,"43":0,"44":0,"45":0,"46":0,"47":0,"48":0,"50":0,"52":0,"55":0,"56":0,"57":0,"58":0,"59":0,"61":0,"63":0,"66":0,"67":0,"68":0,"69":0,"70":0,"72":0,"74":0}},"/home/travis/build/npmtest/node-npmtest-random-js/node_modules/random-js/spec/shuffleSpec.js":{"path":"/home/travis/build/npmtest/node-npmtest-random-js/node_modules/random-js/spec/shuffleSpec.js","s":{"1":2,"2":2,"3":0,"4":0,"5":0,"6":0,"7":0,"8":0,"9":0,"10":0,"11":0,"12":0,"13":0,"14":0,"15":0,"16":0,"17":0,"18":0,"19":0,"20":0,"21":0,"22":0,"23":0,"24":0,"25":0,"26":0,"27":0,"28":0,"29":0,"30":0,"31":0,"32":0,"33":0,"34":0,"35":0,"36":0,"37":0,"38":0,"39":0,"40":0,"41":0,"42":0,"43":0,"44":0,"45":0},"b":{"1":[2,0]},"f":{"1":2,"2":0,"3":0,"4":0,"5":0,"6":0,"7":0,"8":0,"9":0,"10":0,"11":0,"12":0,"13":0,"14":0,"15":0},"fnMap":{"1":{"name":"(anonymous_1)","line":1,"loc":{"start":{"line":1,"column":1},"end":{"line":1,"column":19}}},"2":{"name":"(anonymous_2)","line":2,"loc":{"start":{"line":2,"column":22},"end":{"line":2,"column":34}}},"3":{"name":"(anonymous_3)","line":3,"loc":{"start":{"line":3,"column":137},"end":{"line":3,"column":149}}},"4":{"name":"(anonymous_4)","line":4,"loc":{"start":{"line":4,"column":19},"end":{"line":4,"column":31}}},"5":{"name":"(anonymous_5)","line":7,"loc":{"start":{"line":7,"column":43},"end":{"line":7,"column":63}}},"6":{"name":"(anonymous_6)","line":10,"loc":{"start":{"line":10,"column":15},"end":{"line":10,"column":28}}},"7":{"name":"(anonymous_7)","line":24,"loc":{"start":{"line":24,"column":28},"end":{"line":24,"column":40}}},"8":{"name":"(anonymous_8)","line":25,"loc":{"start":{"line":25,"column":139},"end":{"line":25,"column":151}}},"9":{"name":"(anonymous_9)","line":26,"loc":{"start":{"line":26,"column":21},"end":{"line":26,"column":33}}},"10":{"name":"(anonymous_10)","line":30,"loc":{"start":{"line":30,"column":45},"end":{"line":30,"column":65}}},"11":{"name":"(anonymous_11)","line":33,"loc":{"start":{"line":33,"column":17},"end":{"line":33,"column":30}}},"12":{"name":"(anonymous_12)","line":48,"loc":{"start":{"line":48,"column":36},"end":{"line":48,"column":48}}},"13":{"name":"(anonymous_13)","line":49,"loc":{"start":{"line":49,"column":41},"end":{"line":49,"column":53}}},"14":{"name":"(anonymous_14)","line":50,"loc":{"start":{"line":50,"column":21},"end":{"line":50,"column":33}}},"15":{"name":"(anonymous_15)","line":59,"loc":{"start":{"line":59,"column":37},"end":{"line":59,"column":49}}}},"statementMap":{"1":{"start":{"line":1,"column":0},"end":{"line":68,"column":70}},"2":{"start":{"line":2,"column":2},"end":{"line":67,"column":5}},"3":{"start":{"line":3,"column":4},"end":{"line":22,"column":7}},"4":{"start":{"line":4,"column":6},"end":{"line":4,"column":34}},"5":{"start":{"line":5,"column":6},"end":{"line":5,"column":32}},"6":{"start":{"line":6,"column":6},"end":{"line":6,"column":24}},"7":{"start":{"line":7,"column":6},"end":{"line":14,"column":9}},"8":{"start":{"line":8,"column":8},"end":{"line":8,"column":28}},"9":{"start":{"line":9,"column":8},"end":{"line":9,"column":40}},"10":{"start":{"line":10,"column":8},"end":{"line":13,"column":10}},"11":{"start":{"line":11,"column":10},"end":{"line":11,"column":33}},"12":{"start":{"line":12,"column":10},"end":{"line":12,"column":32}},"13":{"start":{"line":15,"column":6},"end":{"line":15,"column":44}},"14":{"start":{"line":16,"column":6},"end":{"line":16,"column":47}},"15":{"start":{"line":18,"column":6},"end":{"line":18,"column":49}},"16":{"start":{"line":20,"column":6},"end":{"line":20,"column":39}},"17":{"start":{"line":21,"column":6},"end":{"line":21,"column":33}},"18":{"start":{"line":24,"column":4},"end":{"line":46,"column":7}},"19":{"start":{"line":25,"column":6},"end":{"line":45,"column":9}},"20":{"start":{"line":26,"column":8},"end":{"line":26,"column":36}},"21":{"start":{"line":27,"column":8},"end":{"line":27,"column":28}},"22":{"start":{"line":28,"column":8},"end":{"line":28,"column":26}},"23":{"start":{"line":29,"column":8},"end":{"line":29,"column":23}},"24":{"start":{"line":30,"column":8},"end":{"line":37,"column":11}},"25":{"start":{"line":31,"column":10},"end":{"line":31,"column":30}},"26":{"start":{"line":32,"column":10},"end":{"line":32,"column":46}},"27":{"start":{"line":33,"column":10},"end":{"line":36,"column":12}},"28":{"start":{"line":34,"column":12},"end":{"line":34,"column":35}},"29":{"start":{"line":35,"column":12},"end":{"line":35,"column":34}},"30":{"start":{"line":38,"column":8},"end":{"line":38,"column":46}},"31":{"start":{"line":39,"column":8},"end":{"line":39,"column":49}},"32":{"start":{"line":41,"column":8},"end":{"line":41,"column":59}},"33":{"start":{"line":43,"column":8},"end":{"line":43,"column":41}},"34":{"start":{"line":44,"column":8},"end":{"line":44,"column":35}},"35":{"start":{"line":48,"column":4},"end":{"line":66,"column":7}},"36":{"start":{"line":49,"column":6},"end":{"line":57,"column":9}},"37":{"start":{"line":50,"column":8},"end":{"line":50,"column":36}},"38":{"start":{"line":51,"column":8},"end":{"line":51,"column":23}},"39":{"start":{"line":53,"column":8},"end":{"line":53,"column":51}},"40":{"start":{"line":55,"column":8},"end":{"line":55,"column":35}},"41":{"start":{"line":56,"column":8},"end":{"line":56,"column":35}},"42":{"start":{"line":59,"column":6},"end":{"line":65,"column":9}},"43":{"start":{"line":60,"column":8},"end":{"line":60,"column":41}},"44":{"start":{"line":62,"column":8},"end":{"line":62,"column":35}},"45":{"start":{"line":64,"column":8},"end":{"line":64,"column":46}}},"branchMap":{"1":{"line":68,"type":"cond-expr","locations":[{"start":{"line":68,"column":34},"end":{"line":68,"column":58}},{"start":{"line":68,"column":61},"end":{"line":68,"column":67}}]}},"code":["(function (Random) {","  describe(\"shuffle\", function () {","    it(\"generates evenly-distributed integers from [0, n) where n is the length and decreases each iteration, swapping items each time\", function () {","      var engine = function () {};","      var values = [2, 3, 0, 1];","      var nextValue = 0;","      spyOn(Random, \"integer\").andCallFake(function (min, max) {","        expect(min).toBe(0);","        expect(max).toBe(values.length);","        return function (e) {","          expect(e).toBe(engine);","          return values.shift();","        };","      });","      var array = [\"a\", \"b\", \"c\", \"d\", \"e\"];","      var expected = [\"e\", \"b\", \"a\", \"d\", \"c\"];","","      var actual = Random.shuffle(engine, array);","","      expect(actual).toEqual(expected);","      expect(actual).toBe(array);","    });","","    describe(\"with downTo\", function () {","      it(\"generates evenly-distributed integers from [0, n) where n is the length and decreases each iteration, swapping items each time\", function () {","        var engine = function () {};","        var values = [2, 3];","        var nextValue = 0;","        var downTo = 2;","        spyOn(Random, \"integer\").andCallFake(function (min, max) {","          expect(min).toBe(0);","          expect(max).toBe(values.length + 2);","          return function (e) {","            expect(e).toBe(engine);","            return values.shift();","          };","        });","        var array = [\"a\", \"b\", \"c\", \"d\", \"e\"];","        var expected = [\"a\", \"b\", \"e\", \"d\", \"c\"];","","        var actual = Random.shuffle(engine, array, downTo);","","        expect(actual).toEqual(expected);","        expect(actual).toBe(array);","      });","    });","","    describe(\"with an empty array\", function () {","      it(\"returns the same empty array\", function () {","        var engine = function () {};","        var array = [];","","        var actual = Random.shuffle(engine, array);","","        expect(actual).toEqual([]);","        expect(actual).toBe(array);","      });","","      it(\"does not call the engine\", function () {","        var engine = jasmine.createSpy();","","        Random.shuffle(engine, []);","","        expect(engine).not.toHaveBeenCalled();","      });","    });","  });","}(typeof module !== \"undefined\" ? require(\"../lib/random\") : Random));"],"l":{"1":2,"2":2,"3":0,"4":0,"5":0,"6":0,"7":0,"8":0,"9":0,"10":0,"11":0,"12":0,"15":0,"16":0,"18":0,"20":0,"21":0,"24":0,"25":0,"26":0,"27":0,"28":0,"29":0,"30":0,"31":0,"32":0,"33":0,"34":0,"35":0,"38":0,"39":0,"41":0,"43":0,"44":0,"48":0,"49":0,"50":0,"51":0,"53":0,"55":0,"56":0,"59":0,"60":0,"62":0,"64":0}},"/home/travis/build/npmtest/node-npmtest-random-js/node_modules/random-js/spec/stringSpec.js":{"path":"/home/travis/build/npmtest/node-npmtest-random-js/node_modules/random-js/spec/stringSpec.js","s":{"1":2,"2":2,"3":0,"4":0,"5":0,"6":0,"7":0,"8":0,"9":0,"10":0,"11":0,"12":0,"13":0,"14":0,"15":0,"16":0,"17":0,"18":0,"19":0,"20":0,"21":0,"22":0,"23":0,"24":0,"25":0,"26":0,"27":0,"28":0,"29":0,"30":0,"31":0,"32":0,"33":0,"34":0,"35":0,"36":0,"37":0},"b":{"1":[2,0]},"f":{"1":2,"2":0,"3":0,"4":0,"5":0,"6":0,"7":0,"8":0,"9":0,"10":0,"11":0,"12":0,"13":0,"14":0,"15":0},"fnMap":{"1":{"name":"(anonymous_1)","line":1,"loc":{"start":{"line":1,"column":1},"end":{"line":1,"column":19}}},"2":{"name":"(anonymous_2)","line":2,"loc":{"start":{"line":2,"column":21},"end":{"line":2,"column":33}}},"3":{"name":"(anonymous_3)","line":3,"loc":{"start":{"line":3,"column":36},"end":{"line":3,"column":48}}},"4":{"name":"(anonymous_4)","line":4,"loc":{"start":{"line":4,"column":33},"end":{"line":4,"column":45}}},"5":{"name":"(anonymous_5)","line":12,"loc":{"start":{"line":12,"column":71},"end":{"line":12,"column":83}}},"6":{"name":"(anonymous_6)","line":15,"loc":{"start":{"line":15,"column":43},"end":{"line":15,"column":55}}},"7":{"name":"(anonymous_7)","line":20,"loc":{"start":{"line":20,"column":21},"end":{"line":20,"column":33}}},"8":{"name":"(anonymous_8)","line":30,"loc":{"start":{"line":30,"column":34},"end":{"line":30,"column":46}}},"9":{"name":"(anonymous_9)","line":31,"loc":{"start":{"line":31,"column":33},"end":{"line":31,"column":45}}},"10":{"name":"(anonymous_10)","line":39,"loc":{"start":{"line":39,"column":58},"end":{"line":39,"column":70}}},"11":{"name":"(anonymous_11)","line":41,"loc":{"start":{"line":41,"column":43},"end":{"line":41,"column":55}}},"12":{"name":"(anonymous_12)","line":44,"loc":{"start":{"line":44,"column":21},"end":{"line":44,"column":33}}},"13":{"name":"(anonymous_13)","line":54,"loc":{"start":{"line":54,"column":31},"end":{"line":54,"column":43}}},"14":{"name":"(anonymous_14)","line":55,"loc":{"start":{"line":55,"column":28},"end":{"line":55,"column":40}}},"15":{"name":"(anonymous_15)","line":56,"loc":{"start":{"line":56,"column":15},"end":{"line":56,"column":27}}}},"statementMap":{"1":{"start":{"line":1,"column":0},"end":{"line":62,"column":70}},"2":{"start":{"line":2,"column":2},"end":{"line":61,"column":5}},"3":{"start":{"line":3,"column":4},"end":{"line":28,"column":7}},"4":{"start":{"line":4,"column":6},"end":{"line":10,"column":9}},"5":{"start":{"line":5,"column":8},"end":{"line":5,"column":33}},"6":{"start":{"line":7,"column":8},"end":{"line":7,"column":31}},"7":{"start":{"line":9,"column":8},"end":{"line":9,"column":58}},"8":{"start":{"line":12,"column":6},"end":{"line":27,"column":9}},"9":{"start":{"line":13,"column":8},"end":{"line":13,"column":22}},"10":{"start":{"line":14,"column":8},"end":{"line":14,"column":26}},"11":{"start":{"line":15,"column":8},"end":{"line":19,"column":11}},"12":{"start":{"line":16,"column":10},"end":{"line":16,"column":34}},"13":{"start":{"line":17,"column":10},"end":{"line":17,"column":44}},"14":{"start":{"line":18,"column":10},"end":{"line":18,"column":23}},"15":{"start":{"line":20,"column":8},"end":{"line":20,"column":36}},"16":{"start":{"line":21,"column":8},"end":{"line":21,"column":46}},"17":{"start":{"line":23,"column":8},"end":{"line":23,"column":42}},"18":{"start":{"line":25,"column":8},"end":{"line":25,"column":38}},"19":{"start":{"line":26,"column":8},"end":{"line":26,"column":39}},"20":{"start":{"line":30,"column":4},"end":{"line":52,"column":7}},"21":{"start":{"line":31,"column":6},"end":{"line":37,"column":9}},"22":{"start":{"line":32,"column":8},"end":{"line":32,"column":33}},"23":{"start":{"line":34,"column":8},"end":{"line":34,"column":24}},"24":{"start":{"line":36,"column":8},"end":{"line":36,"column":59}},"25":{"start":{"line":39,"column":6},"end":{"line":51,"column":9}},"26":{"start":{"line":40,"column":8},"end":{"line":40,"column":22}},"27":{"start":{"line":41,"column":8},"end":{"line":43,"column":11}},"28":{"start":{"line":42,"column":10},"end":{"line":42,"column":25}},"29":{"start":{"line":44,"column":8},"end":{"line":44,"column":36}},"30":{"start":{"line":45,"column":8},"end":{"line":45,"column":90}},"31":{"start":{"line":46,"column":8},"end":{"line":46,"column":39}},"32":{"start":{"line":48,"column":8},"end":{"line":48,"column":42}},"33":{"start":{"line":50,"column":8},"end":{"line":50,"column":38}},"34":{"start":{"line":54,"column":4},"end":{"line":60,"column":7}},"35":{"start":{"line":55,"column":6},"end":{"line":59,"column":9}},"36":{"start":{"line":56,"column":8},"end":{"line":58,"column":73}},"37":{"start":{"line":57,"column":10},"end":{"line":57,"column":28}}},"branchMap":{"1":{"line":62,"type":"cond-expr","locations":[{"start":{"line":62,"column":34},"end":{"line":62,"column":58}},{"start":{"line":62,"column":61},"end":{"line":62,"column":67}}]}},"code":["(function (Random) {","  describe(\"string\", function () {","    describe(\"with pool = 'abcde'\", function () {","      it(\"calls Random.integer\", function () {","        spyOn(Random, \"integer\");","","        Random.string(\"abcde\");","","        expect(Random.integer).toHaveBeenCalledWith(0, 4);","      });","","      it(\"calls the integer distribution N times based on the length\", function () {","        var index = 0;","        var expected = \"\";","        spyOn(Random, \"integer\").andReturn(function () {","          index = (index + 3) % 5;","          expected += \"abcde\".charAt(index);","          return index;","        });","        var engine = function () {};","        var generate = Random.string(\"abcde\");","","        var actual = generate(engine, 64);","","        expect(actual).toBe(expected);","        expect(actual.length).toBe(64);","      });","    });","","    describe(\"with default pool\", function () {","      it(\"calls Random.integer\", function () {","        spyOn(Random, \"integer\");","","        Random.string();","","        expect(Random.integer).toHaveBeenCalledWith(0, 63);","      });","","      it(\"uses a pool of letters, numbers, '_', and '-'\", function () {","        var index = 0;","        spyOn(Random, \"integer\").andReturn(function () {","          return index++;","        });","        var engine = function () {};","        var expected = \"abcdefghijklmnopqrstuvwxyzABCDEFGHIJKLMNOPQRSTUVWXYZ0123456789_-\";","        var generate = Random.string();","","        var actual = generate(engine, 64);","","        expect(actual).toBe(expected);","      });","    });","","    describe(\"with pool = ''\", function () {","      it(\"throws an error\", function () {","        expect(function () {","          Random.string(\"\");","        }).toThrow(new Error(\"Expected pool not to be an empty string\"));","      });","    });","  });","}(typeof module !== \"undefined\" ? require(\"../lib/random\") : Random));"],"l":{"1":2,"2":2,"3":0,"4":0,"5":0,"7":0,"9":0,"12":0,"13":0,"14":0,"15":0,"16":0,"17":0,"18":0,"20":0,"21":0,"23":0,"25":0,"26":0,"30":0,"31":0,"32":0,"34":0,"36":0,"39":0,"40":0,"41":0,"42":0,"44":0,"45":0,"46":0,"48":0,"50":0,"54":0,"55":0,"56":0,"57":0}},"/home/travis/build/npmtest/node-npmtest-random-js/node_modules/random-js/spec/uuid4Spec.js":{"path":"/home/travis/build/npmtest/node-npmtest-random-js/node_modules/random-js/spec/uuid4Spec.js","s":{"1":2,"2":2,"3":1,"4":0,"5":0,"6":0,"7":0,"8":0,"9":0,"10":0,"11":0,"12":0,"13":0,"14":0},"b":{"1":[2,0]},"f":{"1":2,"2":0,"3":0,"4":0,"5":0,"6":0,"7":0},"fnMap":{"1":{"name":"(anonymous_1)","line":1,"loc":{"start":{"line":1,"column":1},"end":{"line":1,"column":19}}},"2":{"name":"(anonymous_2)","line":2,"loc":{"start":{"line":2,"column":20},"end":{"line":2,"column":32}}},"3":{"name":"makeEngine","line":3,"loc":{"start":{"line":3,"column":4},"end":{"line":3,"column":31}}},"4":{"name":"(anonymous_4)","line":5,"loc":{"start":{"line":5,"column":13},"end":{"line":5,"column":25}}},"5":{"name":"(anonymous_5)","line":22,"loc":{"start":{"line":22,"column":15},"end":{"line":22,"column":28}}},"6":{"name":"(anonymous_6)","line":25,"loc":{"start":{"line":25,"column":56},"end":{"line":25,"column":68}}},"7":{"name":"(anonymous_7)","line":26,"loc":{"start":{"line":26,"column":39},"end":{"line":26,"column":51}}}},"statementMap":{"1":{"start":{"line":1,"column":0},"end":{"line":36,"column":70}},"2":{"start":{"line":2,"column":2},"end":{"line":35,"column":5}},"3":{"start":{"line":3,"column":4},"end":{"line":8,"column":5}},"4":{"start":{"line":4,"column":6},"end":{"line":4,"column":20}},"5":{"start":{"line":5,"column":6},"end":{"line":7,"column":8}},"6":{"start":{"line":6,"column":8},"end":{"line":6,"column":34}},"7":{"start":{"line":10,"column":4},"end":{"line":34,"column":7}},"8":{"start":{"line":23,"column":6},"end":{"line":23,"column":26}},"9":{"start":{"line":24,"column":6},"end":{"line":24,"column":28}},"10":{"start":{"line":25,"column":6},"end":{"line":33,"column":9}},"11":{"start":{"line":26,"column":8},"end":{"line":32,"column":11}},"12":{"start":{"line":27,"column":10},"end":{"line":27,"column":41}},"13":{"start":{"line":29,"column":10},"end":{"line":29,"column":44}},"14":{"start":{"line":31,"column":10},"end":{"line":31,"column":38}}},"branchMap":{"1":{"line":36,"type":"cond-expr","locations":[{"start":{"line":36,"column":34},"end":{"line":36,"column":58}},{"start":{"line":36,"column":61},"end":{"line":36,"column":67}}]}},"code":["(function (Random) {","  describe(\"uuid4\", function () {","    function makeEngine(input) {","      var index = 0;","      return function () {","        return input[index++] | 0;","      };","    }","","    [{","      input: [0, 0, 0, 0],","      output: \"00000000-0000-4000-8000-000000000000\"","    }, {","      input: [0xffffffff, 0xffffffff, 0xffffffff, 0xffffffff],","      output: \"ffffffff-ffff-4fff-bfff-ffffffffffff\"","    }, {","      input: [0xdeadbeef, 0x12345678, 0xfedcba98, 0x13371337],","      output: \"deadbeef-5678-4567-ba98-cba913371337\"","    }, {","      input: [0x12345678, 0x90abcdef, 0x94746842, 0x81354732],","      output: \"12345678-cdef-4cde-a842-468481354732\"","    }].forEach(function (o) {","      var input = o.input;","      var output = o.output;","      describe(\"with an engine that produces \" + input, function () {","        it(\"returns '\" + output + \"'\", function () {","          var engine = makeEngine(input);","","          var actual = Random.uuid4(engine);","","          expect(actual).toBe(output);","        });","      });","    });","  });","}(typeof module !== \"undefined\" ? require(\"../lib/random\") : Random));"],"l":{"1":2,"2":2,"3":1,"4":0,"5":0,"6":0,"10":0,"23":0,"24":0,"25":0,"26":0,"27":0,"29":0,"31":0}}}