{"/home/travis/build/npmtest/node-npmtest-random-js/test.js":{"path":"/home/travis/build/npmtest/node-npmtest-random-js/test.js","s":{"1":2,"2":2,"3":2,"4":2,"5":2,"6":2,"7":2,"8":1,"9":2,"10":2,"11":1,"12":1,"13":1,"14":1,"15":2,"16":2,"17":2,"18":2,"19":1,"20":1,"21":2,"22":2,"23":2,"24":1,"25":1,"26":1,"27":1,"28":1,"29":1,"30":1,"31":1,"32":1,"33":1,"34":1,"35":1,"36":1,"37":2,"38":2,"39":1,"40":2,"41":2,"42":1,"43":2,"44":2,"45":1,"46":2,"47":2,"48":1,"49":1,"50":1,"51":1,"52":1},"b":{"1":[2,1,1,1],"2":[1,1,1,1],"3":[1,1],"4":[1,1],"5":[1,1],"6":[1,1],"7":[1,1],"8":[1,1],"9":[1,1,1],"10":[1,1],"11":[1,1],"12":[1,1],"13":[1,1],"14":[1,1],"15":[1,1],"16":[1,1]},"f":{"1":2,"2":2,"3":2,"4":2,"5":2,"6":1,"7":1,"8":2,"9":2,"10":2,"11":2,"12":1},"fnMap":{"1":{"name":"(anonymous_1)","line":12,"loc":{"start":{"line":12,"column":1},"end":{"line":12,"column":13}}},"2":{"name":"(anonymous_2)","line":19,"loc":{"start":{"line":19,"column":5},"end":{"line":19,"column":17}}},"3":{"name":"(anonymous_3)","line":23,"loc":{"start":{"line":23,"column":24},"end":{"line":23,"column":36}}},"4":{"name":"(anonymous_4)","line":61,"loc":{"start":{"line":61,"column":5},"end":{"line":61,"column":17}}},"5":{"name":"(anonymous_5)","line":82,"loc":{"start":{"line":82,"column":5},"end":{"line":82,"column":17}}},"6":{"name":"(anonymous_6)","line":102,"loc":{"start":{"line":102,"column":83},"end":{"line":105,"column":10}},"skip":true},"7":{"name":"(anonymous_7)","line":113,"loc":{"start":{"line":113,"column":77},"end":{"line":116,"column":10}},"skip":true},"8":{"name":"(anonymous_8)","line":129,"loc":{"start":{"line":129,"column":12},"end":{"line":129,"column":40}},"skip":true},"9":{"name":"(anonymous_9)","line":137,"loc":{"start":{"line":137,"column":77},"end":{"line":140,"column":10}},"skip":true},"10":{"name":"(anonymous_10)","line":148,"loc":{"start":{"line":148,"column":83},"end":{"line":151,"column":10}},"skip":true},"11":{"name":"(anonymous_11)","line":159,"loc":{"start":{"line":159,"column":79},"end":{"line":162,"column":10}},"skip":true},"12":{"name":"(anonymous_12)","line":170,"loc":{"start":{"line":170,"column":75},"end":{"line":173,"column":10}},"skip":true}},"statementMap":{"1":{"start":{"line":12,"column":0},"end":{"line":185,"column":5}},"2":{"start":{"line":14,"column":4},"end":{"line":14,"column":14}},"3":{"start":{"line":19,"column":4},"end":{"line":56,"column":9}},"4":{"start":{"line":21,"column":8},"end":{"line":21,"column":19}},"5":{"start":{"line":23,"column":8},"end":{"line":35,"column":13}},"6":{"start":{"line":24,"column":12},"end":{"line":34,"column":13}},"7":{"start":{"line":25,"column":16},"end":{"line":28,"column":30}},"8":{"start":{"line":30,"column":16},"end":{"line":33,"column":27}},"9":{"start":{"line":37,"column":8},"end":{"line":39,"column":21}},"10":{"start":{"line":40,"column":8},"end":{"line":53,"column":9}},"11":{"start":{"line":43,"column":12},"end":{"line":46,"column":14}},"12":{"start":{"line":47,"column":12},"end":{"line":47,"column":18}},"13":{"start":{"line":50,"column":12},"end":{"line":51,"column":46}},"14":{"start":{"line":52,"column":12},"end":{"line":52,"column":18}},"15":{"start":{"line":55,"column":8},"end":{"line":55,"column":35}},"16":{"start":{"line":61,"column":4},"end":{"line":63,"column":9}},"17":{"start":{"line":62,"column":8},"end":{"line":62,"column":15}},"18":{"start":{"line":64,"column":4},"end":{"line":77,"column":5}},"19":{"start":{"line":70,"column":8},"end":{"line":70,"column":14}},"20":{"start":{"line":76,"column":8},"end":{"line":76,"column":14}},"21":{"start":{"line":82,"column":4},"end":{"line":84,"column":9}},"22":{"start":{"line":83,"column":8},"end":{"line":83,"column":15}},"23":{"start":{"line":85,"column":4},"end":{"line":184,"column":5}},"24":{"start":{"line":92,"column":8},"end":{"line":94,"column":63}},"25":{"start":{"line":95,"column":8},"end":{"line":95,"column":14}},"26":{"start":{"line":102,"column":8},"end":{"line":111,"column":10},"skip":true},"27":{"start":{"line":109,"column":12},"end":{"line":109,"column":55},"skip":true},"28":{"start":{"line":110,"column":12},"end":{"line":110,"column":48},"skip":true},"29":{"start":{"line":113,"column":8},"end":{"line":126,"column":10},"skip":true},"30":{"start":{"line":120,"column":12},"end":{"line":120,"column":76},"skip":true},"31":{"start":{"line":121,"column":12},"end":{"line":121,"column":73},"skip":true},"32":{"start":{"line":122,"column":12},"end":{"line":122,"column":74},"skip":true},"33":{"start":{"line":123,"column":12},"end":{"line":123,"column":79},"skip":true},"34":{"start":{"line":124,"column":12},"end":{"line":124,"column":25},"skip":true},"35":{"start":{"line":125,"column":12},"end":{"line":125,"column":45},"skip":true},"36":{"start":{"line":128,"column":8},"end":{"line":135,"column":14},"skip":true},"37":{"start":{"line":133,"column":16},"end":{"line":133,"column":29},"skip":true},"38":{"start":{"line":134,"column":16},"end":{"line":134,"column":55},"skip":true},"39":{"start":{"line":137,"column":8},"end":{"line":146,"column":10},"skip":true},"40":{"start":{"line":144,"column":12},"end":{"line":144,"column":25},"skip":true},"41":{"start":{"line":145,"column":12},"end":{"line":145,"column":45},"skip":true},"42":{"start":{"line":148,"column":8},"end":{"line":157,"column":10},"skip":true},"43":{"start":{"line":155,"column":12},"end":{"line":155,"column":25},"skip":true},"44":{"start":{"line":156,"column":12},"end":{"line":156,"column":48},"skip":true},"45":{"start":{"line":159,"column":8},"end":{"line":168,"column":10},"skip":true},"46":{"start":{"line":166,"column":12},"end":{"line":166,"column":25},"skip":true},"47":{"start":{"line":167,"column":12},"end":{"line":167,"column":46},"skip":true},"48":{"start":{"line":170,"column":8},"end":{"line":179,"column":10},"skip":true},"49":{"start":{"line":177,"column":12},"end":{"line":177,"column":94},"skip":true},"50":{"start":{"line":178,"column":12},"end":{"line":178,"column":48},"skip":true},"51":{"start":{"line":182,"column":8},"end":{"line":182,"column":35},"skip":true},"52":{"start":{"line":183,"column":8},"end":{"line":183,"column":14},"skip":true}},"branchMap":{"1":{"line":25,"type":"binary-expr","locations":[{"start":{"line":25,"column":23},"end":{"line":25,"column":62}},{"start":{"line":26,"column":20},"end":{"line":26,"column":70}},{"start":{"line":27,"column":20},"end":{"line":27,"column":71}},{"start":{"line":28,"column":20},"end":{"line":28,"column":29}}]},"2":{"line":30,"type":"binary-expr","locations":[{"start":{"line":30,"column":23},"end":{"line":30,"column":37}},{"start":{"line":31,"column":20},"end":{"line":31,"column":61}},{"start":{"line":32,"column":20},"end":{"line":32,"column":70}},{"start":{"line":33,"column":20},"end":{"line":33,"column":26}}]},"3":{"line":37,"type":"cond-expr","locations":[{"start":{"line":38,"column":14},"end":{"line":38,"column":20}},{"start":{"line":39,"column":14},"end":{"line":39,"column":20}}]},"4":{"line":40,"type":"switch","locations":[{"start":{"line":42,"column":8},"end":{"line":47,"column":18}},{"start":{"line":49,"column":8},"end":{"line":52,"column":18}}]},"5":{"line":44,"type":"binary-expr","locations":[{"start":{"line":44,"column":16},"end":{"line":44,"column":44}},{"start":{"line":44,"column":48},"end":{"line":44,"column":66}}]},"6":{"line":50,"type":"binary-expr","locations":[{"start":{"line":50,"column":21},"end":{"line":50,"column":49}},{"start":{"line":50,"column":53},"end":{"line":50,"column":72}}]},"7":{"line":64,"type":"switch","locations":[{"start":{"line":69,"column":4},"end":{"line":70,"column":14}},{"start":{"line":75,"column":4},"end":{"line":76,"column":14}}]},"8":{"line":85,"type":"switch","locations":[{"start":{"line":90,"column":4},"end":{"line":95,"column":14}},{"start":{"line":101,"column":4},"end":{"line":183,"column":14},"skip":true}]},"9":{"line":92,"type":"binary-expr","locations":[{"start":{"line":92,"column":18},"end":{"line":92,"column":32}},{"start":{"line":93,"column":12},"end":{"line":93,"column":53}},{"start":{"line":94,"column":12},"end":{"line":94,"column":61}}]},"10":{"line":102,"type":"binary-expr","locations":[{"start":{"line":102,"column":45},"end":{"line":102,"column":79},"skip":true},{"start":{"line":102,"column":83},"end":{"line":111,"column":9},"skip":true}]},"11":{"line":113,"type":"binary-expr","locations":[{"start":{"line":113,"column":42},"end":{"line":113,"column":73},"skip":true},{"start":{"line":113,"column":77},"end":{"line":126,"column":9},"skip":true}]},"12":{"line":128,"type":"binary-expr","locations":[{"start":{"line":128,"column":48},"end":{"line":128,"column":85},"skip":true},{"start":{"line":129,"column":12},"end":{"line":135,"column":13},"skip":true}]},"13":{"line":137,"type":"binary-expr","locations":[{"start":{"line":137,"column":42},"end":{"line":137,"column":73},"skip":true},{"start":{"line":137,"column":77},"end":{"line":146,"column":9},"skip":true}]},"14":{"line":148,"type":"binary-expr","locations":[{"start":{"line":148,"column":45},"end":{"line":148,"column":79},"skip":true},{"start":{"line":148,"column":83},"end":{"line":157,"column":9},"skip":true}]},"15":{"line":159,"type":"binary-expr","locations":[{"start":{"line":159,"column":43},"end":{"line":159,"column":75},"skip":true},{"start":{"line":159,"column":79},"end":{"line":168,"column":9},"skip":true}]},"16":{"line":170,"type":"binary-expr","locations":[{"start":{"line":170,"column":41},"end":{"line":170,"column":71},"skip":true},{"start":{"line":170,"column":75},"end":{"line":179,"column":9},"skip":true}]}},"code":["/* istanbul instrument in package npmtest_random_js */","/*jslint","    bitwise: true,","    browser: true,","    maxerr: 8,","    maxlen: 96,","    node: true,","    nomen: true,","    regexp: true,","    stupid: true","*/","(function () {","    'use strict';","    var local;","","","","    // run shared js-env code - pre-init","    (function () {","        // init local","        local = {};","        // init modeJs","        local.modeJs = (function () {","            try {","                return typeof navigator.userAgent === 'string' &&","                    typeof document.querySelector('body') === 'object' &&","                    typeof XMLHttpRequest.prototype.open === 'function' &&","                    'browser';","            } catch (errorCaughtBrowser) {","                return module.exports &&","                    typeof process.versions.node === 'string' &&","                    typeof require('http').createServer === 'function' &&","                    'node';","            }","        }());","        // init global","        local.global = local.modeJs === 'browser'","            ? window","            : global;","        switch (local.modeJs) {","        // re-init local from window.local","        case 'browser':","            local = local.global.utility2.objectSetDefault(","                local.global.utility2_rollup || local.global.local,","                local.global.utility2","            );","            break;","        // re-init local from example.js","        case 'node':","            local = (local.global.utility2_rollup || require('utility2'))","                .requireExampleJsFromReadme();","            break;","        }","        // export local","        local.global.local = local;","    }());","","","","    // run shared js-env code - function","    (function () {","        return;","    }());","    switch (local.modeJs) {","","","","    // run browser js-env code - function","    case 'browser':","        break;","","","","    // run node js-env code - function","    case 'node':","        break;","    }","","","","    // run shared js-env code - post-init","    (function () {","        return;","    }());","    switch (local.modeJs) {","","","","    // run browser js-env code - post-init","    case 'browser':","        // run tests","        local.nop(local.modeTest &&","            document.querySelector('#testRunButton1') &&","            document.querySelector('#testRunButton1').click());","        break;","","","","    // run node js-env code - post-init","    /* istanbul ignore next */","    case 'node':","        local.testCase_buildApidoc_default = local.testCase_buildApidoc_default || function (","            options,","            onError","        ) {","        /*","         * this function will test buildApidoc's default handling-behavior-behavior","         */","            options = { modulePathList: module.paths };","            local.buildApidoc(options, onError);","        };","","        local.testCase_buildApp_default = local.testCase_buildApp_default || function (","            options,","            onError","        ) {","        /*","         * this function will test buildApp's default handling-behavior-behavior","         */","            local.testCase_buildReadme_default(options, local.onErrorThrow);","            local.testCase_buildLib_default(options, local.onErrorThrow);","            local.testCase_buildTest_default(options, local.onErrorThrow);","            local.testCase_buildCustomOrg_default(options, local.onErrorThrow);","            options = [];","            local.buildApp(options, onError);","        };","","        local.testCase_buildCustomOrg_default = local.testCase_buildCustomOrg_default ||","            function (options, onError) {","            /*","             * this function will test buildCustomOrg's default handling-behavior","             */","                options = {};","                local.buildCustomOrg(options, onError);","            };","","        local.testCase_buildLib_default = local.testCase_buildLib_default || function (","            options,","            onError","        ) {","        /*","         * this function will test buildLib's default handling-behavior","         */","            options = {};","            local.buildLib(options, onError);","        };","","        local.testCase_buildReadme_default = local.testCase_buildReadme_default || function (","            options,","            onError","        ) {","        /*","         * this function will test buildReadme's default handling-behavior-behavior","         */","            options = {};","            local.buildReadme(options, onError);","        };","","        local.testCase_buildTest_default = local.testCase_buildTest_default || function (","            options,","            onError","        ) {","        /*","         * this function will test buildTest's default handling-behavior","         */","            options = {};","            local.buildTest(options, onError);","        };","","        local.testCase_webpage_default = local.testCase_webpage_default || function (","            options,","            onError","        ) {","        /*","         * this function will test webpage's default handling-behavior","         */","            options = { modeCoverageMerge: true, url: local.serverLocalHost + '?modeTest=1' };","            local.browserTest(options, onError);","        };","","        // run test-server","        local.testRunServer(local);","        break;","    }","}());",""],"l":{"12":2,"14":2,"19":2,"21":2,"23":2,"24":2,"25":2,"30":1,"37":2,"40":2,"43":1,"47":1,"50":1,"52":1,"55":2,"61":2,"62":2,"64":2,"70":1,"76":1,"82":2,"83":2,"85":2,"92":1,"95":1,"102":1,"109":1,"110":1,"113":1,"120":1,"121":1,"122":1,"123":1,"124":1,"125":1,"128":1,"133":2,"134":2,"137":1,"144":2,"145":2,"148":1,"155":2,"156":2,"159":1,"166":2,"167":2,"170":1,"177":1,"178":1,"182":1,"183":1}},"/home/travis/build/npmtest/node-npmtest-random-js/lib.npmtest_random_js.js":{"path":"/home/travis/build/npmtest/node-npmtest-random-js/lib.npmtest_random_js.js","s":{"1":2,"2":2,"3":2,"4":2,"5":2,"6":2,"7":2,"8":1,"9":2,"10":2,"11":2,"12":2,"13":1,"14":1,"15":1,"16":1},"b":{"1":[2,1,1,1],"2":[1,1,1,1],"3":[1,1],"4":[2,2],"5":[1,1]},"f":{"1":2,"2":2,"3":2},"fnMap":{"1":{"name":"(anonymous_1)","line":12,"loc":{"start":{"line":12,"column":1},"end":{"line":12,"column":13}}},"2":{"name":"(anonymous_2)","line":19,"loc":{"start":{"line":19,"column":5},"end":{"line":19,"column":17}}},"3":{"name":"(anonymous_3)","line":23,"loc":{"start":{"line":23,"column":24},"end":{"line":23,"column":36}}}},"statementMap":{"1":{"start":{"line":12,"column":0},"end":{"line":53,"column":5}},"2":{"start":{"line":14,"column":4},"end":{"line":14,"column":14}},"3":{"start":{"line":19,"column":4},"end":{"line":52,"column":9}},"4":{"start":{"line":21,"column":8},"end":{"line":21,"column":19}},"5":{"start":{"line":23,"column":8},"end":{"line":35,"column":13}},"6":{"start":{"line":24,"column":12},"end":{"line":34,"column":13}},"7":{"start":{"line":25,"column":16},"end":{"line":28,"column":30}},"8":{"start":{"line":30,"column":16},"end":{"line":33,"column":27}},"9":{"start":{"line":37,"column":8},"end":{"line":39,"column":21}},"10":{"start":{"line":41,"column":8},"end":{"line":41,"column":54}},"11":{"start":{"line":43,"column":8},"end":{"line":43,"column":54}},"12":{"start":{"line":45,"column":8},"end":{"line":51,"column":9}},"13":{"start":{"line":46,"column":12},"end":{"line":46,"column":60}},"14":{"start":{"line":48,"column":12},"end":{"line":48,"column":35}},"15":{"start":{"line":49,"column":12},"end":{"line":49,"column":49}},"16":{"start":{"line":50,"column":12},"end":{"line":50,"column":43}}},"branchMap":{"1":{"line":25,"type":"binary-expr","locations":[{"start":{"line":25,"column":23},"end":{"line":25,"column":62}},{"start":{"line":26,"column":20},"end":{"line":26,"column":70}},{"start":{"line":27,"column":20},"end":{"line":27,"column":71}},{"start":{"line":28,"column":20},"end":{"line":28,"column":29}}]},"2":{"line":30,"type":"binary-expr","locations":[{"start":{"line":30,"column":23},"end":{"line":30,"column":37}},{"start":{"line":31,"column":20},"end":{"line":31,"column":61}},{"start":{"line":32,"column":20},"end":{"line":32,"column":70}},{"start":{"line":33,"column":20},"end":{"line":33,"column":26}}]},"3":{"line":37,"type":"cond-expr","locations":[{"start":{"line":38,"column":14},"end":{"line":38,"column":20}},{"start":{"line":39,"column":14},"end":{"line":39,"column":20}}]},"4":{"line":41,"type":"binary-expr","locations":[{"start":{"line":41,"column":16},"end":{"line":41,"column":44}},{"start":{"line":41,"column":48},"end":{"line":41,"column":53}}]},"5":{"line":45,"type":"if","locations":[{"start":{"line":45,"column":8},"end":{"line":45,"column":8}},{"start":{"line":45,"column":8},"end":{"line":45,"column":8}}]}},"code":["/* istanbul instrument in package npmtest_random_js */","/*jslint","    bitwise: true,","    browser: true,","    maxerr: 8,","    maxlen: 96,","    node: true,","    nomen: true,","    regexp: true,","    stupid: true","*/","(function () {","    'use strict';","    var local;","","","","    // run shared js-env code - pre-init","    (function () {","        // init local","        local = {};","        // init modeJs","        local.modeJs = (function () {","            try {","                return typeof navigator.userAgent === 'string' &&","                    typeof document.querySelector('body') === 'object' &&","                    typeof XMLHttpRequest.prototype.open === 'function' &&","                    'browser';","            } catch (errorCaughtBrowser) {","                return module.exports &&","                    typeof process.versions.node === 'string' &&","                    typeof require('http').createServer === 'function' &&","                    'node';","            }","        }());","        // init global","        local.global = local.modeJs === 'browser'","            ? window","            : global;","        // init utility2_rollup","        local = local.global.utility2_rollup || local;","        // init lib","        local.local = local.npmtest_random_js = local;","        // init exports","        if (local.modeJs === 'browser') {","            local.global.utility2_npmtest_random_js = local;","        } else {","            module.exports = local;","            module.exports.__dirname = __dirname;","            module.exports.module = module;","        }","    }());","}());",""],"l":{"12":2,"14":2,"19":2,"21":2,"23":2,"24":2,"25":2,"30":1,"37":2,"41":2,"43":2,"45":2,"46":1,"48":1,"49":1,"50":1}},"/home/travis/build/npmtest/node-npmtest-random-js/example.js":{"path":"/home/travis/build/npmtest/node-npmtest-random-js/example.js","s":{"1":2,"2":2,"3":2,"4":2,"5":2,"6":2,"7":2,"8":1,"9":2,"10":2,"11":2,"12":2,"13":1,"14":2,"15":2,"16":2,"17":2,"18":2,"19":0,"20":2,"21":1,"22":1,"23":1,"24":1,"25":1,"26":0,"27":0,"28":1,"29":1,"30":2,"31":0,"32":0,"33":0,"34":1,"35":2,"36":2,"37":2,"38":2,"39":2,"40":2,"41":0,"42":2,"43":2,"44":2,"45":1,"46":3,"47":1,"48":1,"49":1,"50":1,"51":1,"52":1,"53":1,"54":1,"55":1,"56":1,"57":0,"58":1,"59":6,"60":6,"61":1,"62":2,"63":0,"64":2,"65":1,"66":1,"67":0,"68":0,"69":0,"70":0,"71":0,"72":0,"73":0,"74":0,"75":0,"76":0,"77":0,"78":0,"79":0,"80":0,"81":0,"82":0,"83":0},"b":{"1":[2,1,1,1],"2":[1,1,1,1],"3":[1,1],"4":[2,2],"5":[1,1],"6":[1,1],"7":[2,0],"8":[2,1,1,1,1,1],"9":[0,2,0],"10":[1,1],"11":[2,1,1],"12":[1,0],"13":[0,2],"14":[2,0,0,0,0,0,0],"15":[0,2],"16":[2,0],"17":[1,1],"18":[0,1],"19":[1,2,0,2],"20":[1,0],"21":[1,1],"22":[0,0],"23":[0,0],"24":[0,0],"25":[0,0],"26":[0,0],"27":[0,0],"28":[0,0]},"f":{"1":2,"2":2,"3":2,"4":2,"5":2,"6":2,"7":2,"8":2,"9":3,"10":1,"11":6,"12":0},"fnMap":{"1":{"name":"(anonymous_1)","line":26,"loc":{"start":{"line":26,"column":1},"end":{"line":26,"column":13}}},"2":{"name":"(anonymous_2)","line":33,"loc":{"start":{"line":33,"column":5},"end":{"line":33,"column":17}}},"3":{"name":"(anonymous_3)","line":37,"loc":{"start":{"line":37,"column":24},"end":{"line":37,"column":36}}},"4":{"name":"(anonymous_4)","line":69,"loc":{"start":{"line":69,"column":31},"end":{"line":69,"column":48}},"skip":true},"5":{"name":"(anonymous_5)","line":78,"loc":{"start":{"line":78,"column":26},"end":{"line":78,"column":45}},"skip":true},"6":{"name":"(anonymous_6)","line":123,"loc":{"start":{"line":123,"column":33},"end":{"line":123,"column":48}},"skip":true},"7":{"name":"(anonymous_7)","line":125,"loc":{"start":{"line":125,"column":27},"end":{"line":125,"column":39}},"skip":true},"8":{"name":"(anonymous_8)","line":133,"loc":{"start":{"line":133,"column":59},"end":{"line":133,"column":74}},"skip":true},"9":{"name":"(anonymous_9)","line":143,"loc":{"start":{"line":143,"column":45},"end":{"line":143,"column":62}},"skip":true},"10":{"name":"(anonymous_10)","line":144,"loc":{"start":{"line":144,"column":73},"end":{"line":144,"column":92}},"skip":true},"11":{"name":"(anonymous_11)","line":272,"loc":{"start":{"line":272,"column":51},"end":{"line":272,"column":77}},"skip":true},"12":{"name":"(anonymous_12)","line":314,"loc":{"start":{"line":314,"column":32},"end":{"line":314,"column":61}},"skip":true}},"statementMap":{"1":{"start":{"line":26,"column":0},"end":{"line":325,"column":5}},"2":{"start":{"line":28,"column":4},"end":{"line":28,"column":14}},"3":{"start":{"line":33,"column":4},"end":{"line":60,"column":9}},"4":{"start":{"line":35,"column":8},"end":{"line":35,"column":19}},"5":{"start":{"line":37,"column":8},"end":{"line":49,"column":13}},"6":{"start":{"line":38,"column":12},"end":{"line":48,"column":13}},"7":{"start":{"line":39,"column":16},"end":{"line":42,"column":30}},"8":{"start":{"line":44,"column":16},"end":{"line":47,"column":27}},"9":{"start":{"line":51,"column":8},"end":{"line":53,"column":21}},"10":{"start":{"line":55,"column":8},"end":{"line":57,"column":45}},"11":{"start":{"line":59,"column":8},"end":{"line":59,"column":35}},"12":{"start":{"line":61,"column":4},"end":{"line":324,"column":5}},"13":{"start":{"line":69,"column":8},"end":{"line":121,"column":10},"skip":true},"14":{"start":{"line":70,"column":12},"end":{"line":88,"column":13},"skip":true},"15":{"start":{"line":76,"column":16},"end":{"line":87,"column":19},"skip":true},"16":{"start":{"line":79,"column":20},"end":{"line":86,"column":21},"skip":true},"17":{"start":{"line":82,"column":24},"end":{"line":82,"column":43},"skip":true},"18":{"start":{"line":83,"column":24},"end":{"line":83,"column":30},"skip":true},"19":{"start":{"line":85,"column":24},"end":{"line":85,"column":49},"skip":true},"20":{"start":{"line":89,"column":12},"end":{"line":107,"column":13},"skip":true},"21":{"start":{"line":92,"column":16},"end":{"line":102,"column":17},"skip":true},"22":{"start":{"line":93,"column":20},"end":{"line":93,"column":86},"skip":true},"23":{"start":{"line":94,"column":20},"end":{"line":95,"column":45},"skip":true},"24":{"start":{"line":96,"column":20},"end":{"line":96,"column":42},"skip":true},"25":{"start":{"line":97,"column":20},"end":{"line":97,"column":48},"skip":true},"26":{"start":{"line":100,"column":20},"end":{"line":100,"column":85},"skip":true},"27":{"start":{"line":101,"column":20},"end":{"line":101,"column":96},"skip":true},"28":{"start":{"line":103,"column":16},"end":{"line":103,"column":22},"skip":true},"29":{"start":{"line":106,"column":16},"end":{"line":106,"column":22},"skip":true},"30":{"start":{"line":108,"column":12},"end":{"line":120,"column":13},"skip":true},"31":{"start":{"line":114,"column":16},"end":{"line":119,"column":17},"skip":true},"32":{"start":{"line":116,"column":20},"end":{"line":116,"column":78},"skip":true},"33":{"start":{"line":118,"column":20},"end":{"line":118,"column":53},"skip":true},"34":{"start":{"line":123,"column":8},"end":{"line":141,"column":11},"skip":true},"35":{"start":{"line":124,"column":12},"end":{"line":124,"column":54},"skip":true},"36":{"start":{"line":125,"column":12},"end":{"line":140,"column":14},"skip":true},"37":{"start":{"line":126,"column":16},"end":{"line":126,"column":28},"skip":true},"38":{"start":{"line":127,"column":16},"end":{"line":127,"column":69},"skip":true},"39":{"start":{"line":128,"column":16},"end":{"line":128,"column":75},"skip":true},"40":{"start":{"line":129,"column":16},"end":{"line":131,"column":17},"skip":true},"41":{"start":{"line":130,"column":20},"end":{"line":130,"column":27},"skip":true},"42":{"start":{"line":133,"column":16},"end":{"line":137,"column":36},"skip":true},"43":{"start":{"line":134,"column":20},"end":{"line":136,"column":55},"skip":true},"44":{"start":{"line":139,"column":16},"end":{"line":139,"column":57},"skip":true},"45":{"start":{"line":143,"column":8},"end":{"line":147,"column":11},"skip":true},"46":{"start":{"line":144,"column":12},"end":{"line":146,"column":15},"skip":true},"47":{"start":{"line":145,"column":16},"end":{"line":145,"column":70},"skip":true},"48":{"start":{"line":149,"column":8},"end":{"line":149,"column":31},"skip":true},"49":{"start":{"line":150,"column":8},"end":{"line":150,"column":14},"skip":true},"50":{"start":{"line":158,"column":8},"end":{"line":158,"column":31},"skip":true},"51":{"start":{"line":160,"column":8},"end":{"line":160,"column":33},"skip":true},"52":{"start":{"line":161,"column":8},"end":{"line":161,"column":37},"skip":true},"53":{"start":{"line":162,"column":8},"end":{"line":162,"column":35},"skip":true},"54":{"start":{"line":164,"column":8},"end":{"line":164,"column":50},"skip":true},"55":{"start":{"line":166,"column":8},"end":{"line":256,"column":2},"skip":true},"56":{"start":{"line":258,"column":8},"end":{"line":286,"column":9},"skip":true},"57":{"start":{"line":259,"column":12},"end":{"line":269,"column":14},"skip":true},"58":{"start":{"line":271,"column":12},"end":{"line":285,"column":19},"skip":true},"59":{"start":{"line":274,"column":20},"end":{"line":274,"column":35},"skip":true},"60":{"start":{"line":275,"column":20},"end":{"line":284,"column":21},"skip":true},"61":{"start":{"line":277,"column":24},"end":{"line":277,"column":64},"skip":true},"62":{"start":{"line":279,"column":24},"end":{"line":279,"column":40},"skip":true},"63":{"start":{"line":281,"column":24},"end":{"line":281,"column":40},"skip":true},"64":{"start":{"line":283,"column":24},"end":{"line":283,"column":39},"skip":true},"65":{"start":{"line":288,"column":8},"end":{"line":290,"column":9},"skip":true},"66":{"start":{"line":289,"column":12},"end":{"line":289,"column":18},"skip":true},"67":{"start":{"line":291,"column":8},"end":{"line":293,"column":54},"skip":true},"68":{"start":{"line":294,"column":8},"end":{"line":301,"column":37},"skip":true},"69":{"start":{"line":302,"column":8},"end":{"line":302,"column":82},"skip":true},"70":{"start":{"line":305,"column":8},"end":{"line":307,"column":9},"skip":true},"71":{"start":{"line":306,"column":12},"end":{"line":306,"column":82},"skip":true},"72":{"start":{"line":309,"column":8},"end":{"line":311,"column":9},"skip":true},"73":{"start":{"line":310,"column":12},"end":{"line":310,"column":18},"skip":true},"74":{"start":{"line":312,"column":8},"end":{"line":312,"column":54},"skip":true},"75":{"start":{"line":313,"column":8},"end":{"line":313,"column":69},"skip":true},"76":{"start":{"line":314,"column":8},"end":{"line":322,"column":36},"skip":true},"77":{"start":{"line":315,"column":12},"end":{"line":315,"column":61},"skip":true},"78":{"start":{"line":316,"column":12},"end":{"line":319,"column":13},"skip":true},"79":{"start":{"line":317,"column":16},"end":{"line":317,"column":75},"skip":true},"80":{"start":{"line":318,"column":16},"end":{"line":318,"column":23},"skip":true},"81":{"start":{"line":320,"column":12},"end":{"line":320,"column":38},"skip":true},"82":{"start":{"line":321,"column":12},"end":{"line":321,"column":27},"skip":true},"83":{"start":{"line":323,"column":8},"end":{"line":323,"column":14},"skip":true}},"branchMap":{"1":{"line":39,"type":"binary-expr","locations":[{"start":{"line":39,"column":23},"end":{"line":39,"column":62}},{"start":{"line":40,"column":20},"end":{"line":40,"column":70}},{"start":{"line":41,"column":20},"end":{"line":41,"column":71}},{"start":{"line":42,"column":20},"end":{"line":42,"column":29}}]},"2":{"line":44,"type":"binary-expr","locations":[{"start":{"line":44,"column":23},"end":{"line":44,"column":37}},{"start":{"line":45,"column":20},"end":{"line":45,"column":61}},{"start":{"line":46,"column":20},"end":{"line":46,"column":70}},{"start":{"line":47,"column":20},"end":{"line":47,"column":26}}]},"3":{"line":51,"type":"cond-expr","locations":[{"start":{"line":52,"column":14},"end":{"line":52,"column":20}},{"start":{"line":53,"column":14},"end":{"line":53,"column":20}}]},"4":{"line":55,"type":"binary-expr","locations":[{"start":{"line":55,"column":16},"end":{"line":55,"column":44}},{"start":{"line":55,"column":49},"end":{"line":57,"column":43}}]},"5":{"line":55,"type":"cond-expr","locations":[{"start":{"line":56,"column":14},"end":{"line":56,"column":53}},{"start":{"line":57,"column":14},"end":{"line":57,"column":43}}]},"6":{"line":61,"type":"switch","locations":[{"start":{"line":68,"column":4},"end":{"line":150,"column":14},"skip":true},{"start":{"line":156,"column":4},"end":{"line":323,"column":14},"skip":true}]},"7":{"line":70,"type":"if","locations":[{"start":{"line":70,"column":12},"end":{"line":70,"column":12},"skip":true},{"start":{"line":70,"column":12},"end":{"line":70,"column":12},"skip":true}]},"8":{"line":70,"type":"binary-expr","locations":[{"start":{"line":70,"column":16},"end":{"line":70,"column":22},"skip":true},{"start":{"line":70,"column":27},"end":{"line":70,"column":32},"skip":true},{"start":{"line":71,"column":20},"end":{"line":71,"column":39},"skip":true},{"start":{"line":72,"column":20},"end":{"line":72,"column":49},"skip":true},{"start":{"line":73,"column":20},"end":{"line":73,"column":58},"skip":true},{"start":{"line":74,"column":20},"end":{"line":74,"column":69},"skip":true}]},"9":{"line":79,"type":"switch","locations":[{"start":{"line":80,"column":20},"end":{"line":80,"column":33},"skip":true},{"start":{"line":81,"column":20},"end":{"line":83,"column":30},"skip":true},{"start":{"line":84,"column":20},"end":{"line":85,"column":49},"skip":true}]},"10":{"line":89,"type":"switch","locations":[{"start":{"line":90,"column":12},"end":{"line":103,"column":22},"skip":true},{"start":{"line":105,"column":12},"end":{"line":106,"column":22},"skip":true}]},"11":{"line":89,"type":"binary-expr","locations":[{"start":{"line":89,"column":20},"end":{"line":89,"column":25},"skip":true},{"start":{"line":89,"column":29},"end":{"line":89,"column":48},"skip":true},{"start":{"line":89,"column":52},"end":{"line":89,"column":74},"skip":true}]},"12":{"line":92,"type":"if","locations":[{"start":{"line":92,"column":16},"end":{"line":92,"column":16},"skip":true},{"start":{"line":92,"column":16},"end":{"line":92,"column":16},"skip":true}]},"13":{"line":108,"type":"if","locations":[{"start":{"line":108,"column":12},"end":{"line":108,"column":12},"skip":true},{"start":{"line":108,"column":12},"end":{"line":108,"column":12},"skip":true}]},"14":{"line":108,"type":"binary-expr","locations":[{"start":{"line":108,"column":16},"end":{"line":108,"column":61},"skip":true},{"start":{"line":108,"column":66},"end":{"line":108,"column":72},"skip":true},{"start":{"line":108,"column":77},"end":{"line":108,"column":82},"skip":true},{"start":{"line":109,"column":20},"end":{"line":109,"column":39},"skip":true},{"start":{"line":110,"column":20},"end":{"line":110,"column":49},"skip":true},{"start":{"line":111,"column":20},"end":{"line":111,"column":58},"skip":true},{"start":{"line":112,"column":20},"end":{"line":112,"column":68},"skip":true}]},"15":{"line":129,"type":"if","locations":[{"start":{"line":129,"column":16},"end":{"line":129,"column":16},"skip":true},{"start":{"line":129,"column":16},"end":{"line":129,"column":16},"skip":true}]},"16":{"line":134,"type":"cond-expr","locations":[{"start":{"line":135,"column":26},"end":{"line":135,"column":29},"skip":true},{"start":{"line":136,"column":26},"end":{"line":136,"column":54},"skip":true}]},"17":{"line":164,"type":"binary-expr","locations":[{"start":{"line":164,"column":27},"end":{"line":164,"column":43},"skip":true},{"start":{"line":164,"column":47},"end":{"line":164,"column":49},"skip":true}]},"18":{"line":258,"type":"if","locations":[{"start":{"line":258,"column":8},"end":{"line":258,"column":8},"skip":true},{"start":{"line":258,"column":8},"end":{"line":258,"column":8},"skip":true}]},"19":{"line":275,"type":"switch","locations":[{"start":{"line":276,"column":20},"end":{"line":277,"column":64},"skip":true},{"start":{"line":278,"column":20},"end":{"line":279,"column":40},"skip":true},{"start":{"line":280,"column":20},"end":{"line":281,"column":40},"skip":true},{"start":{"line":282,"column":20},"end":{"line":283,"column":39},"skip":true}]},"20":{"line":288,"type":"if","locations":[{"start":{"line":288,"column":8},"end":{"line":288,"column":8},"skip":true},{"start":{"line":288,"column":8},"end":{"line":288,"column":8},"skip":true}]},"21":{"line":288,"type":"binary-expr","locations":[{"start":{"line":288,"column":12},"end":{"line":288,"column":40},"skip":true},{"start":{"line":288,"column":44},"end":{"line":288,"column":67},"skip":true}]},"22":{"line":292,"type":"binary-expr","locations":[{"start":{"line":292,"column":12},"end":{"line":292,"column":50},"skip":true},{"start":{"line":293,"column":12},"end":{"line":293,"column":53},"skip":true}]},"23":{"line":295,"type":"binary-expr","locations":[{"start":{"line":295,"column":12},"end":{"line":295,"column":67},"skip":true},{"start":{"line":296,"column":12},"end":{"line":301,"column":36},"skip":true}]},"24":{"line":302,"type":"binary-expr","locations":[{"start":{"line":302,"column":43},"end":{"line":302,"column":75},"skip":true},{"start":{"line":302,"column":79},"end":{"line":302,"column":81},"skip":true}]},"25":{"line":305,"type":"if","locations":[{"start":{"line":305,"column":8},"end":{"line":305,"column":8},"skip":true},{"start":{"line":305,"column":8},"end":{"line":305,"column":8},"skip":true}]},"26":{"line":309,"type":"if","locations":[{"start":{"line":309,"column":8},"end":{"line":309,"column":8},"skip":true},{"start":{"line":309,"column":8},"end":{"line":309,"column":8},"skip":true}]},"27":{"line":312,"type":"binary-expr","locations":[{"start":{"line":312,"column":27},"end":{"line":312,"column":43},"skip":true},{"start":{"line":312,"column":47},"end":{"line":312,"column":53},"skip":true}]},"28":{"line":316,"type":"if","locations":[{"start":{"line":316,"column":12},"end":{"line":316,"column":12},"skip":true},{"start":{"line":316,"column":12},"end":{"line":316,"column":12},"skip":true}]}},"code":["/*","example.js","","quickstart example","","instruction","    1. save this script as example.js","    2. run the shell command:","        $ npm install npmtest-random-js && PORT=8081 node example.js","    3. play with the browser-demo on http://127.0.0.1:8081","*/","","","","/* istanbul instrument in package npmtest_random_js */","/*jslint","    bitwise: true,","    browser: true,","    maxerr: 8,","    maxlen: 96,","    node: true,","    nomen: true,","    regexp: true,","    stupid: true","*/","(function () {","    'use strict';","    var local;","","","","    // run shared js-env code - pre-init","    (function () {","        // init local","        local = {};","        // init modeJs","        local.modeJs = (function () {","            try {","                return typeof navigator.userAgent === 'string' &&","                    typeof document.querySelector('body') === 'object' &&","                    typeof XMLHttpRequest.prototype.open === 'function' &&","                    'browser';","            } catch (errorCaughtBrowser) {","                return module.exports &&","                    typeof process.versions.node === 'string' &&","                    typeof require('http').createServer === 'function' &&","                    'node';","            }","        }());","        // init global","        local.global = local.modeJs === 'browser'","            ? window","            : global;","        // init utility2_rollup","        local = local.global.utility2_rollup || (local.modeJs === 'browser'","            ? local.global.utility2_npmtest_random_js","            : global.utility2_moduleExports);","        // export local","        local.global.local = local;","    }());","    switch (local.modeJs) {","","","","    // post-init","    // run browser js-env code - post-init","    /* istanbul ignore next */","    case 'browser':","        local.testRunBrowser = function (event) {","            if (!event || (event &&","                    event.currentTarget &&","                    event.currentTarget.className &&","                    event.currentTarget.className.includes &&","                    event.currentTarget.className.includes('onreset'))) {","                // reset output","                Array.from(","                    document.querySelectorAll('body > .resettable')","                ).forEach(function (element) {","                    switch (element.tagName) {","                    case 'INPUT':","                    case 'TEXTAREA':","                        element.value = '';","                        break;","                    default:","                        element.textContent = '';","                    }","                });","            }","            switch (event && event.currentTarget && event.currentTarget.id) {","            case 'testRunButton1':","                // show tests","                if (document.querySelector('#testReportDiv1').style.display === 'none') {","                    document.querySelector('#testReportDiv1').style.display = 'block';","                    document.querySelector('#testRunButton1').textContent =","                        'hide internal test';","                    local.modeTest = true;","                    local.testRunDefault(local);","                // hide tests","                } else {","                    document.querySelector('#testReportDiv1').style.display = 'none';","                    document.querySelector('#testRunButton1').textContent = 'run internal test';","                }","                break;","            // custom-case","            default:","                break;","            }","            if (document.querySelector('#inputTextareaEval1') && (!event || (event &&","                    event.currentTarget &&","                    event.currentTarget.className &&","                    event.currentTarget.className.includes &&","                    event.currentTarget.className.includes('oneval')))) {","                // try to eval input-code","                try {","                    /*jslint evil: true*/","                    eval(document.querySelector('#inputTextareaEval1').value);","                } catch (errorCaught) {","                    console.error(errorCaught.stack);","                }","            }","        };","        // log stderr and stdout to #outputTextareaStdout1","        ['error', 'log'].forEach(function (key) {","            console[key + '_original'] = console[key];","            console[key] = function () {","                var element;","                console[key + '_original'].apply(console, arguments);","                element = document.querySelector('#outputTextareaStdout1');","                if (!element) {","                    return;","                }","                // append text to #outputTextareaStdout1","                element.value += Array.from(arguments).map(function (arg) {","                    return typeof arg === 'string'","                        ? arg","                        : JSON.stringify(arg, null, 4);","                }).join(' ') + '\\n';","                // scroll textarea to bottom","                element.scrollTop = element.scrollHeight;","            };","        });","        // init event-handling","        ['change', 'click', 'keyup'].forEach(function (event) {","            Array.from(document.querySelectorAll('.on' + event)).forEach(function (element) {","                element.addEventListener(event, local.testRunBrowser);","            });","        });","        // run tests","        local.testRunBrowser();","        break;","","","","    // run node js-env code - post-init","    /* istanbul ignore next */","    case 'node':","        // export local","        module.exports = local;","        // require modules","        local.fs = require('fs');","        local.http = require('http');","        local.url = require('url');","        // init assets","        local.assetsDict = local.assetsDict || {};","        /* jslint-ignore-begin */","        local.assetsDict['/assets.index.template.html'] = '\\","<!doctype html>\\n\\","<html lang=\"en\">\\n\\","<head>\\n\\","<meta charset=\"UTF-8\">\\n\\","<meta name=\"viewport\" content=\"width=device-width, initial-scale=1\">\\n\\","<title>{{env.npm_package_name}} (v{{env.npm_package_version}})</title>\\n\\","<style>\\n\\","/*csslint\\n\\","    box-sizing: false,\\n\\","    universal-selector: false\\n\\","*/\\n\\","* {\\n\\","    box-sizing: border-box;\\n\\","}\\n\\","body {\\n\\","    background: #dde;\\n\\","    font-family: Arial, Helvetica, sans-serif;\\n\\","    margin: 2rem;\\n\\","}\\n\\","body > * {\\n\\","    margin-bottom: 1rem;\\n\\","}\\n\\",".utility2FooterDiv {\\n\\","    margin-top: 20px;\\n\\","    text-align: center;\\n\\","}\\n\\","</style>\\n\\","<style>\\n\\","/*csslint\\n\\","*/\\n\\","textarea {\\n\\","    font-family: monospace;\\n\\","    height: 10rem;\\n\\","    width: 100%;\\n\\","}\\n\\","textarea[readonly] {\\n\\","    background: #ddd;\\n\\","}\\n\\","</style>\\n\\","</head>\\n\\","<body>\\n\\","<!-- utility2-comment\\n\\","<div id=\"ajaxProgressDiv1\" style=\"background: #d00; height: 2px; left: 0; margin: 0; padding: 0; position: fixed; top: 0; transition: background 0.5s, width 1.5s; width: 25%;\"></div>\\n\\","utility2-comment -->\\n\\","<h1>\\n\\","<!-- utility2-comment\\n\\","    <a\\n\\","        {{#if env.npm_package_homepage}}\\n\\","        href=\"{{env.npm_package_homepage}}\"\\n\\","        {{/if env.npm_package_homepage}}\\n\\","        target=\"_blank\"\\n\\","    >\\n\\","utility2-comment -->\\n\\","        {{env.npm_package_name}} (v{{env.npm_package_version}})\\n\\","<!-- utility2-comment\\n\\","    </a>\\n\\","utility2-comment -->\\n\\","</h1>\\n\\","<h3>{{env.npm_package_description}}</h3>\\n\\","<!-- utility2-comment\\n\\","<h4><a download href=\"assets.app.js\">download standalone app</a></h4>\\n\\","<button class=\"onclick onreset\" id=\"testRunButton1\">run internal test</button><br>\\n\\","<div id=\"testReportDiv1\" style=\"display: none;\"></div>\\n\\","utility2-comment -->\\n\\","\\n\\","\\n\\","\\n\\","<label>stderr and stdout</label>\\n\\","<textarea class=\"resettable\" id=\"outputTextareaStdout1\" readonly></textarea>\\n\\","<!-- utility2-comment\\n\\","{{#if isRollup}}\\n\\","<script src=\"assets.app.js\"></script>\\n\\","{{#unless isRollup}}\\n\\","utility2-comment -->\\n\\","<script src=\"assets.utility2.rollup.js\"></script>\\n\\","<script src=\"jsonp.utility2._stateInit?callback=window.utility2._stateInit\"></script>\\n\\","<script src=\"assets.npmtest_random_js.rollup.js\"></script>\\n\\","<script src=\"assets.example.js\"></script>\\n\\","<script src=\"assets.test.js\"></script>\\n\\","<!-- utility2-comment\\n\\","{{/if isRollup}}\\n\\","utility2-comment -->\\n\\","<div class=\"utility2FooterDiv\">\\n\\","    [ this app was created with\\n\\","    <a href=\"https://github.com/kaizhu256/node-utility2\" target=\"_blank\">utility2</a>\\n\\","    ]\\n\\","</div>\\n\\","</body>\\n\\","</html>\\n\\","';","        /* jslint-ignore-end */","        if (local.templateRender) {","            local.assetsDict['/'] = local.templateRender(","                local.assetsDict['/assets.index.template.html'],","                {","                    env: local.objectSetDefault(local.env, {","                        npm_package_description: 'the greatest app in the world!',","                        npm_package_name: 'my-app',","                        npm_package_nameAlias: 'my_app',","                        npm_package_version: '0.0.1'","                    })","                }","            );","        } else {","            local.assetsDict['/'] = local.assetsDict['/assets.index.template.html']","                .replace((/\\{\\{env\\.(\\w+?)\\}\\}/g), function (match0, match1) {","                    // jslint-hack","                    String(match0);","                    switch (match1) {","                    case 'npm_package_description':","                        return 'the greatest app in the world!';","                    case 'npm_package_name':","                        return 'my-app';","                    case 'npm_package_nameAlias':","                        return 'my_app';","                    case 'npm_package_version':","                        return '0.0.1';","                    }","                });","        }","        // run the cli","        if (local.global.utility2_rollup || module !== require.main) {","            break;","        }","        local.assetsDict['/assets.example.js'] =","            local.assetsDict['/assets.example.js'] ||","            local.fs.readFileSync(__filename, 'utf8');","        local.assetsDict['/assets.npmtest_random_js.rollup.js'] =","            local.assetsDict['/assets.npmtest_random_js.rollup.js'] ||","            local.fs.readFileSync(","                // buildCustomOrg-hack","                local.npmtest_random_js.__dirname +","                    '/lib.npmtest_random_js.js',","                'utf8'","            ).replace((/^#!/), '//');","        local.assetsDict['/favicon.ico'] = local.assetsDict['/favicon.ico'] || '';","        // if $npm_config_timeout_exit exists,","        // then exit this process after $npm_config_timeout_exit ms","        if (Number(process.env.npm_config_timeout_exit)) {","            setTimeout(process.exit, Number(process.env.npm_config_timeout_exit));","        }","        // start server","        if (local.global.utility2_serverHttp1) {","            break;","        }","        process.env.PORT = process.env.PORT || '8081';","        console.error('server starting on port ' + process.env.PORT);","        local.http.createServer(function (request, response) {","            request.urlParsed = local.url.parse(request.url);","            if (local.assetsDict[request.urlParsed.pathname] !== undefined) {","                response.end(local.assetsDict[request.urlParsed.pathname]);","                return;","            }","            response.statusCode = 404;","            response.end();","        }).listen(process.env.PORT);","        break;","    }","}());",""],"l":{"26":2,"28":2,"33":2,"35":2,"37":2,"38":2,"39":2,"44":1,"51":2,"55":2,"59":2,"61":2,"69":1,"70":2,"76":2,"79":2,"82":2,"83":2,"85":1,"89":2,"92":1,"93":1,"94":1,"96":1,"97":1,"100":1,"101":1,"103":1,"106":1,"108":2,"114":1,"116":1,"118":1,"123":1,"124":2,"125":2,"126":2,"127":2,"128":2,"129":2,"130":1,"133":2,"134":2,"139":2,"143":1,"144":3,"145":1,"149":1,"150":1,"158":1,"160":1,"161":1,"162":1,"164":1,"166":1,"258":1,"259":1,"271":1,"274":6,"275":6,"277":1,"279":2,"281":1,"283":2,"288":1,"289":1,"291":1,"294":1,"302":1,"305":1,"306":1,"309":1,"310":1,"312":1,"313":1,"314":1,"315":1,"316":1,"317":1,"318":1,"320":1,"321":1,"323":1}},"/home/travis/build/npmtest/node-npmtest-random-js/random-js/lib/random.js":{"path":"/home/travis/build/npmtest/node-npmtest-random-js/random-js/lib/random.js","s":{"1":1,"2":1,"3":1,"4":0,"5":0,"6":0,"7":0,"8":0,"9":1,"10":0,"11":0,"12":0,"13":0,"14":0,"15":0,"16":0,"17":0,"18":1,"19":0,"20":0,"21":0,"22":0,"23":0,"24":0,"25":0,"26":1,"27":1,"28":0,"29":1,"30":0,"31":0,"32":0,"33":0,"34":0,"35":0,"36":0,"37":0,"38":0,"39":0,"40":1,"41":0,"42":0,"43":0,"44":0,"45":1,"46":0,"47":0,"48":0,"49":0,"50":0,"51":0,"52":0,"53":0,"54":0,"55":0,"56":0,"57":0,"58":0,"59":0,"60":0,"61":0,"62":0,"63":0,"64":0,"65":0,"66":0,"67":1,"68":0,"69":0,"70":0,"71":1,"72":0,"73":0,"74":0,"75":0,"76":0,"77":0,"78":0,"79":0,"80":0,"81":0,"82":0,"83":0,"84":0,"85":0,"86":0,"87":0,"88":0,"89":0,"90":0,"91":0,"92":0,"93":0,"94":0,"95":0,"96":0,"97":0,"98":0,"99":0,"100":0,"101":0,"102":0,"103":0,"104":0,"105":0,"106":0,"107":1,"108":0,"109":0,"110":0,"111":0,"112":0,"113":0,"114":0,"115":0,"116":0,"117":1,"118":0,"119":0,"120":0,"121":0,"122":0,"123":0,"124":1,"125":0,"126":0,"127":1,"128":0,"129":1,"130":0,"131":1,"132":0,"133":1,"134":0,"135":1,"136":0,"137":0,"138":0,"139":1,"140":0,"141":1,"142":0,"143":0,"144":0,"145":0,"146":0,"147":0,"148":0,"149":1,"150":0,"151":1,"152":0,"153":0,"154":0,"155":1,"156":0,"157":1,"158":0,"159":0,"160":0,"161":0,"162":0,"163":0,"164":0,"165":1,"166":0,"167":1,"168":2,"169":2,"170":0,"171":0,"172":1,"173":1,"174":2,"175":1,"176":2,"177":0,"178":1,"179":0,"180":0,"181":0,"182":0,"183":0,"184":0,"185":0,"186":1,"187":2,"188":2,"189":0,"190":1,"191":0,"192":1,"193":0,"194":0,"195":0,"196":0,"197":1,"198":0,"199":0,"200":0,"201":0,"202":0,"203":0,"204":0,"205":0,"206":1,"207":0,"208":0,"209":0,"210":0,"211":0,"212":0,"213":1,"214":0,"215":0,"216":0,"217":0,"218":0,"219":0,"220":0,"221":1,"222":2,"223":2,"224":2,"225":0,"226":2,"227":0,"228":2,"229":2,"230":0,"231":2,"232":0,"233":0,"234":0,"235":2,"236":2,"237":0,"238":0,"239":0,"240":0,"241":0,"242":0,"243":0,"244":0,"245":0,"246":0,"247":0,"248":0,"249":0,"250":0,"251":0,"252":1,"253":0,"254":1,"255":0,"256":1,"257":0,"258":1,"259":0,"260":1,"261":0,"262":1,"263":1,"264":0,"265":0,"266":0,"267":0,"268":0,"269":0,"270":0,"271":1,"272":0,"273":0,"274":0,"275":0,"276":0,"277":1,"278":0,"279":1,"280":1,"281":0,"282":1,"283":0,"284":0,"285":1,"286":0,"287":0,"288":0,"289":0,"290":0,"291":0,"292":0,"293":0,"294":1,"295":0,"296":0,"297":0,"298":0,"299":0,"300":0,"301":0,"302":0,"303":0,"304":1,"305":0,"306":1,"307":0,"308":0,"309":0,"310":0,"311":1,"312":0,"313":0,"314":0,"315":1,"316":0,"317":0,"318":0,"319":0,"320":0,"321":0,"322":0,"323":1,"324":0,"325":1,"326":0,"327":1,"328":1,"329":0,"330":0,"331":0,"332":0,"333":0,"334":0,"335":1,"336":0,"337":0,"338":0,"339":0,"340":0,"341":0,"342":0,"343":0,"344":0,"345":0,"346":0,"347":0,"348":1,"349":0,"350":1,"351":0,"352":0,"353":0,"354":0,"355":0,"356":0,"357":0,"358":0,"359":0,"360":0,"361":1,"362":0,"363":1,"364":0,"365":1,"366":0,"367":1,"368":0,"369":0,"370":0,"371":0,"372":0,"373":0,"374":0,"375":1,"376":0,"377":1,"378":1,"379":0,"380":1,"381":0,"382":0,"383":0,"384":0,"385":0,"386":1,"387":0,"388":1,"389":1,"390":1,"391":2,"392":0,"393":2,"394":2,"395":0,"396":2,"397":2,"398":0,"399":0,"400":0,"401":0,"402":0,"403":1,"404":0,"405":1,"406":1,"407":1,"408":1,"409":1,"410":0,"411":0,"412":0,"413":1,"414":0,"415":1,"416":0,"417":0,"418":0,"419":0,"420":0,"421":0,"422":0,"423":1,"424":0,"425":1,"426":0,"427":0,"428":1,"429":1,"430":0,"431":0,"432":0,"433":0,"434":0,"435":0},"b":{"1":[0,1],"2":[1,1],"3":[1,0],"4":[1,1],"5":[0,0],"6":[0,0],"7":[0,0],"8":[0,0],"9":[0,0],"10":[0,0],"11":[0,0],"12":[0,0],"13":[0,0],"14":[0,0],"15":[0,0],"16":[0,0],"17":[1,0],"18":[0,1],"19":[1,1,0],"20":[0,0],"21":[0,0],"22":[0,0],"23":[0,0],"24":[0,0],"25":[0,0],"26":[0,0],"27":[0,0],"28":[0,0],"29":[0,0],"30":[2,0],"31":[2,0],"32":[0,0],"33":[0,0],"34":[0,0],"35":[0,0],"36":[0,2],"37":[2,2],"38":[0,2],"39":[2,2],"40":[0,2],"41":[2,2],"42":[0,2],"43":[0,0],"44":[2,0],"45":[0,0],"46":[0,0],"47":[0,0],"48":[0,0],"49":[0,0],"50":[0,0],"51":[0,0],"52":[0,0],"53":[0,0],"54":[0,0],"55":[0,0],"56":[0,0],"57":[0,0],"58":[0,0],"59":[0,0],"60":[0,0],"61":[0,0],"62":[0,0],"63":[0,0],"64":[0,0],"65":[0,0],"66":[0,0],"67":[0,0],"68":[0,0],"69":[0,0],"70":[0,0],"71":[0,0],"72":[0,0],"73":[0,0],"74":[0,0],"75":[0,0],"76":[0,0],"77":[0,0,0],"78":[0,0],"79":[0,0],"80":[0,2],"81":[0,2],"82":[0,0],"83":[0,0],"84":[0,0],"85":[0,1],"86":[1,0],"87":[1,0],"88":[1,1]},"f":{"1":1,"2":0,"3":0,"4":0,"5":0,"6":0,"7":1,"8":0,"9":0,"10":0,"11":0,"12":0,"13":0,"14":0,"15":0,"16":0,"17":0,"18":0,"19":0,"20":0,"21":0,"22":0,"23":0,"24":0,"25":0,"26":0,"27":0,"28":0,"29":0,"30":0,"31":0,"32":0,"33":0,"34":0,"35":2,"36":0,"37":1,"38":2,"39":2,"40":0,"41":0,"42":0,"43":2,"44":0,"45":0,"46":0,"47":0,"48":0,"49":0,"50":0,"51":0,"52":2,"53":0,"54":0,"55":0,"56":0,"57":0,"58":1,"59":0,"60":0,"61":0,"62":0,"63":0,"64":1,"65":0,"66":0,"67":0,"68":0,"69":0,"70":0,"71":0,"72":0,"73":0,"74":0,"75":0,"76":0,"77":0,"78":0,"79":0,"80":0,"81":0,"82":0,"83":0,"84":0,"85":0,"86":0,"87":1,"88":0,"89":0,"90":0,"91":1,"92":2,"93":0,"94":0,"95":1,"96":0,"97":0,"98":0,"99":0,"100":0,"101":0,"102":0,"103":0},"fnMap":{"1":{"name":"(anonymous_1)","line":2,"loc":{"start":{"line":2,"column":1},"end":{"line":2,"column":17}}},"2":{"name":"(anonymous_2)","line":8,"loc":{"start":{"line":8,"column":4},"end":{"line":8,"column":20}}},"3":{"name":"(anonymous_3)","line":20,"loc":{"start":{"line":20,"column":4},"end":{"line":20,"column":20}}},"4":{"name":"(anonymous_4)","line":22,"loc":{"start":{"line":22,"column":8},"end":{"line":22,"column":34}}},"5":{"name":"Random","line":34,"loc":{"start":{"line":34,"column":2},"end":{"line":34,"column":26}}},"6":{"name":"(anonymous_6)","line":49,"loc":{"start":{"line":49,"column":16},"end":{"line":49,"column":28}}},"7":{"name":"(anonymous_7)","line":52,"loc":{"start":{"line":52,"column":14},"end":{"line":52,"column":36}}},"8":{"name":"refreshData","line":54,"loc":{"start":{"line":54,"column":6},"end":{"line":54,"column":33}}},"9":{"name":"temper","line":73,"loc":{"start":{"line":73,"column":6},"end":{"line":73,"column":29}}},"10":{"name":"seedWithArray","line":80,"loc":{"start":{"line":80,"column":6},"end":{"line":80,"column":43}}},"11":{"name":"mt19937","line":111,"loc":{"start":{"line":111,"column":6},"end":{"line":111,"column":25}}},"12":{"name":"next","line":116,"loc":{"start":{"line":116,"column":8},"end":{"line":116,"column":24}}},"13":{"name":"(anonymous_13)","line":127,"loc":{"start":{"line":127,"column":27},"end":{"line":127,"column":38}}},"14":{"name":"(anonymous_14)","line":130,"loc":{"start":{"line":130,"column":23},"end":{"line":130,"column":40}}},"15":{"name":"(anonymous_15)","line":144,"loc":{"start":{"line":144,"column":20},"end":{"line":144,"column":39}}},"16":{"name":"(anonymous_16)","line":155,"loc":{"start":{"line":155,"column":29},"end":{"line":155,"column":47}}},"17":{"name":"(anonymous_17)","line":160,"loc":{"start":{"line":160,"column":24},"end":{"line":160,"column":36}}},"18":{"name":"(anonymous_18)","line":168,"loc":{"start":{"line":168,"column":138},"end":{"line":168,"column":150}}},"19":{"name":"(anonymous_19)","line":172,"loc":{"start":{"line":172,"column":13},"end":{"line":172,"column":25}}},"20":{"name":"(anonymous_20)","line":186,"loc":{"start":{"line":186,"column":32},"end":{"line":186,"column":44}}},"21":{"name":"returnValue","line":196,"loc":{"start":{"line":196,"column":2},"end":{"line":196,"column":30}}},"22":{"name":"(anonymous_22)","line":197,"loc":{"start":{"line":197,"column":11},"end":{"line":197,"column":23}}},"23":{"name":"(anonymous_23)","line":203,"loc":{"start":{"line":203,"column":17},"end":{"line":203,"column":35}}},"24":{"name":"(anonymous_24)","line":206,"loc":{"start":{"line":206,"column":16},"end":{"line":206,"column":28}}},"25":{"name":"(anonymous_25)","line":211,"loc":{"start":{"line":211,"column":18},"end":{"line":211,"column":36}}},"26":{"name":"(anonymous_26)","line":214,"loc":{"start":{"line":214,"column":17},"end":{"line":214,"column":29}}},"27":{"name":"(anonymous_27)","line":219,"loc":{"start":{"line":219,"column":18},"end":{"line":219,"column":36}}},"28":{"name":"(anonymous_28)","line":224,"loc":{"start":{"line":224,"column":17},"end":{"line":224,"column":29}}},"29":{"name":"(anonymous_29)","line":229,"loc":{"start":{"line":229,"column":22},"end":{"line":229,"column":40}}},"30":{"name":"(anonymous_30)","line":242,"loc":{"start":{"line":242,"column":21},"end":{"line":242,"column":33}}},"31":{"name":"(anonymous_31)","line":247,"loc":{"start":{"line":247,"column":17},"end":{"line":247,"column":35}}},"32":{"name":"(anonymous_32)","line":252,"loc":{"start":{"line":252,"column":16},"end":{"line":252,"column":28}}},"33":{"name":"(anonymous_33)","line":257,"loc":{"start":{"line":257,"column":21},"end":{"line":257,"column":39}}},"34":{"name":"(anonymous_34)","line":270,"loc":{"start":{"line":270,"column":20},"end":{"line":270,"column":32}}},"35":{"name":"add","line":274,"loc":{"start":{"line":274,"column":2},"end":{"line":274,"column":33}}},"36":{"name":"(anonymous_36)","line":278,"loc":{"start":{"line":278,"column":13},"end":{"line":278,"column":31}}},"37":{"name":"(anonymous_37)","line":284,"loc":{"start":{"line":284,"column":20},"end":{"line":284,"column":32}}},"38":{"name":"isPowerOfTwoMinusOne","line":285,"loc":{"start":{"line":285,"column":4},"end":{"line":285,"column":41}}},"39":{"name":"bitmask","line":289,"loc":{"start":{"line":289,"column":4},"end":{"line":289,"column":30}}},"40":{"name":"(anonymous_40)","line":290,"loc":{"start":{"line":290,"column":13},"end":{"line":290,"column":31}}},"41":{"name":"downscaleToLoopCheckedRange","line":295,"loc":{"start":{"line":295,"column":4},"end":{"line":295,"column":48}}},"42":{"name":"(anonymous_42)","line":298,"loc":{"start":{"line":298,"column":13},"end":{"line":298,"column":31}}},"43":{"name":"downscaleToRange","line":307,"loc":{"start":{"line":307,"column":4},"end":{"line":307,"column":37}}},"44":{"name":"isEvenlyDivisibleByMaxInt32","line":315,"loc":{"start":{"line":315,"column":4},"end":{"line":315,"column":48}}},"45":{"name":"upscaleWithHighMasking","line":319,"loc":{"start":{"line":319,"column":4},"end":{"line":319,"column":45}}},"46":{"name":"(anonymous_46)","line":320,"loc":{"start":{"line":320,"column":13},"end":{"line":320,"column":31}}},"47":{"name":"upscaleToLoopCheckedRange","line":327,"loc":{"start":{"line":327,"column":4},"end":{"line":327,"column":54}}},"48":{"name":"(anonymous_48)","line":329,"loc":{"start":{"line":329,"column":13},"end":{"line":329,"column":31}}},"49":{"name":"upscaleWithinU53","line":340,"loc":{"start":{"line":340,"column":4},"end":{"line":340,"column":37}}},"50":{"name":"upscaleWithinI53AndLoopCheck","line":351,"loc":{"start":{"line":351,"column":4},"end":{"line":351,"column":52}}},"51":{"name":"(anonymous_51)","line":352,"loc":{"start":{"line":352,"column":13},"end":{"line":352,"column":31}}},"52":{"name":"(anonymous_52)","line":363,"loc":{"start":{"line":363,"column":11},"end":{"line":363,"column":31}}},"53":{"name":"(anonymous_53)","line":402,"loc":{"start":{"line":402,"column":18},"end":{"line":402,"column":38}}},"54":{"name":"(anonymous_54)","line":407,"loc":{"start":{"line":407,"column":34},"end":{"line":407,"column":52}}},"55":{"name":"(anonymous_55)","line":410,"loc":{"start":{"line":410,"column":33},"end":{"line":410,"column":45}}},"56":{"name":"(anonymous_56)","line":415,"loc":{"start":{"line":415,"column":34},"end":{"line":415,"column":52}}},"57":{"name":"(anonymous_57)","line":418,"loc":{"start":{"line":418,"column":33},"end":{"line":418,"column":45}}},"58":{"name":"(anonymous_58)","line":422,"loc":{"start":{"line":422,"column":17},"end":{"line":422,"column":29}}},"59":{"name":"multiply","line":423,"loc":{"start":{"line":423,"column":4},"end":{"line":423,"column":44}}},"60":{"name":"(anonymous_60)","line":427,"loc":{"start":{"line":427,"column":15},"end":{"line":427,"column":27}}},"61":{"name":"(anonymous_61)","line":431,"loc":{"start":{"line":431,"column":15},"end":{"line":431,"column":33}}},"62":{"name":"(anonymous_62)","line":437,"loc":{"start":{"line":437,"column":11},"end":{"line":437,"column":45}}},"63":{"name":"(anonymous_63)","line":450,"loc":{"start":{"line":450,"column":15},"end":{"line":450,"column":46}}},"64":{"name":"(anonymous_64)","line":454,"loc":{"start":{"line":454,"column":17},"end":{"line":454,"column":29}}},"65":{"name":"isLeastBitTrue","line":455,"loc":{"start":{"line":455,"column":4},"end":{"line":455,"column":36}}},"66":{"name":"lessThan","line":459,"loc":{"start":{"line":459,"column":4},"end":{"line":459,"column":39}}},"67":{"name":"(anonymous_67)","line":460,"loc":{"start":{"line":460,"column":13},"end":{"line":460,"column":31}}},"68":{"name":"probability","line":465,"loc":{"start":{"line":465,"column":4},"end":{"line":465,"column":37}}},"69":{"name":"(anonymous_69)","line":480,"loc":{"start":{"line":480,"column":11},"end":{"line":480,"column":45}}},"70":{"name":"(anonymous_70)","line":496,"loc":{"start":{"line":496,"column":15},"end":{"line":496,"column":49}}},"71":{"name":"toInteger","line":500,"loc":{"start":{"line":500,"column":2},"end":{"line":500,"column":28}}},"72":{"name":"convertSliceArgument","line":509,"loc":{"start":{"line":509,"column":2},"end":{"line":509,"column":47}}},"73":{"name":"(anonymous_73)","line":516,"loc":{"start":{"line":516,"column":16},"end":{"line":516,"column":53}}},"74":{"name":"(anonymous_74)","line":526,"loc":{"start":{"line":526,"column":15},"end":{"line":526,"column":44}}},"75":{"name":"returnUndefined","line":530,"loc":{"start":{"line":530,"column":2},"end":{"line":530,"column":29}}},"76":{"name":"(anonymous_76)","line":534,"loc":{"start":{"line":534,"column":18},"end":{"line":534,"column":47}}},"77":{"name":"(anonymous_77)","line":540,"loc":{"start":{"line":540,"column":11},"end":{"line":540,"column":29}}},"78":{"name":"(anonymous_78)","line":545,"loc":{"start":{"line":545,"column":19},"end":{"line":545,"column":52}}},"79":{"name":"(anonymous_79)","line":563,"loc":{"start":{"line":563,"column":18},"end":{"line":563,"column":35}}},"80":{"name":"(anonymous_80)","line":567,"loc":{"start":{"line":567,"column":18},"end":{"line":567,"column":60}}},"81":{"name":"(anonymous_81)","line":584,"loc":{"start":{"line":584,"column":17},"end":{"line":584,"column":51}}},"82":{"name":"(anonymous_82)","line":588,"loc":{"start":{"line":588,"column":15},"end":{"line":588,"column":36}}},"83":{"name":"(anonymous_83)","line":591,"loc":{"start":{"line":591,"column":14},"end":{"line":591,"column":35}}},"84":{"name":"(anonymous_84)","line":595,"loc":{"start":{"line":595,"column":16},"end":{"line":595,"column":47}}},"85":{"name":"(anonymous_85)","line":597,"loc":{"start":{"line":597,"column":11},"end":{"line":597,"column":29}}},"86":{"name":"(anonymous_86)","line":606,"loc":{"start":{"line":606,"column":15},"end":{"line":606,"column":46}}},"87":{"name":"(anonymous_87)","line":611,"loc":{"start":{"line":611,"column":18},"end":{"line":611,"column":30}}},"88":{"name":"zeroPad","line":612,"loc":{"start":{"line":612,"column":4},"end":{"line":612,"column":40}}},"89":{"name":"(anonymous_89)","line":616,"loc":{"start":{"line":616,"column":11},"end":{"line":616,"column":29}}},"90":{"name":"(anonymous_90)","line":635,"loc":{"start":{"line":635,"column":16},"end":{"line":635,"column":28}}},"91":{"name":"(anonymous_91)","line":639,"loc":{"start":{"line":639,"column":19},"end":{"line":639,"column":31}}},"92":{"name":"(anonymous_92)","line":643,"loc":{"start":{"line":643,"column":11},"end":{"line":643,"column":27}}},"93":{"name":"(anonymous_93)","line":654,"loc":{"start":{"line":654,"column":13},"end":{"line":654,"column":39}}},"94":{"name":"(anonymous_94)","line":664,"loc":{"start":{"line":664,"column":17},"end":{"line":664,"column":41}}},"95":{"name":"(anonymous_95)","line":668,"loc":{"start":{"line":668,"column":16},"end":{"line":668,"column":28}}},"96":{"name":"(anonymous_96)","line":673,"loc":{"start":{"line":673,"column":11},"end":{"line":673,"column":28}}},"97":{"name":"(anonymous_97)","line":681,"loc":{"start":{"line":681,"column":14},"end":{"line":681,"column":39}}},"98":{"name":"(anonymous_98)","line":685,"loc":{"start":{"line":685,"column":16},"end":{"line":685,"column":38}}},"99":{"name":"(anonymous_99)","line":692,"loc":{"start":{"line":692,"column":11},"end":{"line":692,"column":29}}},"100":{"name":"(anonymous_100)","line":696,"loc":{"start":{"line":696,"column":15},"end":{"line":696,"column":37}}},"101":{"name":"(anonymous_101)","line":701,"loc":{"start":{"line":701,"column":11},"end":{"line":701,"column":23}}},"102":{"name":"(anonymous_102)","line":707,"loc":{"start":{"line":707,"column":5},"end":{"line":707,"column":17}}},"103":{"name":"(anonymous_103)","line":709,"loc":{"start":{"line":709,"column":26},"end":{"line":709,"column":38}}}},"statementMap":{"1":{"start":{"line":2,"column":0},"end":{"line":716,"column":9}},"2":{"start":{"line":5,"column":2},"end":{"line":5,"column":28}},"3":{"start":{"line":7,"column":2},"end":{"line":17,"column":15}},"4":{"start":{"line":9,"column":6},"end":{"line":9,"column":35}},"5":{"start":{"line":10,"column":6},"end":{"line":10,"column":26}},"6":{"start":{"line":11,"column":6},"end":{"line":11,"column":35}},"7":{"start":{"line":12,"column":6},"end":{"line":12,"column":26}},"8":{"start":{"line":15,"column":6},"end":{"line":15,"column":65}},"9":{"start":{"line":19,"column":2},"end":{"line":32,"column":7}},"10":{"start":{"line":21,"column":6},"end":{"line":21,"column":25}},"11":{"start":{"line":23,"column":6},"end":{"line":23,"column":22}},"12":{"start":{"line":24,"column":6},"end":{"line":30,"column":7}},"13":{"start":{"line":25,"column":8},"end":{"line":27,"column":9}},"14":{"start":{"line":26,"column":10},"end":{"line":26,"column":28}},"15":{"start":{"line":28,"column":8},"end":{"line":28,"column":20}},"16":{"start":{"line":29,"column":8},"end":{"line":29,"column":27}},"17":{"start":{"line":31,"column":6},"end":{"line":31,"column":20}},"18":{"start":{"line":34,"column":2},"end":{"line":45,"column":3}},"19":{"start":{"line":35,"column":4},"end":{"line":37,"column":5}},"20":{"start":{"line":36,"column":6},"end":{"line":36,"column":32}},"21":{"start":{"line":39,"column":4},"end":{"line":43,"column":5}},"22":{"start":{"line":40,"column":6},"end":{"line":40,"column":41}},"23":{"start":{"line":41,"column":11},"end":{"line":43,"column":5}},"24":{"start":{"line":42,"column":6},"end":{"line":42,"column":84}},"25":{"start":{"line":44,"column":4},"end":{"line":44,"column":25}},"26":{"start":{"line":46,"column":2},"end":{"line":46,"column":31}},"27":{"start":{"line":48,"column":2},"end":{"line":184,"column":4}},"28":{"start":{"line":50,"column":6},"end":{"line":50,"column":47}},"29":{"start":{"line":54,"column":6},"end":{"line":71,"column":7}},"30":{"start":{"line":55,"column":8},"end":{"line":55,"column":18}},"31":{"start":{"line":56,"column":8},"end":{"line":56,"column":20}},"32":{"start":{"line":57,"column":8},"end":{"line":61,"column":9}},"33":{"start":{"line":59,"column":10},"end":{"line":59,"column":74}},"34":{"start":{"line":60,"column":10},"end":{"line":60,"column":87}},"35":{"start":{"line":63,"column":8},"end":{"line":67,"column":9}},"36":{"start":{"line":65,"column":10},"end":{"line":65,"column":74}},"37":{"start":{"line":66,"column":10},"end":{"line":66,"column":87}},"38":{"start":{"line":69,"column":8},"end":{"line":69,"column":64}},"39":{"start":{"line":70,"column":8},"end":{"line":70,"column":77}},"40":{"start":{"line":73,"column":6},"end":{"line":78,"column":7}},"41":{"start":{"line":74,"column":8},"end":{"line":74,"column":30}},"42":{"start":{"line":75,"column":8},"end":{"line":75,"column":43}},"43":{"start":{"line":76,"column":8},"end":{"line":76,"column":44}},"44":{"start":{"line":77,"column":8},"end":{"line":77,"column":38}},"45":{"start":{"line":80,"column":6},"end":{"line":109,"column":7}},"46":{"start":{"line":81,"column":8},"end":{"line":81,"column":18}},"47":{"start":{"line":82,"column":8},"end":{"line":82,"column":18}},"48":{"start":{"line":83,"column":8},"end":{"line":83,"column":41}},"49":{"start":{"line":84,"column":8},"end":{"line":84,"column":48}},"50":{"start":{"line":85,"column":8},"end":{"line":85,"column":35}},"51":{"start":{"line":86,"column":8},"end":{"line":98,"column":9}},"52":{"start":{"line":88,"column":10},"end":{"line":88,"column":126}},"53":{"start":{"line":89,"column":10},"end":{"line":89,"column":26}},"54":{"start":{"line":90,"column":10},"end":{"line":90,"column":14}},"55":{"start":{"line":91,"column":10},"end":{"line":94,"column":11}},"56":{"start":{"line":92,"column":12},"end":{"line":92,"column":32}},"57":{"start":{"line":93,"column":12},"end":{"line":93,"column":18}},"58":{"start":{"line":95,"column":10},"end":{"line":97,"column":11}},"59":{"start":{"line":96,"column":12},"end":{"line":96,"column":18}},"60":{"start":{"line":99,"column":8},"end":{"line":107,"column":9}},"61":{"start":{"line":101,"column":10},"end":{"line":101,"column":102}},"62":{"start":{"line":102,"column":10},"end":{"line":102,"column":26}},"63":{"start":{"line":103,"column":10},"end":{"line":106,"column":11}},"64":{"start":{"line":104,"column":12},"end":{"line":104,"column":32}},"65":{"start":{"line":105,"column":12},"end":{"line":105,"column":18}},"66":{"start":{"line":108,"column":8},"end":{"line":108,"column":29}},"67":{"start":{"line":111,"column":6},"end":{"line":164,"column":7}},"68":{"start":{"line":112,"column":8},"end":{"line":112,"column":39}},"69":{"start":{"line":113,"column":8},"end":{"line":113,"column":22}},"70":{"start":{"line":114,"column":8},"end":{"line":114,"column":21}},"71":{"start":{"line":116,"column":8},"end":{"line":126,"column":9}},"72":{"start":{"line":117,"column":10},"end":{"line":120,"column":11}},"73":{"start":{"line":118,"column":12},"end":{"line":118,"column":30}},"74":{"start":{"line":119,"column":12},"end":{"line":119,"column":22}},"75":{"start":{"line":122,"column":10},"end":{"line":122,"column":34}},"76":{"start":{"line":123,"column":10},"end":{"line":123,"column":34}},"77":{"start":{"line":124,"column":10},"end":{"line":124,"column":20}},"78":{"start":{"line":125,"column":10},"end":{"line":125,"column":35}},"79":{"start":{"line":127,"column":8},"end":{"line":129,"column":10}},"80":{"start":{"line":128,"column":10},"end":{"line":128,"column":22}},"81":{"start":{"line":130,"column":8},"end":{"line":143,"column":10}},"82":{"start":{"line":131,"column":10},"end":{"line":131,"column":24}},"83":{"start":{"line":132,"column":10},"end":{"line":135,"column":11}},"84":{"start":{"line":133,"column":12},"end":{"line":133,"column":30}},"85":{"start":{"line":134,"column":12},"end":{"line":134,"column":22}},"86":{"start":{"line":136,"column":10},"end":{"line":140,"column":11}},"87":{"start":{"line":137,"column":12},"end":{"line":137,"column":33}},"88":{"start":{"line":138,"column":12},"end":{"line":138,"column":30}},"89":{"start":{"line":139,"column":12},"end":{"line":139,"column":22}},"90":{"start":{"line":141,"column":10},"end":{"line":141,"column":38}},"91":{"start":{"line":142,"column":10},"end":{"line":142,"column":22}},"92":{"start":{"line":144,"column":8},"end":{"line":154,"column":10}},"93":{"start":{"line":145,"column":10},"end":{"line":145,"column":27}},"94":{"start":{"line":146,"column":10},"end":{"line":146,"column":43}},"95":{"start":{"line":148,"column":10},"end":{"line":150,"column":11}},"96":{"start":{"line":149,"column":12},"end":{"line":149,"column":92}},"97":{"start":{"line":151,"column":10},"end":{"line":151,"column":22}},"98":{"start":{"line":152,"column":10},"end":{"line":152,"column":19}},"99":{"start":{"line":153,"column":10},"end":{"line":153,"column":22}},"100":{"start":{"line":155,"column":8},"end":{"line":159,"column":10}},"101":{"start":{"line":156,"column":10},"end":{"line":156,"column":32}},"102":{"start":{"line":157,"column":10},"end":{"line":157,"column":38}},"103":{"start":{"line":158,"column":10},"end":{"line":158,"column":22}},"104":{"start":{"line":160,"column":8},"end":{"line":162,"column":10}},"105":{"start":{"line":161,"column":10},"end":{"line":161,"column":67}},"106":{"start":{"line":163,"column":8},"end":{"line":163,"column":20}},"107":{"start":{"line":166,"column":6},"end":{"line":166,"column":21}},"108":{"start":{"line":169,"column":6},"end":{"line":169,"column":22}},"109":{"start":{"line":170,"column":6},"end":{"line":170,"column":22}},"110":{"start":{"line":172,"column":6},"end":{"line":182,"column":8}},"111":{"start":{"line":173,"column":8},"end":{"line":179,"column":9}},"112":{"start":{"line":174,"column":10},"end":{"line":176,"column":11}},"113":{"start":{"line":175,"column":12},"end":{"line":175,"column":39}},"114":{"start":{"line":177,"column":10},"end":{"line":177,"column":39}},"115":{"start":{"line":178,"column":10},"end":{"line":178,"column":20}},"116":{"start":{"line":181,"column":8},"end":{"line":181,"column":33}},"117":{"start":{"line":186,"column":2},"end":{"line":194,"column":4}},"118":{"start":{"line":187,"column":4},"end":{"line":187,"column":19}},"119":{"start":{"line":188,"column":4},"end":{"line":188,"column":43}},"120":{"start":{"line":189,"column":4},"end":{"line":191,"column":5}},"121":{"start":{"line":190,"column":6},"end":{"line":190,"column":30}},"122":{"start":{"line":192,"column":4},"end":{"line":192,"column":41}},"123":{"start":{"line":193,"column":4},"end":{"line":193,"column":17}},"124":{"start":{"line":196,"column":2},"end":{"line":200,"column":3}},"125":{"start":{"line":197,"column":4},"end":{"line":199,"column":6}},"126":{"start":{"line":198,"column":6},"end":{"line":198,"column":19}},"127":{"start":{"line":203,"column":2},"end":{"line":205,"column":4}},"128":{"start":{"line":204,"column":4},"end":{"line":204,"column":24}},"129":{"start":{"line":206,"column":2},"end":{"line":208,"column":4}},"130":{"start":{"line":207,"column":4},"end":{"line":207,"column":37}},"131":{"start":{"line":211,"column":2},"end":{"line":213,"column":4}},"132":{"start":{"line":212,"column":4},"end":{"line":212,"column":26}},"133":{"start":{"line":214,"column":2},"end":{"line":216,"column":4}},"134":{"start":{"line":215,"column":4},"end":{"line":215,"column":38}},"135":{"start":{"line":219,"column":2},"end":{"line":223,"column":4}},"136":{"start":{"line":220,"column":4},"end":{"line":220,"column":35}},"137":{"start":{"line":221,"column":4},"end":{"line":221,"column":29}},"138":{"start":{"line":222,"column":4},"end":{"line":222,"column":38}},"139":{"start":{"line":224,"column":2},"end":{"line":226,"column":4}},"140":{"start":{"line":225,"column":4},"end":{"line":225,"column":38}},"141":{"start":{"line":229,"column":2},"end":{"line":241,"column":4}},"142":{"start":{"line":230,"column":4},"end":{"line":240,"column":5}},"143":{"start":{"line":231,"column":6},"end":{"line":231,"column":30}},"144":{"start":{"line":232,"column":6},"end":{"line":239,"column":7}},"145":{"start":{"line":233,"column":8},"end":{"line":235,"column":9}},"146":{"start":{"line":234,"column":10},"end":{"line":234,"column":34}},"147":{"start":{"line":237,"column":8},"end":{"line":237,"column":33}},"148":{"start":{"line":238,"column":8},"end":{"line":238,"column":55}},"149":{"start":{"line":242,"column":2},"end":{"line":244,"column":4}},"150":{"start":{"line":243,"column":4},"end":{"line":243,"column":42}},"151":{"start":{"line":247,"column":2},"end":{"line":251,"column":4}},"152":{"start":{"line":248,"column":4},"end":{"line":248,"column":28}},"153":{"start":{"line":249,"column":4},"end":{"line":249,"column":29}},"154":{"start":{"line":250,"column":4},"end":{"line":250,"column":95}},"155":{"start":{"line":252,"column":2},"end":{"line":254,"column":4}},"156":{"start":{"line":253,"column":4},"end":{"line":253,"column":37}},"157":{"start":{"line":257,"column":2},"end":{"line":269,"column":4}},"158":{"start":{"line":258,"column":4},"end":{"line":268,"column":5}},"159":{"start":{"line":259,"column":6},"end":{"line":259,"column":30}},"160":{"start":{"line":260,"column":6},"end":{"line":267,"column":7}},"161":{"start":{"line":261,"column":8},"end":{"line":263,"column":9}},"162":{"start":{"line":262,"column":10},"end":{"line":262,"column":34}},"163":{"start":{"line":265,"column":8},"end":{"line":265,"column":33}},"164":{"start":{"line":266,"column":8},"end":{"line":266,"column":99}},"165":{"start":{"line":270,"column":2},"end":{"line":272,"column":4}},"166":{"start":{"line":271,"column":4},"end":{"line":271,"column":41}},"167":{"start":{"line":274,"column":2},"end":{"line":282,"column":3}},"168":{"start":{"line":275,"column":4},"end":{"line":281,"column":5}},"169":{"start":{"line":276,"column":6},"end":{"line":276,"column":22}},"170":{"start":{"line":278,"column":6},"end":{"line":280,"column":8}},"171":{"start":{"line":279,"column":8},"end":{"line":279,"column":41}},"172":{"start":{"line":284,"column":2},"end":{"line":401,"column":7}},"173":{"start":{"line":285,"column":4},"end":{"line":287,"column":5}},"174":{"start":{"line":286,"column":6},"end":{"line":286,"column":41}},"175":{"start":{"line":289,"column":4},"end":{"line":293,"column":5}},"176":{"start":{"line":290,"column":6},"end":{"line":292,"column":8}},"177":{"start":{"line":291,"column":8},"end":{"line":291,"column":34}},"178":{"start":{"line":295,"column":4},"end":{"line":305,"column":5}},"179":{"start":{"line":296,"column":6},"end":{"line":296,"column":36}},"180":{"start":{"line":297,"column":6},"end":{"line":297,"column":76}},"181":{"start":{"line":298,"column":6},"end":{"line":304,"column":8}},"182":{"start":{"line":299,"column":8},"end":{"line":299,"column":22}},"183":{"start":{"line":300,"column":8},"end":{"line":302,"column":35}},"184":{"start":{"line":301,"column":10},"end":{"line":301,"column":33}},"185":{"start":{"line":303,"column":8},"end":{"line":303,"column":37}},"186":{"start":{"line":307,"column":4},"end":{"line":313,"column":5}},"187":{"start":{"line":308,"column":6},"end":{"line":312,"column":7}},"188":{"start":{"line":309,"column":8},"end":{"line":309,"column":30}},"189":{"start":{"line":311,"column":8},"end":{"line":311,"column":50}},"190":{"start":{"line":315,"column":4},"end":{"line":317,"column":5}},"191":{"start":{"line":316,"column":6},"end":{"line":316,"column":31}},"192":{"start":{"line":319,"column":4},"end":{"line":325,"column":5}},"193":{"start":{"line":320,"column":6},"end":{"line":324,"column":8}},"194":{"start":{"line":321,"column":8},"end":{"line":321,"column":38}},"195":{"start":{"line":322,"column":8},"end":{"line":322,"column":33}},"196":{"start":{"line":323,"column":8},"end":{"line":323,"column":42}},"197":{"start":{"line":327,"column":4},"end":{"line":338,"column":5}},"198":{"start":{"line":328,"column":6},"end":{"line":328,"column":81}},"199":{"start":{"line":329,"column":6},"end":{"line":337,"column":8}},"200
[...]
urn function () {","        if (index >= 128) {","          if (data === null) {","            data = new Int32Array(128);","          }","          crypto.getRandomValues(data);","          index = 0;","        }","","        return data[index++] | 0;","      };","    }()) : null","  };","","  Random.generateEntropyArray = function () {","    var array = [];","    var engine = Random.engines.nativeMath;","    for (var i = 0; i < 16; ++i) {","      array[i] = engine() | 0;","    }","    array.push(new Date().getTime() | 0);","    return array;","  };","","  function returnValue(value) {","    return function () {","      return value;","    };","  }","","  // [-0x80000000, 0x7fffffff]","  Random.int32 = function (engine) {","    return engine() | 0;","  };","  proto.int32 = function () {","    return Random.int32(this.engine);","  };","","  // [0, 0xffffffff]","  Random.uint32 = function (engine) {","    return engine() >>> 0;","  };","  proto.uint32 = function () {","    return Random.uint32(this.engine);","  };","","  // [0, 0x1fffffffffffff]","  Random.uint53 = function (engine) {","    var high = engine() & 0x1fffff;","    var low = engine() >>> 0;","    return (high * 0x100000000) + low;","  };","  proto.uint53 = function () {","    return Random.uint53(this.engine);","  };","","  // [0, 0x20000000000000]","  Random.uint53Full = function (engine) {","    while (true) {","      var high = engine() | 0;","      if (high & 0x200000) {","        if ((high & 0x3fffff) === 0x200000 && (engine() | 0) === 0) {","          return 0x20000000000000;","        }","      } else {","        var low = engine() >>> 0;","        return ((high & 0x1fffff) * 0x100000000) + low;","      }","    }","  };","  proto.uint53Full = function () {","    return Random.uint53Full(this.engine);","  };","","  // [-0x20000000000000, 0x1fffffffffffff]","  Random.int53 = function (engine) {","    var high = engine() | 0;","    var low = engine() >>> 0;","    return ((high & 0x1fffff) * 0x100000000) + low + (high & 0x200000 ? -0x20000000000000 : 0);","  };","  proto.int53 = function () {","    return Random.int53(this.engine);","  };","","  // [-0x20000000000000, 0x20000000000000]","  Random.int53Full = function (engine) {","    while (true) {","      var high = engine() | 0;","      if (high & 0x400000) {","        if ((high & 0x7fffff) === 0x400000 && (engine() | 0) === 0) {","          return 0x20000000000000;","        }","      } else {","        var low = engine() >>> 0;","        return ((high & 0x1fffff) * 0x100000000) + low + (high & 0x200000 ? -0x20000000000000 : 0);","      }","    }","  };","  proto.int53Full = function () {","    return Random.int53Full(this.engine);","  };","","  function add(generate, addend) {","    if (addend === 0) {","      return generate;","    } else {","      return function (engine) {","        return generate(engine) + addend;","      };","    }","  }","","  Random.integer = (function () {","    function isPowerOfTwoMinusOne(value) {","      return ((value + 1) & value) === 0;","    }","","    function bitmask(masking) {","      return function (engine) {","        return engine() & masking;","      };","    }","","    function downscaleToLoopCheckedRange(range) {","      var extendedRange = range + 1;","      var maximum = extendedRange * Math.floor(0x100000000 / extendedRange);","      return function (engine) {","        var value = 0;","        do {","          value = engine() >>> 0;","        } while (value >= maximum);","        return value % extendedRange;","      };","    }","","    function downscaleToRange(range) {","      if (isPowerOfTwoMinusOne(range)) {","        return bitmask(range);","      } else {","        return downscaleToLoopCheckedRange(range);","      }","    }","","    function isEvenlyDivisibleByMaxInt32(value) {","      return (value | 0) === 0;","    }","","    function upscaleWithHighMasking(masking) {","      return function (engine) {","        var high = engine() & masking;","        var low = engine() >>> 0;","        return (high * 0x100000000) + low;","      };","    }","","    function upscaleToLoopCheckedRange(extendedRange) {","      var maximum = extendedRange * Math.floor(0x20000000000000 / extendedRange);","      return function (engine) {","        var ret = 0;","        do {","          var high = engine() & 0x1fffff;","          var low = engine() >>> 0;","          ret = (high * 0x100000000) + low;","        } while (ret >= maximum);","        return ret % extendedRange;","      };","    }","","    function upscaleWithinU53(range) {","      var extendedRange = range + 1;","      if (isEvenlyDivisibleByMaxInt32(extendedRange)) {","        var highRange = ((extendedRange / 0x100000000) | 0) - 1;","        if (isPowerOfTwoMinusOne(highRange)) {","          return upscaleWithHighMasking(highRange);","        }","      }","      return upscaleToLoopCheckedRange(extendedRange);","    }","","    function upscaleWithinI53AndLoopCheck(min, max) {","      return function (engine) {","        var ret = 0;","        do {","          var high = engine() | 0;","          var low = engine() >>> 0;","          ret = ((high & 0x1fffff) * 0x100000000) + low + (high & 0x200000 ? -0x20000000000000 : 0);","        } while (ret < min || ret > max);","        return ret;","      };","    }","","    return function (min, max) {","      min = Math.floor(min);","      max = Math.floor(max);","      if (min < -0x20000000000000 || !isFinite(min)) {","        throw new RangeError(\"Expected min to be at least \" + (-0x20000000000000));","      } else if (max > 0x20000000000000 || !isFinite(max)) {","        throw new RangeError(\"Expected max to be at most \" + 0x20000000000000);","      }","","      var range = max - min;","      if (range <= 0 || !isFinite(range)) {","        return returnValue(min);","      } else if (range === 0xffffffff) {","        if (min === 0) {","          return Random.uint32;","        } else {","          return add(Random.int32, min + 0x80000000);","        }","      } else if (range < 0xffffffff) {","        return add(downscaleToRange(range), min);","      } else if (range === 0x1fffffffffffff) {","        return add(Random.uint53, min);","      } else if (range < 0x1fffffffffffff) {","        return add(upscaleWithinU53(range), min);","      } else if (max - 1 - min === 0x1fffffffffffff) {","        return add(Random.uint53Full, min);","      } else if (min === -0x20000000000000 && max === 0x20000000000000) {","        return Random.int53Full;","      } else if (min === -0x20000000000000 && max === 0x1fffffffffffff) {","        return Random.int53;","      } else if (min === -0x1fffffffffffff && max === 0x20000000000000) {","        return add(Random.int53, 1);","      } else if (max === 0x20000000000000) {","        return add(upscaleWithinI53AndLoopCheck(min - 1, max - 1), 1);","      } else {","        return upscaleWithinI53AndLoopCheck(min, max);","      }","    };","  }());","  proto.integer = function (min, max) {","    return Random.integer(min, max)(this.engine);","  };","","  // [0, 1] (floating point)","  Random.realZeroToOneInclusive = function (engine) {","    return Random.uint53Full(engine) / 0x20000000000000;","  };","  proto.realZeroToOneInclusive = function () {","    return Random.realZeroToOneInclusive(this.engine);","  };","","  // [0, 1) (floating point)","  Random.realZeroToOneExclusive = function (engine) {","    return Random.uint53(engine) / 0x20000000000000;","  };","  proto.realZeroToOneExclusive = function () {","    return Random.realZeroToOneExclusive(this.engine);","  };","","  Random.real = (function () {","    function multiply(generate, multiplier) {","      if (multiplier === 1) {","        return generate;","      } else if (multiplier === 0) {","        return function () {","          return 0;","        };","      } else {","        return function (engine) {","          return generate(engine) * multiplier;","        };","      }","    }","","    return function (left, right, inclusive) {","      if (!isFinite(left)) {","        throw new RangeError(\"Expected left to be a finite number\");","      } else if (!isFinite(right)) {","        throw new RangeError(\"Expected right to be a finite number\");","      }","      return add(","        multiply(","          inclusive ? Random.realZeroToOneInclusive : Random.realZeroToOneExclusive,","          right - left),","        left);","    };","  }());","  proto.real = function (min, max, inclusive) {","    return Random.real(min, max, inclusive)(this.engine);","  };","","  Random.bool = (function () {","    function isLeastBitTrue(engine) {","      return (engine() & 1) === 1;","    }","","    function lessThan(generate, value) {","      return function (engine) {","        return generate(engine) < value;","      };","    }","","    function probability(percentage) {","      if (percentage <= 0) {","        return returnValue(false);","      } else if (percentage >= 1) {","        return returnValue(true);","      } else {","        var scaled = percentage * 0x100000000;","        if (scaled % 1 === 0) {","          return lessThan(Random.int32, (scaled - 0x80000000) | 0);","        } else {","          return lessThan(Random.uint53, Math.round(percentage * 0x20000000000000));","        }","      }","    }","","    return function (numerator, denominator) {","      if (denominator == null) {","        if (numerator == null) {","          return isLeastBitTrue;","        }","        return probability(numerator);","      } else {","        if (numerator <= 0) {","          return returnValue(false);","        } else if (numerator >= denominator) {","          return returnValue(true);","        }","        return lessThan(Random.integer(0, denominator - 1), numerator);","      }","    };","  }());","  proto.bool = function (numerator, denominator) {","    return Random.bool(numerator, denominator)(this.engine);","  };","","  function toInteger(value) {","    var number = +value;","    if (number < 0) {","      return Math.ceil(number);","    } else {","      return Math.floor(number);","    }","  }","","  function convertSliceArgument(value, length) {","    if (value < 0) {","      return Math.max(value + length, 0);","    } else {","      return Math.min(value, length);","    }","  }","  Random.pick = function (engine, array, begin, end) {","    var length = array.length;","    var start = begin == null ? 0 : convertSliceArgument(toInteger(begin), length);","    var finish = end === void 0 ? length : convertSliceArgument(toInteger(end), length);","    if (start >= finish) {","      return void 0;","    }","    var distribution = Random.integer(start, finish - 1);","    return array[distribution(engine)];","  };","  proto.pick = function (array, begin, end) {","    return Random.pick(this.engine, array, begin, end);","  };","","  function returnUndefined() {","    return void 0;","  }","  var slice = Array.prototype.slice;","  Random.picker = function (array, begin, end) {","    var clone = slice.call(array, begin, end);","    if (!clone.length) {","      return returnUndefined;","    }","    var distribution = Random.integer(0, clone.length - 1);","    return function (engine) {","      return clone[distribution(engine)];","    };","  };","","  Random.shuffle = function (engine, array, downTo) {","    var length = array.length;","    if (length) {","      if (downTo == null) {","        downTo = 0;","      }","      for (var i = (length - 1) >>> 0; i > downTo; --i) {","        var distribution = Random.integer(0, i);","        var j = distribution(engine);","        if (i !== j) {","          var tmp = array[i];","          array[i] = array[j];","          array[j] = tmp;","        }","      }","    }","    return array;","  };","  proto.shuffle = function (array) {","    return Random.shuffle(this.engine, array);","  };","","  Random.sample = function (engine, population, sampleSize) {","    if (sampleSize < 0 || sampleSize > population.length || !isFinite(sampleSize)) {","      throw new RangeError(\"Expected sampleSize to be within 0 and the length of the population\");","    }","","    if (sampleSize === 0) {","      return [];","    }","","    var clone = slice.call(population);","    var length = clone.length;","    if (length === sampleSize) {","      return Random.shuffle(engine, clone, 0);","    }","    var tailLength = length - sampleSize;","    return Random.shuffle(engine, clone, tailLength - 1).slice(tailLength);","  };","  proto.sample = function (population, sampleSize) {","    return Random.sample(this.engine, population, sampleSize);","  };","","  Random.die = function (sideCount) {","    return Random.integer(1, sideCount);","  };","  proto.die = function (sideCount) {","    return Random.die(sideCount)(this.engine);","  };","","  Random.dice = function (sideCount, dieCount) {","    var distribution = Random.die(sideCount);","    return function (engine) {","      var result = [];","      result.length = dieCount;","      for (var i = 0; i < dieCount; ++i) {","        result[i] = distribution(engine);","      }","      return result;","    };","  };","  proto.dice = function (sideCount, dieCount) {","    return Random.dice(sideCount, dieCount)(this.engine);","  };","","  // http://en.wikipedia.org/wiki/Universally_unique_identifier","  Random.uuid4 = (function () {","    function zeroPad(string, zeroCount) {","      return stringRepeat(\"0\", zeroCount - string.length) + string;","    }","","    return function (engine) {","      var a = engine() >>> 0;","      var b = engine() | 0;","      var c = engine() | 0;","      var d = engine() >>> 0;","","      return (","        zeroPad(a.toString(16), 8) +","        \"-\" +","        zeroPad((b & 0xffff).toString(16), 4) +","        \"-\" +","        zeroPad((((b >> 4) & 0x0fff) | 0x4000).toString(16), 4) +","        \"-\" +","        zeroPad(((c & 0x3fff) | 0x8000).toString(16), 4) +","        \"-\" +","        zeroPad(((c >> 4) & 0xffff).toString(16), 4) +","        zeroPad(d.toString(16), 8));","    };","  }());","  proto.uuid4 = function () {","    return Random.uuid4(this.engine);","  };","","  Random.string = (function () {","    // has 2**x chars, for faster uniform distribution","    var DEFAULT_STRING_POOL = \"abcdefghijklmnopqrstuvwxyzABCDEFGHIJKLMNOPQRSTUVWXYZ0123456789_-\";","","    return function (pool) {","      if (pool == null) {","        pool = DEFAULT_STRING_POOL;","      }","","      var length = pool.length;","      if (!length) {","        throw new Error(\"Expected pool not to be an empty string\");","      }","","      var distribution = Random.integer(0, length - 1);","      return function (engine, length) {","        var result = \"\";","        for (var i = 0; i < length; ++i) {","          var j = distribution(engine);","          result += pool.charAt(j);","        }","        return result;","      };","    };","  }());","  proto.string = function (length, pool) {","    return Random.string(pool)(this.engine, length);","  };","","  Random.hex = (function () {","    var LOWER_HEX_POOL = \"0123456789abcdef\";","    var lowerHex = Random.string(LOWER_HEX_POOL);","    var upperHex = Random.string(LOWER_HEX_POOL.toUpperCase());","","    return function (upper) {","      if (upper) {","        return upperHex;","      } else {","        return lowerHex;","      }","    };","  }());","  proto.hex = function (length, upper) {","    return Random.hex(upper)(this.engine, length);","  };","","  Random.date = function (start, end) {","    if (!(start instanceof Date)) {","      throw new TypeError(\"Expected start to be a Date, got \" + typeof start);","    } else if (!(end instanceof Date)) {","      throw new TypeError(\"Expected end to be a Date, got \" + typeof end);","    }","    var distribution = Random.integer(start.getTime(), end.getTime());","    return function (engine) {","      return new Date(distribution(engine));","    };","  };","  proto.date = function (start, end) {","    return Random.date(start, end)(this.engine);","  };","","  if (typeof define === \"function\" && define.amd) {","    define(function () {","      return Random;","    });","  } else if (typeof module !== \"undefined\" && typeof require === \"function\") {","    module.exports = Random;","  } else {","    (function () {","      var oldGlobal = root[GLOBAL_KEY];","      Random.noConflict = function () {","        root[GLOBAL_KEY] = oldGlobal;","        return this;","      };","    }());","    root[GLOBAL_KEY] = Random;","  }","}(this));"],"l":{"2":1,"5":1,"7":1,"9":0,"10":0,"11":0,"12":0,"15":0,"19":1,"21":0,"23":0,"24":0,"25":0,"26":0,"28":0,"29":0,"31":0,"34":1,"35":0,"36":0,"39":0,"40":0,"41":0,"42":0,"44":0,"46":1,"48":1,"50":0,"54":1,"55":0,"56":0,"57":0,"59":0,"60":0,"63":0,"65":0,"66":0,"69":0,"70":0,"73":1,"74":0,"75":0,"76":0,"77":0,"80":1,"81":0,"82":0,"83":0,"84":0,"85":0,"86":0,"88":0,"89":0,"90":0,"91":0,"92":0,"93":0,"95":0,"96":0,"99":0,"101":0,"102":0,"103":0,"104":0,"105":0,"108":0,"111":1,"112":0,"113":0,"114":0,"116":1,"117":0,"118":0,"119":0,"122":0,"123":0,"124":0,"125":0,"127":0,"128":0,"130":0,"131":0,"132":0,"133":0,"134":0,"136":0,"137":0,"138":0,"139":0,"141":0,"142":0,"144":0,"145":0,"146":0,"148":0,"149":0,"151":0,"152":0,"153":0,"155":0,"156":0,"157":0,"158":0,"160":0,"161":0,"163":0,"166":1,"169":0,"170":0,"172":0,"173":0,"174":0,"175":0,"177":0,"178":0,"181":0,"186":1,"187":0,"188":0,"189":0,"190":0,"192":0,"193":0,"196":1,"197":0,"198":0,"203":1,"204":0,"206":1,"207":0,"211":1,"212":0,"214":1,"215":0,"219":1,"220":0,"221":0,"222":0,"224":1,"225":0,"229":1,"230":0,"231":0,"232":0,"233":0,"234":0,"237":0,"238":0,"242":1,"243":0,"247":1,"248":0,"249":0,"250":0,"252":1,"253":0,"257":1,"258":0,"259":0,"260":0,"261":0,"262":0,"265":0,"266":0,"270":1,"271":0,"274":1,"275":2,"276":2,"278":0,"279":0,"284":1,"285":1,"286":2,"289":1,"290":2,"291":0,"295":1,"296":0,"297":0,"298":0,"299":0,"300":0,"301":0,"303":0,"307":1,"308":2,"309":2,"311":0,"315":1,"316":0,"319":1,"320":0,"321":0,"322":0,"323":0,"327":1,"328":0,"329":0,"330":0,"331":0,"332":0,"333":0,"334":0,"336":0,"340":1,"341":0,"342":0,"343":0,"344":0,"345":0,"348":0,"351":1,"352":0,"353":0,"354":0,"355":0,"356":0,"357":0,"359":0,"363":1,"364":2,"365":2,"366":2,"367":0,"368":2,"369":0,"372":2,"373":2,"374":0,"375":2,"376":0,"377":0,"379":0,"381":2,"382":2,"383":0,"384":0,"385":0,"386":0,"387":0,"388":0,"389":0,"390":0,"391":0,"392":0,"393":0,"394":0,"395":0,"396":0,"398":0,"402":1,"403":0,"407":1,"408":0,"410":1,"411":0,"415":1,"416":0,"418":1,"419":0,"422":1,"423":1,"424":0,"425":0,"426":0,"427":0,"428":0,"431":0,"432":0,"437":1,"438":0,"439":0,"440":0,"441":0,"443":0,"450":1,"451":0,"454":1,"455":1,"456":0,"459":1,"460":0,"461":0,"465":1,"466":0,"467":0,"468":0,"469":0,"471":0,"472":0,"473":0,"475":0,"480":1,"481":0,"482":0,"483":0,"485":0,"487":0,"488":0,"489":0,"490":0,"492":0,"496":1,"497":0,"500":1,"501":0,"502":0,"503":0,"505":0,"509":1,"510":0,"511":0,"513":0,"516":1,"517":0,"518":0,"519":0,"520":0,"521":0,"523":0,"524":0,"526":1,"527":0,"530":1,"531":0,"533":1,"534":1,"535":0,"536":0,"537":0,"539":0,"540":0,"541":0,"545":1,"546":0,"547":0,"548":0,"549":0,"551":0,"552":0,"553":0,"554":0,"555":0,"556":0,"557":0,"561":0,"563":1,"564":0,"567":1,"568":0,"569":0,"572":0,"573":0,"576":0,"577":0,"578":0,"579":0,"581":0,"582":0,"584":1,"585":0,"588":1,"589":0,"591":1,"592":0,"595":1,"596":0,"597":0,"598":0,"599":0,"600":0,"601":0,"603":0,"606":1,"607":0,"611":1,"612":1,"613":0,"616":1,"617":0,"618":0,"619":0,"620":0,"622":0,"635":1,"636":0,"639":1,"641":1,"643":1,"644":2,"645":0,"648":2,"649":2,"650":0,"653":2,"654":2,"655":0,"656":0,"657":0,"658":0,"660":0,"664":1,"665":0,"668":1,"669":1,"670":1,"671":1,"673":1,"674":0,"675":0,"677":0,"681":1,"682":0,"685":1,"686":0,"687":0,"688":0,"689":0,"691":0,"692":0,"693":0,"696":1,"697":0,"700":1,"701":0,"702":0,"704":1,"705":1,"707":0,"708":0,"709":0,"710":0,"711":0,"714":0}}}